{"C:\\Users\\Trent\\autobrowsertest\\BrowserAgent\\src\\api\\RestAPIServer.js": {"path":"C:\\Users\\Trent\\autobrowsertest\\BrowserAgent\\src\\api\\RestAPIServer.js","statementMap":{"0":{"start":{"line":7,"column":16},"end":{"line":7,"column":34}},"1":{"start":{"line":8,"column":13},"end":{"line":8,"column":28}},"2":{"start":{"line":9,"column":15},"end":{"line":9,"column":32}},"3":{"start":{"line":10,"column":21},"end":{"line":10,"column":38}},"4":{"start":{"line":18,"column":8},"end":{"line":18,"column":16}},"5":{"start":{"line":20,"column":8},"end":{"line":27,"column":10}},"6":{"start":{"line":29,"column":8},"end":{"line":29,"column":29}},"7":{"start":{"line":30,"column":8},"end":{"line":30,"column":27}},"8":{"start":{"line":31,"column":8},"end":{"line":31,"column":32}},"9":{"start":{"line":32,"column":8},"end":{"line":32,"column":34}},"10":{"start":{"line":34,"column":8},"end":{"line":34,"column":31}},"11":{"start":{"line":35,"column":8},"end":{"line":35,"column":27}},"12":{"start":{"line":37,"column":8},"end":{"line":42,"column":10}},"13":{"start":{"line":51,"column":8},"end":{"line":51,"column":31}},"14":{"start":{"line":54,"column":8},"end":{"line":56,"column":9}},"15":{"start":{"line":55,"column":12},"end":{"line":55,"column":33}},"16":{"start":{"line":59,"column":8},"end":{"line":59,"column":54}},"17":{"start":{"line":60,"column":8},"end":{"line":60,"column":61}},"18":{"start":{"line":63,"column":8},"end":{"line":71,"column":11}},"19":{"start":{"line":64,"column":12},"end":{"line":64,"column":41}},"20":{"start":{"line":65,"column":12},"end":{"line":69,"column":15}},"21":{"start":{"line":70,"column":12},"end":{"line":70,"column":19}},"22":{"start":{"line":74,"column":8},"end":{"line":83,"column":9}},"23":{"start":{"line":75,"column":12},"end":{"line":82,"column":15}},"24":{"start":{"line":76,"column":30},"end":{"line":76,"column":70}},"25":{"start":{"line":77,"column":16},"end":{"line":81,"column":17}},"26":{"start":{"line":78,"column":20},"end":{"line":78,"column":27}},"27":{"start":{"line":80,"column":20},"end":{"line":80,"column":68}},"28":{"start":{"line":92,"column":8},"end":{"line":98,"column":11}},"29":{"start":{"line":93,"column":12},"end":{"line":97,"column":15}},"30":{"start":{"line":101,"column":8},"end":{"line":135,"column":11}},"31":{"start":{"line":102,"column":12},"end":{"line":134,"column":13}},"32":{"start":{"line":103,"column":53},"end":{"line":103,"column":61}},"33":{"start":{"line":105,"column":16},"end":{"line":109,"column":17}},"34":{"start":{"line":106,"column":20},"end":{"line":108,"column":23}},"35":{"start":{"line":111,"column":34},"end":{"line":111,"column":58}},"36":{"start":{"line":112,"column":30},"end":{"line":116,"column":18}},"37":{"start":{"line":118,"column":16},"end":{"line":123,"column":19}},"38":{"start":{"line":125,"column":16},"end":{"line":125,"column":43}},"39":{"start":{"line":126,"column":16},"end":{"line":126,"column":44}},"40":{"start":{"line":128,"column":16},"end":{"line":131,"column":19}},"41":{"start":{"line":133,"column":16},"end":{"line":133,"column":63}},"42":{"start":{"line":138,"column":8},"end":{"line":155,"column":11}},"43":{"start":{"line":139,"column":12},"end":{"line":154,"column":13}},"44":{"start":{"line":140,"column":38},"end":{"line":140,"column":48}},"45":{"start":{"line":141,"column":32},"end":{"line":141,"column":40}},"46":{"start":{"line":143,"column":32},"end":{"line":143,"column":60}},"47":{"start":{"line":144,"column":16},"end":{"line":146,"column":17}},"48":{"start":{"line":145,"column":20},"end":{"line":145,"column":80}},"49":{"start":{"line":148,"column":16},"end":{"line":148,"column":46}},"50":{"start":{"line":149,"column":16},"end":{"line":149,"column":50}},"51":{"start":{"line":151,"column":16},"end":{"line":151,"column":63}},"52":{"start":{"line":153,"column":16},"end":{"line":153,"column":63}},"53":{"start":{"line":158,"column":8},"end":{"line":175,"column":11}},"54":{"start":{"line":159,"column":12},"end":{"line":174,"column":13}},"55":{"start":{"line":160,"column":38},"end":{"line":160,"column":48}},"56":{"start":{"line":161,"column":44},"end":{"line":161,"column":52}},"57":{"start":{"line":163,"column":32},"end":{"line":163,"column":60}},"58":{"start":{"line":164,"column":16},"end":{"line":166,"column":17}},"59":{"start":{"line":165,"column":20},"end":{"line":165,"column":80}},"60":{"start":{"line":168,"column":31},"end":{"line":168,"column":71}},"61":{"start":{"line":169,"column":16},"end":{"line":169,"column":50}},"62":{"start":{"line":171,"column":16},"end":{"line":171,"column":37}},"63":{"start":{"line":173,"column":16},"end":{"line":173,"column":63}},"64":{"start":{"line":178,"column":8},"end":{"line":195,"column":11}},"65":{"start":{"line":179,"column":12},"end":{"line":194,"column":13}},"66":{"start":{"line":180,"column":38},"end":{"line":180,"column":48}},"67":{"start":{"line":181,"column":49},"end":{"line":181,"column":57}},"68":{"start":{"line":183,"column":32},"end":{"line":183,"column":60}},"69":{"start":{"line":184,"column":16},"end":{"line":186,"column":17}},"70":{"start":{"line":185,"column":20},"end":{"line":185,"column":80}},"71":{"start":{"line":188,"column":29},"end":{"line":188,"column":78}},"72":{"start":{"line":189,"column":16},"end":{"line":189,"column":50}},"73":{"start":{"line":191,"column":16},"end":{"line":191,"column":35}},"74":{"start":{"line":193,"column":16},"end":{"line":193,"column":63}},"75":{"start":{"line":198,"column":8},"end":{"line":215,"column":11}},"76":{"start":{"line":199,"column":12},"end":{"line":214,"column":13}},"77":{"start":{"line":200,"column":38},"end":{"line":200,"column":48}},"78":{"start":{"line":201,"column":40},"end":{"line":201,"column":48}},"79":{"start":{"line":203,"column":32},"end":{"line":203,"column":60}},"80":{"start":{"line":204,"column":16},"end":{"line":206,"column":17}},"81":{"start":{"line":205,"column":20},"end":{"line":205,"column":80}},"82":{"start":{"line":208,"column":36},"end":{"line":208,"column":76}},"83":{"start":{"line":209,"column":16},"end":{"line":209,"column":50}},"84":{"start":{"line":211,"column":16},"end":{"line":211,"column":42}},"85":{"start":{"line":213,"column":16},"end":{"line":213,"column":63}},"86":{"start":{"line":218,"column":8},"end":{"line":236,"column":11}},"87":{"start":{"line":219,"column":12},"end":{"line":235,"column":13}},"88":{"start":{"line":220,"column":38},"end":{"line":220,"column":48}},"89":{"start":{"line":222,"column":32},"end":{"line":222,"column":60}},"90":{"start":{"line":223,"column":16},"end":{"line":225,"column":17}},"91":{"start":{"line":224,"column":20},"end":{"line":224,"column":80}},"92":{"start":{"line":227,"column":16},"end":{"line":232,"column":19}},"93":{"start":{"line":234,"column":16},"end":{"line":234,"column":63}},"94":{"start":{"line":239,"column":8},"end":{"line":256,"column":11}},"95":{"start":{"line":240,"column":12},"end":{"line":255,"column":13}},"96":{"start":{"line":241,"column":38},"end":{"line":241,"column":48}},"97":{"start":{"line":243,"column":32},"end":{"line":243,"column":60}},"98":{"start":{"line":244,"column":16},"end":{"line":246,"column":17}},"99":{"start":{"line":245,"column":20},"end":{"line":245,"column":80}},"100":{"start":{"line":248,"column":16},"end":{"line":248,"column":44}},"101":{"start":{"line":249,"column":16},"end":{"line":249,"column":48}},"102":{"start":{"line":250,"column":16},"end":{"line":250,"column":44}},"103":{"start":{"line":252,"column":16},"end":{"line":252,"column":56}},"104":{"start":{"line":254,"column":16},"end":{"line":254,"column":63}},"105":{"start":{"line":259,"column":8},"end":{"line":267,"column":11}},"106":{"start":{"line":260,"column":29},"end":{"line":264,"column":15}},"107":{"start":{"line":260,"column":74},"end":{"line":264,"column":13}},"108":{"start":{"line":266,"column":12},"end":{"line":266,"column":35}},"109":{"start":{"line":270,"column":8},"end":{"line":272,"column":11}},"110":{"start":{"line":271,"column":12},"end":{"line":271,"column":38}},"111":{"start":{"line":280,"column":33},"end":{"line":280,"column":52}},"112":{"start":{"line":281,"column":22},"end":{"line":281,"column":47}},"113":{"start":{"line":282,"column":8},"end":{"line":282,"column":27}},"114":{"start":{"line":284,"column":8},"end":{"line":284,"column":42}},"115":{"start":{"line":285,"column":8},"end":{"line":285,"column":34}},"116":{"start":{"line":287,"column":8},"end":{"line":287,"column":21}},"117":{"start":{"line":295,"column":8},"end":{"line":295,"column":82}},"118":{"start":{"line":303,"column":8},"end":{"line":320,"column":11}},"119":{"start":{"line":304,"column":12},"end":{"line":314,"column":14}},"120":{"start":{"line":308,"column":20},"end":{"line":311,"column":23}},"121":{"start":{"line":312,"column":20},"end":{"line":312,"column":30}},"122":{"start":{"line":316,"column":12},"end":{"line":319,"column":15}},"123":{"start":{"line":317,"column":16},"end":{"line":317,"column":42}},"124":{"start":{"line":318,"column":16},"end":{"line":318,"column":30}},"125":{"start":{"line":329,"column":8},"end":{"line":335,"column":9}},"126":{"start":{"line":330,"column":12},"end":{"line":334,"column":13}},"127":{"start":{"line":331,"column":16},"end":{"line":331,"column":44}},"128":{"start":{"line":333,"column":16},"end":{"line":333,"column":76}},"129":{"start":{"line":337,"column":8},"end":{"line":337,"column":30}},"130":{"start":{"line":338,"column":8},"end":{"line":338,"column":28}},"131":{"start":{"line":341,"column":8},"end":{"line":348,"column":9}},"132":{"start":{"line":342,"column":12},"end":{"line":347,"column":15}},"133":{"start":{"line":343,"column":16},"end":{"line":346,"column":19}},"134":{"start":{"line":344,"column":20},"end":{"line":344,"column":41}},"135":{"start":{"line":345,"column":20},"end":{"line":345,"column":30}},"136":{"start":{"line":356,"column":8},"end":{"line":360,"column":10}},"137":{"start":{"line":364,"column":0},"end":{"line":364,"column":35}}},"fnMap":{"0":{"name":"(anonymous_0)","decl":{"start":{"line":17,"column":4},"end":{"line":17,"column":5}},"loc":{"start":{"line":17,"column":30},"end":{"line":43,"column":5}},"line":17},"1":{"name":"(anonymous_1)","decl":{"start":{"line":49,"column":4},"end":{"line":49,"column":5}},"loc":{"start":{"line":49,"column":22},"end":{"line":84,"column":5}},"line":49},"2":{"name":"(anonymous_2)","decl":{"start":{"line":63,"column":21},"end":{"line":63,"column":22}},"loc":{"start":{"line":63,"column":41},"end":{"line":71,"column":9}},"line":63},"3":{"name":"(anonymous_3)","decl":{"start":{"line":75,"column":25},"end":{"line":75,"column":26}},"loc":{"start":{"line":75,"column":45},"end":{"line":82,"column":13}},"line":75},"4":{"name":"(anonymous_4)","decl":{"start":{"line":90,"column":4},"end":{"line":90,"column":5}},"loc":{"start":{"line":90,"column":18},"end":{"line":273,"column":5}},"line":90},"5":{"name":"(anonymous_5)","decl":{"start":{"line":92,"column":32},"end":{"line":92,"column":33}},"loc":{"start":{"line":92,"column":46},"end":{"line":98,"column":9}},"line":92},"6":{"name":"(anonymous_6)","decl":{"start":{"line":101,"column":39},"end":{"line":101,"column":40}},"loc":{"start":{"line":101,"column":59},"end":{"line":135,"column":9}},"line":101},"7":{"name":"(anonymous_7)","decl":{"start":{"line":138,"column":59},"end":{"line":138,"column":60}},"loc":{"start":{"line":138,"column":79},"end":{"line":155,"column":9}},"line":138},"8":{"name":"(anonymous_8)","decl":{"start":{"line":158,"column":54},"end":{"line":158,"column":55}},"loc":{"start":{"line":158,"column":74},"end":{"line":175,"column":9}},"line":158},"9":{"name":"(anonymous_9)","decl":{"start":{"line":178,"column":58},"end":{"line":178,"column":59}},"loc":{"start":{"line":178,"column":78},"end":{"line":195,"column":9}},"line":178},"10":{"name":"(anonymous_10)","decl":{"start":{"line":198,"column":58},"end":{"line":198,"column":59}},"loc":{"start":{"line":198,"column":78},"end":{"line":215,"column":9}},"line":198},"11":{"name":"(anonymous_11)","decl":{"start":{"line":218,"column":49},"end":{"line":218,"column":50}},"loc":{"start":{"line":218,"column":63},"end":{"line":236,"column":9}},"line":218},"12":{"name":"(anonymous_12)","decl":{"start":{"line":239,"column":52},"end":{"line":239,"column":53}},"loc":{"start":{"line":239,"column":72},"end":{"line":256,"column":9}},"line":239},"13":{"name":"(anonymous_13)","decl":{"start":{"line":259,"column":38},"end":{"line":259,"column":39}},"loc":{"start":{"line":259,"column":52},"end":{"line":267,"column":9}},"line":259},"14":{"name":"(anonymous_14)","decl":{"start":{"line":260,"column":68},"end":{"line":260,"column":69}},"loc":{"start":{"line":260,"column":74},"end":{"line":264,"column":13}},"line":260},"15":{"name":"(anonymous_15)","decl":{"start":{"line":270,"column":35},"end":{"line":270,"column":36}},"loc":{"start":{"line":270,"column":49},"end":{"line":272,"column":9}},"line":270},"16":{"name":"(anonymous_16)","decl":{"start":{"line":279,"column":4},"end":{"line":279,"column":5}},"loc":{"start":{"line":279,"column":42},"end":{"line":288,"column":5}},"line":279},"17":{"name":"(anonymous_17)","decl":{"start":{"line":294,"column":4},"end":{"line":294,"column":5}},"loc":{"start":{"line":294,"column":24},"end":{"line":296,"column":5}},"line":294},"18":{"name":"(anonymous_18)","decl":{"start":{"line":302,"column":4},"end":{"line":302,"column":5}},"loc":{"start":{"line":302,"column":18},"end":{"line":321,"column":5}},"line":302},"19":{"name":"(anonymous_19)","decl":{"start":{"line":303,"column":27},"end":{"line":303,"column":28}},"loc":{"start":{"line":303,"column":48},"end":{"line":320,"column":9}},"line":303},"20":{"name":"(anonymous_20)","decl":{"start":{"line":307,"column":16},"end":{"line":307,"column":17}},"loc":{"start":{"line":307,"column":22},"end":{"line":313,"column":17}},"line":307},"21":{"name":"(anonymous_21)","decl":{"start":{"line":316,"column":36},"end":{"line":316,"column":37}},"loc":{"start":{"line":316,"column":47},"end":{"line":319,"column":13}},"line":316},"22":{"name":"(anonymous_22)","decl":{"start":{"line":327,"column":4},"end":{"line":327,"column":5}},"loc":{"start":{"line":327,"column":17},"end":{"line":349,"column":5}},"line":327},"23":{"name":"(anonymous_23)","decl":{"start":{"line":342,"column":31},"end":{"line":342,"column":32}},"loc":{"start":{"line":342,"column":44},"end":{"line":347,"column":13}},"line":342},"24":{"name":"(anonymous_24)","decl":{"start":{"line":343,"column":34},"end":{"line":343,"column":35}},"loc":{"start":{"line":343,"column":40},"end":{"line":346,"column":17}},"line":343},"25":{"name":"(anonymous_25)","decl":{"start":{"line":355,"column":4},"end":{"line":355,"column":5}},"loc":{"start":{"line":355,"column":15},"end":{"line":361,"column":5}},"line":355}},"branchMap":{"0":{"loc":{"start":{"line":17,"column":16},"end":{"line":17,"column":28}},"type":"default-arg","locations":[{"start":{"line":17,"column":26},"end":{"line":17,"column":28}}],"line":17},"1":{"loc":{"start":{"line":21,"column":18},"end":{"line":21,"column":38}},"type":"binary-expr","locations":[{"start":{"line":21,"column":18},"end":{"line":21,"column":30}},{"start":{"line":21,"column":34},"end":{"line":21,"column":38}}],"line":21},"2":{"loc":{"start":{"line":22,"column":18},"end":{"line":22,"column":43}},"type":"binary-expr","locations":[{"start":{"line":22,"column":18},"end":{"line":22,"column":30}},{"start":{"line":22,"column":34},"end":{"line":22,"column":43}}],"line":22},"3":{"loc":{"start":{"line":24,"column":18},"end":{"line":24,"column":38}},"type":"binary-expr","locations":[{"start":{"line":24,"column":18},"end":{"line":24,"column":30}},{"start":{"line":24,"column":34},"end":{"line":24,"column":38}}],"line":24},"4":{"loc":{"start":{"line":25,"column":23},"end":{"line":25,"column":73}},"type":"binary-expr","locations":[{"start":{"line":25,"column":23},"end":{"line":25,"column":40}},{"start":{"line":25,"column":44},"end":{"line":25,"column":73}}],"line":25},"5":{"loc":{"start":{"line":54,"column":8},"end":{"line":56,"column":9}},"type":"if","locations":[{"start":{"line":54,"column":8},"end":{"line":56,"column":9}},{"start":{},"end":{}}],"line":54},"6":{"loc":{"start":{"line":74,"column":8},"end":{"line":83,"column":9}},"type":"if","locations":[{"start":{"line":74,"column":8},"end":{"line":83,"column":9}},{"start":{},"end":{}}],"line":74},"7":{"loc":{"start":{"line":77,"column":16},"end":{"line":81,"column":17}},"type":"if","locations":[{"start":{"line":77,"column":16},"end":{"line":81,"column":17}},{"start":{"line":79,"column":23},"end":{"line":81,"column":17}}],"line":77},"8":{"loc":{"start":{"line":105,"column":16},"end":{"line":109,"column":17}},"type":"if","locations":[{"start":{"line":105,"column":16},"end":{"line":109,"column":17}},{"start":{},"end":{}}],"line":105},"9":{"loc":{"start":{"line":105,"column":20},"end":{"line":105,"column":40}},"type":"binary-expr","locations":[{"start":{"line":105,"column":20},"end":{"line":105,"column":29}},{"start":{"line":105,"column":33},"end":{"line":105,"column":40}}],"line":105},"10":{"loc":{"start":{"line":144,"column":16},"end":{"line":146,"column":17}},"type":"if","locations":[{"start":{"line":144,"column":16},"end":{"line":146,"column":17}},{"start":{},"end":{}}],"line":144},"11":{"loc":{"start":{"line":164,"column":16},"end":{"line":166,"column":17}},"type":"if","locations":[{"start":{"line":164,"column":16},"end":{"line":166,"column":17}},{"start":{},"end":{}}],"line":164},"12":{"loc":{"start":{"line":184,"column":16},"end":{"line":186,"column":17}},"type":"if","locations":[{"start":{"line":184,"column":16},"end":{"line":186,"column":17}},{"start":{},"end":{}}],"line":184},"13":{"loc":{"start":{"line":204,"column":16},"end":{"line":206,"column":17}},"type":"if","locations":[{"start":{"line":204,"column":16},"end":{"line":206,"column":17}},{"start":{},"end":{}}],"line":204},"14":{"loc":{"start":{"line":223,"column":16},"end":{"line":225,"column":17}},"type":"if","locations":[{"start":{"line":223,"column":16},"end":{"line":225,"column":17}},{"start":{},"end":{}}],"line":223},"15":{"loc":{"start":{"line":244,"column":16},"end":{"line":246,"column":17}},"type":"if","locations":[{"start":{"line":244,"column":16},"end":{"line":246,"column":17}},{"start":{},"end":{}}],"line":244},"16":{"loc":{"start":{"line":341,"column":8},"end":{"line":348,"column":9}},"type":"if","locations":[{"start":{"line":341,"column":8},"end":{"line":348,"column":9}},{"start":{},"end":{}}],"line":341}},"s":{"0":1,"1":1,"2":1,"3":1,"4":0,"5":0,"6":0,"7":0,"8":0,"9":0,"10":0,"11":0,"12":0,"13":0,"14":0,"15":0,"16":0,"17":0,"18":0,"19":0,"20":0,"21":0,"22":0,"23":0,"24":0,"25":0,"26":0,"27":0,"28":0,"29":0,"30":0,"31":0,"32":0,"33":0,"34":0,"35":0,"36":0,"37":0,"38":0,"39":0,"40":0,"41":0,"42":0,"43":0,"44":0,"45":0,"46":0,"47":0,"48":0,"49":0,"50":0,"51":0,"52":0,"53":0,"54":0,"55":0,"56":0,"57":0,"58":0,"59":0,"60":0,"61":0,"62":0,"63":0,"64":0,"65":0,"66":0,"67":0,"68":0,"69":0,"70":0,"71":0,"72":0,"73":0,"74":0,"75":0,"76":0,"77":0,"78":0,"79":0,"80":0,"81":0,"82":0,"83":0,"84":0,"85":0,"86":0,"87":0,"88":0,"89":0,"90":0,"91":0,"92":0,"93":0,"94":0,"95":0,"96":0,"97":0,"98":0,"99":0,"100":0,"101":0,"102":0,"103":0,"104":0,"105":0,"106":0,"107":0,"108":0,"109":0,"110":0,"111":0,"112":0,"113":0,"114":0,"115":0,"116":0,"117":0,"118":0,"119":0,"120":0,"121":0,"122":0,"123":0,"124":0,"125":0,"126":0,"127":0,"128":0,"129":0,"130":0,"131":0,"132":0,"133":0,"134":0,"135":0,"136":0,"137":1},"f":{"0":0,"1":0,"2":0,"3":0,"4":0,"5":0,"6":0,"7":0,"8":0,"9":0,"10":0,"11":0,"12":0,"13":0,"14":0,"15":0,"16":0,"17":0,"18":0,"19":0,"20":0,"21":0,"22":0,"23":0,"24":0,"25":0},"b":{"0":[0],"1":[0,0],"2":[0,0],"3":[0,0],"4":[0,0],"5":[0,0],"6":[0,0],"7":[0,0],"8":[0,0],"9":[0,0],"10":[0,0],"11":[0,0],"12":[0,0],"13":[0,0],"14":[0,0],"15":[0,0],"16":[0,0]},"_coverageSchema":"1a1c01bbd47fc00a2c39e90264f33305004495a9","hash":"f62a98dee06ba9da5e4c096aab5bedc9d4418c38"}
,"C:\\Users\\Trent\\autobrowsertest\\BrowserAgent\\src\\api\\WebSocketServer.js": {"path":"C:\\Users\\Trent\\autobrowsertest\\BrowserAgent\\src\\api\\WebSocketServer.js","statementMap":{"0":{"start":{"line":7,"column":18},"end":{"line":7,"column":31}},"1":{"start":{"line":8,"column":21},"end":{"line":8,"column":38}},"2":{"start":{"line":16,"column":8},"end":{"line":16,"column":16}},"3":{"start":{"line":18,"column":8},"end":{"line":24,"column":10}},"4":{"start":{"line":26,"column":8},"end":{"line":26,"column":24}},"5":{"start":{"line":27,"column":8},"end":{"line":27,"column":33}},"6":{"start":{"line":28,"column":8},"end":{"line":28,"column":39}},"7":{"start":{"line":30,"column":8},"end":{"line":35,"column":10}},"8":{"start":{"line":43,"column":8},"end":{"line":61,"column":11}},"9":{"start":{"line":44,"column":12},"end":{"line":60,"column":13}},"10":{"start":{"line":45,"column":16},"end":{"line":47,"column":72}},"11":{"start":{"line":49,"column":16},"end":{"line":49,"column":44}},"12":{"start":{"line":50,"column":16},"end":{"line":50,"column":41}},"13":{"start":{"line":52,"column":16},"end":{"line":54,"column":19}},"14":{"start":{"line":56,"column":16},"end":{"line":56,"column":26}},"15":{"start":{"line":58,"column":16},"end":{"line":58,"column":42}},"16":{"start":{"line":59,"column":16},"end":{"line":59,"column":30}},"17":{"start":{"line":69,"column":8},"end":{"line":71,"column":11}},"18":{"start":{"line":70,"column":12},"end":{"line":70,"column":43}},"19":{"start":{"line":73,"column":8},"end":{"line":75,"column":11}},"20":{"start":{"line":74,"column":12},"end":{"line":74,"column":38}},"21":{"start":{"line":83,"column":25},"end":{"line":83,"column":48}},"22":{"start":{"line":86,"column":8},"end":{"line":92,"column":9}},"23":{"start":{"line":87,"column":26},"end":{"line":87,"column":81}},"24":{"start":{"line":88,"column":12},"end":{"line":91,"column":13}},"25":{"start":{"line":89,"column":16},"end":{"line":89,"column":47}},"26":{"start":{"line":90,"column":16},"end":{"line":90,"column":23}},"27":{"start":{"line":94,"column":8},"end":{"line":100,"column":11}},"28":{"start":{"line":102,"column":8},"end":{"line":102,"column":38}},"29":{"start":{"line":103,"column":8},"end":{"line":103,"column":39}},"30":{"start":{"line":106,"column":8},"end":{"line":108,"column":11}},"31":{"start":{"line":107,"column":12},"end":{"line":107,"column":47}},"32":{"start":{"line":110,"column":8},"end":{"line":115,"column":11}},"33":{"start":{"line":111,"column":27},"end":{"line":111,"column":53}},"34":{"start":{"line":112,"column":12},"end":{"line":114,"column":13}},"35":{"start":{"line":113,"column":16},"end":{"line":113,"column":38}},"36":{"start":{"line":117,"column":8},"end":{"line":119,"column":11}},"37":{"start":{"line":118,"column":12},"end":{"line":118,"column":47}},"38":{"start":{"line":121,"column":8},"end":{"line":123,"column":11}},"39":{"start":{"line":122,"column":12},"end":{"line":122,"column":73}},"40":{"start":{"line":126,"column":8},"end":{"line":130,"column":11}},"41":{"start":{"line":132,"column":8},"end":{"line":132,"column":51}},"42":{"start":{"line":140,"column":8},"end":{"line":140,"column":38}},"43":{"start":{"line":142,"column":8},"end":{"line":166,"column":9}},"44":{"start":{"line":143,"column":28},"end":{"line":143,"column":44}},"45":{"start":{"line":145,"column":12},"end":{"line":160,"column":13}},"46":{"start":{"line":147,"column":20},"end":{"line":147,"column":64}},"47":{"start":{"line":148,"column":20},"end":{"line":148,"column":26}},"48":{"start":{"line":151,"column":20},"end":{"line":151,"column":66}},"49":{"start":{"line":152,"column":20},"end":{"line":152,"column":26}},"50":{"start":{"line":155,"column":20},"end":{"line":155,"column":66}},"51":{"start":{"line":156,"column":20},"end":{"line":156,"column":26}},"52":{"start":{"line":159,"column":20},"end":{"line":159,"column":64}},"53":{"start":{"line":162,"column":12},"end":{"line":165,"column":15}},"54":{"start":{"line":174,"column":23},"end":{"line":174,"column":49}},"55":{"start":{"line":175,"column":8},"end":{"line":175,"column":28}},"56":{"start":{"line":175,"column":21},"end":{"line":175,"column":28}},"57":{"start":{"line":178,"column":8},"end":{"line":180,"column":9}},"58":{"start":{"line":179,"column":12},"end":{"line":179,"column":50}},"59":{"start":{"line":182,"column":8},"end":{"line":182,"column":38}},"60":{"start":{"line":183,"column":8},"end":{"line":183,"column":39}},"61":{"start":{"line":185,"column":8},"end":{"line":185,"column":54}},"62":{"start":{"line":194,"column":23},"end":{"line":194,"column":49}},"63":{"start":{"line":195,"column":8},"end":{"line":195,"column":28}},"64":{"start":{"line":195,"column":21},"end":{"line":195,"column":28}},"65":{"start":{"line":197,"column":8},"end":{"line":197,"column":44}},"66":{"start":{"line":199,"column":8},"end":{"line":201,"column":9}},"67":{"start":{"line":200,"column":12},"end":{"line":200,"column":57}},"68":{"start":{"line":203,"column":8},"end":{"line":203,"column":56}},"69":{"start":{"line":205,"column":8},"end":{"line":209,"column":11}},"70":{"start":{"line":211,"column":8},"end":{"line":211,"column":57}},"71":{"start":{"line":220,"column":23},"end":{"line":220,"column":49}},"72":{"start":{"line":221,"column":8},"end":{"line":223,"column":9}},"73":{"start":{"line":222,"column":12},"end":{"line":222,"column":51}},"74":{"start":{"line":225,"column":28},"end":{"line":225,"column":61}},"75":{"start":{"line":226,"column":8},"end":{"line":231,"column":9}},"76":{"start":{"line":227,"column":12},"end":{"line":227,"column":41}},"77":{"start":{"line":228,"column":12},"end":{"line":230,"column":13}},"78":{"start":{"line":229,"column":16},"end":{"line":229,"column":53}},"79":{"start":{"line":233,"column":8},"end":{"line":237,"column":11}},"80":{"start":{"line":239,"column":8},"end":{"line":239,"column":59}},"81":{"start":{"line":248,"column":28},"end":{"line":248,"column":61}},"82":{"start":{"line":249,"column":8},"end":{"line":249,"column":33}},"83":{"start":{"line":249,"column":26},"end":{"line":249,"column":33}},"84":{"start":{"line":251,"column":24},"end":{"line":256,"column":9}},"85":{"start":{"line":258,"column":8},"end":{"line":260,"column":9}},"86":{"start":{"line":259,"column":12},"end":{"line":259,"column":49}},"87":{"start":{"line":269,"column":23},"end":{"line":269,"column":49}},"88":{"start":{"line":270,"column":8},"end":{"line":272,"column":9}},"89":{"start":{"line":271,"column":12},"end":{"line":271,"column":19}},"90":{"start":{"line":274,"column":8},"end":{"line":279,"column":9}},"91":{"start":{"line":275,"column":12},"end":{"line":275,"column":52}},"92":{"start":{"line":276,"column":12},"end":{"line":276,"column":38}},"93":{"start":{"line":278,"column":12},"end":{"line":278,"column":71}},"94":{"start":{"line":287,"column":8},"end":{"line":289,"column":9}},"95":{"start":{"line":288,"column":12},"end":{"line":288,"column":49}},"96":{"start":{"line":297,"column":8},"end":{"line":307,"column":38}},"97":{"start":{"line":298,"column":12},"end":{"line":306,"column":13}},"98":{"start":{"line":299,"column":16},"end":{"line":305,"column":17}},"99":{"start":{"line":300,"column":20},"end":{"line":300,"column":42}},"100":{"start":{"line":301,"column":20},"end":{"line":301,"column":55}},"101":{"start":{"line":303,"column":20},"end":{"line":303,"column":43}},"102":{"start":{"line":304,"column":20},"end":{"line":304,"column":37}},"103":{"start":{"line":315,"column":8},"end":{"line":315,"column":81}},"104":{"start":{"line":323,"column":8},"end":{"line":325,"column":9}},"105":{"start":{"line":324,"column":12},"end":{"line":324,"column":42}},"106":{"start":{"line":328,"column":8},"end":{"line":330,"column":9}},"107":{"start":{"line":329,"column":12},"end":{"line":329,"column":58}},"108":{"start":{"line":332,"column":8},"end":{"line":332,"column":29}},"109":{"start":{"line":333,"column":8},"end":{"line":333,"column":35}},"110":{"start":{"line":335,"column":8},"end":{"line":342,"column":9}},"111":{"start":{"line":336,"column":12},"end":{"line":341,"column":15}},"112":{"start":{"line":337,"column":16},"end":{"line":340,"column":19}},"113":{"start":{"line":338,"column":20},"end":{"line":338,"column":41}},"114":{"start":{"line":339,"column":20},"end":{"line":339,"column":30}},"115":{"start":{"line":350,"column":8},"end":{"line":355,"column":10}},"116":{"start":{"line":354,"column":39},"end":{"line":354,"column":54}},"117":{"start":{"line":359,"column":0},"end":{"line":359,"column":37}}},"fnMap":{"0":{"name":"(anonymous_0)","decl":{"start":{"line":15,"column":4},"end":{"line":15,"column":5}},"loc":{"start":{"line":15,"column":30},"end":{"line":36,"column":5}},"line":15},"1":{"name":"(anonymous_1)","decl":{"start":{"line":42,"column":4},"end":{"line":42,"column":5}},"loc":{"start":{"line":42,"column":18},"end":{"line":62,"column":5}},"line":42},"2":{"name":"(anonymous_2)","decl":{"start":{"line":43,"column":27},"end":{"line":43,"column":28}},"loc":{"start":{"line":43,"column":48},"end":{"line":61,"column":9}},"line":43},"3":{"name":"(anonymous_3)","decl":{"start":{"line":68,"column":4},"end":{"line":68,"column":5}},"loc":{"start":{"line":68,"column":27},"end":{"line":76,"column":5}},"line":68},"4":{"name":"(anonymous_4)","decl":{"start":{"line":69,"column":34},"end":{"line":69,"column":35}},"loc":{"start":{"line":69,"column":47},"end":{"line":71,"column":9}},"line":69},"5":{"name":"(anonymous_5)","decl":{"start":{"line":73,"column":29},"end":{"line":73,"column":30}},"loc":{"start":{"line":73,"column":40},"end":{"line":75,"column":9}},"line":73},"6":{"name":"(anonymous_6)","decl":{"start":{"line":82,"column":4},"end":{"line":82,"column":5}},"loc":{"start":{"line":82,"column":30},"end":{"line":133,"column":5}},"line":82},"7":{"name":"(anonymous_7)","decl":{"start":{"line":106,"column":25},"end":{"line":106,"column":26}},"loc":{"start":{"line":106,"column":35},"end":{"line":108,"column":9}},"line":106},"8":{"name":"(anonymous_8)","decl":{"start":{"line":110,"column":22},"end":{"line":110,"column":23}},"loc":{"start":{"line":110,"column":28},"end":{"line":115,"column":9}},"line":110},"9":{"name":"(anonymous_9)","decl":{"start":{"line":117,"column":23},"end":{"line":117,"column":24}},"loc":{"start":{"line":117,"column":29},"end":{"line":119,"column":9}},"line":117},"10":{"name":"(anonymous_10)","decl":{"start":{"line":121,"column":23},"end":{"line":121,"column":24}},"loc":{"start":{"line":121,"column":34},"end":{"line":123,"column":9}},"line":121},"11":{"name":"(anonymous_11)","decl":{"start":{"line":139,"column":4},"end":{"line":139,"column":5}},"loc":{"start":{"line":139,"column":34},"end":{"line":167,"column":5}},"line":139},"12":{"name":"(anonymous_12)","decl":{"start":{"line":173,"column":4},"end":{"line":173,"column":5}},"loc":{"start":{"line":173,"column":34},"end":{"line":186,"column":5}},"line":173},"13":{"name":"(anonymous_13)","decl":{"start":{"line":193,"column":4},"end":{"line":193,"column":5}},"loc":{"start":{"line":193,"column":35},"end":{"line":212,"column":5}},"line":193},"14":{"name":"(anonymous_14)","decl":{"start":{"line":219,"column":4},"end":{"line":219,"column":5}},"loc":{"start":{"line":219,"column":37},"end":{"line":240,"column":5}},"line":219},"15":{"name":"(anonymous_15)","decl":{"start":{"line":247,"column":4},"end":{"line":247,"column":5}},"loc":{"start":{"line":247,"column":42},"end":{"line":261,"column":5}},"line":247},"16":{"name":"(anonymous_16)","decl":{"start":{"line":268,"column":4},"end":{"line":268,"column":5}},"loc":{"start":{"line":268,"column":36},"end":{"line":280,"column":5}},"line":268},"17":{"name":"(anonymous_17)","decl":{"start":{"line":286,"column":4},"end":{"line":286,"column":5}},"loc":{"start":{"line":286,"column":23},"end":{"line":290,"column":5}},"line":286},"18":{"name":"(anonymous_18)","decl":{"start":{"line":296,"column":4},"end":{"line":296,"column":5}},"loc":{"start":{"line":296,"column":24},"end":{"line":308,"column":5}},"line":296},"19":{"name":"(anonymous_19)","decl":{"start":{"line":297,"column":37},"end":{"line":297,"column":38}},"loc":{"start":{"line":297,"column":43},"end":{"line":307,"column":9}},"line":297},"20":{"name":"(anonymous_20)","decl":{"start":{"line":314,"column":4},"end":{"line":314,"column":5}},"loc":{"start":{"line":314,"column":23},"end":{"line":316,"column":5}},"line":314},"21":{"name":"(anonymous_21)","decl":{"start":{"line":322,"column":4},"end":{"line":322,"column":5}},"loc":{"start":{"line":322,"column":17},"end":{"line":343,"column":5}},"line":322},"22":{"name":"(anonymous_22)","decl":{"start":{"line":336,"column":31},"end":{"line":336,"column":32}},"loc":{"start":{"line":336,"column":44},"end":{"line":341,"column":13}},"line":336},"23":{"name":"(anonymous_23)","decl":{"start":{"line":337,"column":31},"end":{"line":337,"column":32}},"loc":{"start":{"line":337,"column":37},"end":{"line":340,"column":17}},"line":337},"24":{"name":"(anonymous_24)","decl":{"start":{"line":349,"column":4},"end":{"line":349,"column":5}},"loc":{"start":{"line":349,"column":15},"end":{"line":356,"column":5}},"line":349},"25":{"name":"(anonymous_25)","decl":{"start":{"line":354,"column":24},"end":{"line":354,"column":25}},"loc":{"start":{"line":354,"column":39},"end":{"line":354,"column":54}},"line":354}},"branchMap":{"0":{"loc":{"start":{"line":15,"column":16},"end":{"line":15,"column":28}},"type":"default-arg","locations":[{"start":{"line":15,"column":26},"end":{"line":15,"column":28}}],"line":15},"1":{"loc":{"start":{"line":19,"column":18},"end":{"line":19,"column":38}},"type":"binary-expr","locations":[{"start":{"line":19,"column":18},"end":{"line":19,"column":30}},{"start":{"line":19,"column":34},"end":{"line":19,"column":38}}],"line":19},"2":{"loc":{"start":{"line":20,"column":20},"end":{"line":20,"column":42}},"type":"binary-expr","locations":[{"start":{"line":20,"column":20},"end":{"line":20,"column":34}},{"start":{"line":20,"column":38},"end":{"line":20,"column":42}}],"line":20},"3":{"loc":{"start":{"line":21,"column":18},"end":{"line":21,"column":38}},"type":"binary-expr","locations":[{"start":{"line":21,"column":18},"end":{"line":21,"column":30}},{"start":{"line":21,"column":34},"end":{"line":21,"column":38}}],"line":21},"4":{"loc":{"start":{"line":22,"column":26},"end":{"line":22,"column":55}},"type":"binary-expr","locations":[{"start":{"line":22,"column":26},"end":{"line":22,"column":46}},{"start":{"line":22,"column":50},"end":{"line":22,"column":55}}],"line":22},"5":{"loc":{"start":{"line":45,"column":27},"end":{"line":47,"column":71}},"type":"cond-expr","locations":[{"start":{"line":46,"column":22},"end":{"line":46,"column":75}},{"start":{"line":47,"column":22},"end":{"line":47,"column":71}}],"line":45},"6":{"loc":{"start":{"line":86,"column":8},"end":{"line":92,"column":9}},"type":"if","locations":[{"start":{"line":86,"column":8},"end":{"line":92,"column":9}},{"start":{},"end":{}}],"line":86},"7":{"loc":{"start":{"line":88,"column":12},"end":{"line":91,"column":13}},"type":"if","locations":[{"start":{"line":88,"column":12},"end":{"line":91,"column":13}},{"start":{},"end":{}}],"line":88},"8":{"loc":{"start":{"line":112,"column":12},"end":{"line":114,"column":13}},"type":"if","locations":[{"start":{"line":112,"column":12},"end":{"line":114,"column":13}},{"start":{},"end":{}}],"line":112},"9":{"loc":{"start":{"line":145,"column":12},"end":{"line":160,"column":13}},"type":"switch","locations":[{"start":{"line":146,"column":16},"end":{"line":148,"column":26}},{"start":{"line":150,"column":16},"end":{"line":152,"column":26}},{"start":{"line":154,"column":16},"end":{"line":156,"column":26}},{"start":{"line":158,"column":16},"end":{"line":159,"column":64}}],"line":145},"10":{"loc":{"start":{"line":175,"column":8},"end":{"line":175,"column":28}},"type":"if","locations":[{"start":{"line":175,"column":8},"end":{"line":175,"column":28}},{"start":{},"end":{}}],"line":175},"11":{"loc":{"start":{"line":195,"column":8},"end":{"line":195,"column":28}},"type":"if","locations":[{"start":{"line":195,"column":8},"end":{"line":195,"column":28}},{"start":{},"end":{}}],"line":195},"12":{"loc":{"start":{"line":199,"column":8},"end":{"line":201,"column":9}},"type":"if","locations":[{"start":{"line":199,"column":8},"end":{"line":201,"column":9}},{"start":{},"end":{}}],"line":199},"13":{"loc":{"start":{"line":221,"column":8},"end":{"line":223,"column":9}},"type":"if","locations":[{"start":{"line":221,"column":8},"end":{"line":223,"column":9}},{"start":{},"end":{}}],"line":221},"14":{"loc":{"start":{"line":226,"column":8},"end":{"line":231,"column":9}},"type":"if","locations":[{"start":{"line":226,"column":8},"end":{"line":231,"column":9}},{"start":{},"end":{}}],"line":226},"15":{"loc":{"start":{"line":228,"column":12},"end":{"line":230,"column":13}},"type":"if","locations":[{"start":{"line":228,"column":12},"end":{"line":230,"column":13}},{"start":{},"end":{}}],"line":228},"16":{"loc":{"start":{"line":249,"column":8},"end":{"line":249,"column":33}},"type":"if","locations":[{"start":{"line":249,"column":8},"end":{"line":249,"column":33}},{"start":{},"end":{}}],"line":249},"17":{"loc":{"start":{"line":270,"column":8},"end":{"line":272,"column":9}},"type":"if","locations":[{"start":{"line":270,"column":8},"end":{"line":272,"column":9}},{"start":{},"end":{}}],"line":270},"18":{"loc":{"start":{"line":270,"column":12},"end":{"line":270,"column":62}},"type":"binary-expr","locations":[{"start":{"line":270,"column":12},"end":{"line":270,"column":19}},{"start":{"line":270,"column":23},"end":{"line":270,"column":62}}],"line":270},"19":{"loc":{"start":{"line":299,"column":16},"end":{"line":305,"column":17}},"type":"if","locations":[{"start":{"line":299,"column":16},"end":{"line":305,"column":17}},{"start":{"line":302,"column":23},"end":{"line":305,"column":17}}],"line":299},"20":{"loc":{"start":{"line":323,"column":8},"end":{"line":325,"column":9}},"type":"if","locations":[{"start":{"line":323,"column":8},"end":{"line":325,"column":9}},{"start":{},"end":{}}],"line":323},"21":{"loc":{"start":{"line":335,"column":8},"end":{"line":342,"column":9}},"type":"if","locations":[{"start":{"line":335,"column":8},"end":{"line":342,"column":9}},{"start":{},"end":{}}],"line":335}},"s":{"0":1,"1":1,"2":0,"3":0,"4":0,"5":0,"6":0,"7":0,"8":0,"9":0,"10":0,"11":0,"12":0,"13":0,"14":0,"15":0,"16":0,"17":0,"18":0,"19":0,"20":0,"21":0,"22":0,"23":0,"24":0,"25":0,"26":0,"27":0,"28":0,"29":0,"30":0,"31":0,"32":0,"33":0,"34":0,"35":0,"36":0,"37":0,"38":0,"39":0,"40":0,"41":0,"42":0,"43":0,"44":0,"45":0,"46":0,"47":0,"48":0,"49":0,"50":0,"51":0,"52":0,"53":0,"54":0,"55":0,"56":0,"57":0,"58":0,"59":0,"60":0,"61":0,"62":0,"63":0,"64":0,"65":0,"66":0,"67":0,"68":0,"69":0,"70":0,"71":0,"72":0,"73":0,"74":0,"75":0,"76":0,"77":0,"78":0,"79":0,"80":0,"81":0,"82":0,"83":0,"84":0,"85":0,"86":0,"87":0,"88":0,"89":0,"90":0,"91":0,"92":0,"93":0,"94":0,"95":0,"96":0,"97":0,"98":0,"99":0,"100":0,"101":0,"102":0,"103":0,"104":0,"105":0,"106":0,"107":0,"108":0,"109":0,"110":0,"111":0,"112":0,"113":0,"114":0,"115":0,"116":0,"117":1},"f":{"0":0,"1":0,"2":0,"3":0,"4":0,"5":0,"6":0,"7":0,"8":0,"9":0,"10":0,"11":0,"12":0,"13":0,"14":0,"15":0,"16":0,"17":0,"18":0,"19":0,"20":0,"21":0,"22":0,"23":0,"24":0,"25":0},"b":{"0":[0],"1":[0,0],"2":[0,0],"3":[0,0],"4":[0,0],"5":[0,0],"6":[0,0],"7":[0,0],"8":[0,0],"9":[0,0,0,0],"10":[0,0],"11":[0,0],"12":[0,0],"13":[0,0],"14":[0,0],"15":[0,0],"16":[0,0],"17":[0,0],"18":[0,0],"19":[0,0],"20":[0,0],"21":[0,0]},"_coverageSchema":"1a1c01bbd47fc00a2c39e90264f33305004495a9","hash":"58568f2c657e8edea20c21cb1daffaf36bf698ea"}
,"C:\\Users\\Trent\\autobrowsertest\\BrowserAgent\\src\\core\\BrowserAgentCore.js": {"path":"C:\\Users\\Trent\\autobrowsertest\\BrowserAgent\\src\\core\\BrowserAgentCore.js","statementMap":{"0":{"start":{"line":7,"column":21},"end":{"line":7,"column":38}},"1":{"start":{"line":20,"column":8},"end":{"line":20,"column":16}},"2":{"start":{"line":22,"column":8},"end":{"line":22,"column":47}},"3":{"start":{"line":23,"column":8},"end":{"line":23,"column":49}},"4":{"start":{"line":24,"column":8},"end":{"line":24,"column":49}},"5":{"start":{"line":25,"column":8},"end":{"line":25,"column":50}},"6":{"start":{"line":26,"column":8},"end":{"line":26,"column":63}},"7":{"start":{"line":28,"column":8},"end":{"line":28,"column":28}},"8":{"start":{"line":29,"column":8},"end":{"line":29,"column":25}},"9":{"start":{"line":30,"column":8},"end":{"line":30,"column":33}},"10":{"start":{"line":32,"column":8},"end":{"line":39,"column":10}},"11":{"start":{"line":47,"column":8},"end":{"line":49,"column":9}},"12":{"start":{"line":48,"column":12},"end":{"line":48,"column":68}},"13":{"start":{"line":52,"column":8},"end":{"line":52,"column":39}},"14":{"start":{"line":54,"column":8},"end":{"line":54,"column":32}},"15":{"start":{"line":55,"column":8},"end":{"line":55,"column":33}},"16":{"start":{"line":64,"column":8},"end":{"line":81,"column":9}},"17":{"start":{"line":65,"column":12},"end":{"line":65,"column":42}},"18":{"start":{"line":68,"column":12},"end":{"line":68,"column":44}},"19":{"start":{"line":70,"column":12},"end":{"line":80,"column":13}},"20":{"start":{"line":71,"column":34},"end":{"line":71,"column":54}},"21":{"start":{"line":72,"column":16},"end":{"line":75,"column":19}},"22":{"start":{"line":76,"column":16},"end":{"line":76,"column":57}},"23":{"start":{"line":77,"column":16},"end":{"line":77,"column":74}},"24":{"start":{"line":79,"column":16},"end":{"line":79,"column":82}},"25":{"start":{"line":90,"column":8},"end":{"line":90,"column":33}},"26":{"start":{"line":92,"column":26},"end":{"line":92,"column":36}},"27":{"start":{"line":94,"column":8},"end":{"line":106,"column":9}},"28":{"start":{"line":95,"column":12},"end":{"line":100,"column":13}},"29":{"start":{"line":97,"column":16},"end":{"line":97,"column":45}},"30":{"start":{"line":99,"column":16},"end":{"line":99,"column":73}},"31":{"start":{"line":102,"column":12},"end":{"line":102,"column":78}},"32":{"start":{"line":104,"column":12},"end":{"line":104,"column":77}},"33":{"start":{"line":105,"column":12},"end":{"line":105,"column":24}},"34":{"start":{"line":116,"column":8},"end":{"line":116,"column":33}},"35":{"start":{"line":118,"column":26},"end":{"line":118,"column":36}},"36":{"start":{"line":119,"column":8},"end":{"line":119,"column":37}},"37":{"start":{"line":121,"column":8},"end":{"line":151,"column":9}},"38":{"start":{"line":123,"column":30},"end":{"line":123,"column":59}},"39":{"start":{"line":126,"column":31},"end":{"line":134,"column":14}},"40":{"start":{"line":137,"column":27},"end":{"line":137,"column":67}},"41":{"start":{"line":139,"column":29},"end":{"line":139,"column":51}},"42":{"start":{"line":140,"column":12},"end":{"line":140,"column":45}},"43":{"start":{"line":142,"column":12},"end":{"line":142,"column":71}},"44":{"start":{"line":144,"column":12},"end":{"line":144,"column":26}},"45":{"start":{"line":146,"column":29},"end":{"line":146,"column":51}},"46":{"start":{"line":147,"column":12},"end":{"line":147,"column":46}},"47":{"start":{"line":149,"column":12},"end":{"line":149,"column":82}},"48":{"start":{"line":150,"column":12},"end":{"line":150,"column":24}},"49":{"start":{"line":161,"column":8},"end":{"line":161,"column":33}},"50":{"start":{"line":163,"column":8},"end":{"line":163,"column":42}},"51":{"start":{"line":165,"column":8},"end":{"line":181,"column":9}},"52":{"start":{"line":166,"column":30},"end":{"line":166,"column":59}},"53":{"start":{"line":169,"column":34},"end":{"line":173,"column":14}},"54":{"start":{"line":175,"column":12},"end":{"line":175,"column":73}},"55":{"start":{"line":177,"column":12},"end":{"line":177,"column":33}},"56":{"start":{"line":179,"column":12},"end":{"line":179,"column":77}},"57":{"start":{"line":180,"column":12},"end":{"line":180,"column":24}},"58":{"start":{"line":190,"column":8},"end":{"line":190,"column":33}},"59":{"start":{"line":192,"column":26},"end":{"line":192,"column":55}},"60":{"start":{"line":194,"column":28},"end":{"line":198,"column":10}},"61":{"start":{"line":200,"column":8},"end":{"line":200,"column":27}},"62":{"start":{"line":208,"column":8},"end":{"line":208,"column":33}},"63":{"start":{"line":210,"column":8},"end":{"line":217,"column":9}},"64":{"start":{"line":211,"column":12},"end":{"line":211,"column":46}},"65":{"start":{"line":213,"column":12},"end":{"line":216,"column":14}},"66":{"start":{"line":226,"column":8},"end":{"line":230,"column":9}},"67":{"start":{"line":227,"column":12},"end":{"line":227,"column":47}},"68":{"start":{"line":229,"column":12},"end":{"line":229,"column":48}},"69":{"start":{"line":238,"column":20},"end":{"line":266,"column":10}},"70":{"start":{"line":239,"column":29},"end":{"line":239,"column":31}},"71":{"start":{"line":240,"column":27},"end":{"line":245,"column":13}},"72":{"start":{"line":248,"column":12},"end":{"line":264,"column":13}},"73":{"start":{"line":249,"column":16},"end":{"line":263,"column":17}},"74":{"start":{"line":250,"column":33},"end":{"line":250,"column":61}},"75":{"start":{"line":251,"column":20},"end":{"line":262,"column":23}},"76":{"start":{"line":265,"column":12},"end":{"line":265,"column":28}},"77":{"start":{"line":268,"column":27},"end":{"line":268,"column":77}},"78":{"start":{"line":270,"column":25},"end":{"line":275,"column":11}},"79":{"start":{"line":270,"column":57},"end":{"line":275,"column":9}},"80":{"start":{"line":277,"column":8},"end":{"line":283,"column":10}},"81":{"start":{"line":291,"column":8},"end":{"line":295,"column":9}},"82":{"start":{"line":292,"column":12},"end":{"line":292,"column":52}},"83":{"start":{"line":294,"column":12},"end":{"line":294,"column":53}},"84":{"start":{"line":303,"column":8},"end":{"line":321,"column":9}},"85":{"start":{"line":305,"column":16},"end":{"line":305,"column":53}},"86":{"start":{"line":306,"column":16},"end":{"line":306,"column":22}},"87":{"start":{"line":308,"column":16},"end":{"line":308,"column":64}},"88":{"start":{"line":309,"column":16},"end":{"line":309,"column":22}},"89":{"start":{"line":311,"column":16},"end":{"line":311,"column":47}},"90":{"start":{"line":312,"column":16},"end":{"line":312,"column":22}},"91":{"start":{"line":314,"column":16},"end":{"line":314,"column":85}},"92":{"start":{"line":314,"column":48},"end":{"line":314,"column":69}},"93":{"start":{"line":315,"column":16},"end":{"line":315,"column":22}},"94":{"start":{"line":317,"column":16},"end":{"line":317,"column":62}},"95":{"start":{"line":318,"column":16},"end":{"line":318,"column":22}},"96":{"start":{"line":320,"column":16},"end":{"line":320,"column":66}},"97":{"start":{"line":323,"column":8},"end":{"line":323,"column":54}},"98":{"start":{"line":331,"column":8},"end":{"line":335,"column":9}},"99":{"start":{"line":332,"column":12},"end":{"line":332,"column":42}},"100":{"start":{"line":334,"column":12},"end":{"line":334,"column":39}},"101":{"start":{"line":337,"column":8},"end":{"line":337,"column":41}},"102":{"start":{"line":338,"column":8},"end":{"line":339,"column":62}},"103":{"start":{"line":347,"column":8},"end":{"line":352,"column":10}},"104":{"start":{"line":360,"column":8},"end":{"line":360,"column":38}},"105":{"start":{"line":360,"column":31},"end":{"line":360,"column":38}},"106":{"start":{"line":362,"column":8},"end":{"line":364,"column":9}},"107":{"start":{"line":363,"column":12},"end":{"line":363,"column":39}},"108":{"start":{"line":366,"column":8},"end":{"line":366,"column":33}},"109":{"start":{"line":367,"column":8},"end":{"line":367,"column":28}},"110":{"start":{"line":375,"column":8},"end":{"line":377,"column":9}},"111":{"start":{"line":376,"column":12},"end":{"line":376,"column":64}},"112":{"start":{"line":382,"column":8},"end":{"line":382,"column":72}},"113":{"start":{"line":386,"column":8},"end":{"line":386,"column":72}},"114":{"start":{"line":390,"column":8},"end":{"line":390,"column":72}},"115":{"start":{"line":394,"column":8},"end":{"line":394,"column":72}},"116":{"start":{"line":398,"column":0},"end":{"line":398,"column":38}}},"fnMap":{"0":{"name":"(anonymous_0)","decl":{"start":{"line":19,"column":4},"end":{"line":19,"column":5}},"loc":{"start":{"line":19,"column":30},"end":{"line":40,"column":5}},"line":19},"1":{"name":"(anonymous_1)","decl":{"start":{"line":46,"column":4},"end":{"line":46,"column":5}},"loc":{"start":{"line":46,"column":17},"end":{"line":56,"column":5}},"line":46},"2":{"name":"(anonymous_2)","decl":{"start":{"line":62,"column":4},"end":{"line":62,"column":5}},"loc":{"start":{"line":62,"column":30},"end":{"line":82,"column":5}},"line":62},"3":{"name":"(anonymous_3)","decl":{"start":{"line":89,"column":4},"end":{"line":89,"column":5}},"loc":{"start":{"line":89,"column":20},"end":{"line":107,"column":5}},"line":89},"4":{"name":"(anonymous_4)","decl":{"start":{"line":115,"column":4},"end":{"line":115,"column":5}},"loc":{"start":{"line":115,"column":46},"end":{"line":152,"column":5}},"line":115},"5":{"name":"(anonymous_5)","decl":{"start":{"line":160,"column":4},"end":{"line":160,"column":5}},"loc":{"start":{"line":160,"column":56},"end":{"line":182,"column":5}},"line":160},"6":{"name":"(anonymous_6)","decl":{"start":{"line":189,"column":4},"end":{"line":189,"column":5}},"loc":{"start":{"line":189,"column":36},"end":{"line":201,"column":5}},"line":189},"7":{"name":"(anonymous_7)","decl":{"start":{"line":207,"column":4},"end":{"line":207,"column":5}},"loc":{"start":{"line":207,"column":24},"end":{"line":218,"column":5}},"line":207},"8":{"name":"(anonymous_8)","decl":{"start":{"line":225,"column":4},"end":{"line":225,"column":5}},"loc":{"start":{"line":225,"column":29},"end":{"line":231,"column":5}},"line":225},"9":{"name":"(anonymous_9)","decl":{"start":{"line":237,"column":4},"end":{"line":237,"column":5}},"loc":{"start":{"line":237,"column":34},"end":{"line":284,"column":5}},"line":237},"10":{"name":"(anonymous_10)","decl":{"start":{"line":238,"column":45},"end":{"line":238,"column":46}},"loc":{"start":{"line":238,"column":51},"end":{"line":266,"column":9}},"line":238},"11":{"name":"(anonymous_11)","decl":{"start":{"line":270,"column":50},"end":{"line":270,"column":51}},"loc":{"start":{"line":270,"column":57},"end":{"line":275,"column":9}},"line":270},"12":{"name":"(anonymous_12)","decl":{"start":{"line":290,"column":4},"end":{"line":290,"column":5}},"loc":{"start":{"line":290,"column":34},"end":{"line":296,"column":5}},"line":290},"13":{"name":"(anonymous_13)","decl":{"start":{"line":302,"column":4},"end":{"line":302,"column":5}},"loc":{"start":{"line":302,"column":39},"end":{"line":324,"column":5}},"line":302},"14":{"name":"(anonymous_14)","decl":{"start":{"line":314,"column":41},"end":{"line":314,"column":42}},"loc":{"start":{"line":314,"column":48},"end":{"line":314,"column":69}},"line":314},"15":{"name":"(anonymous_15)","decl":{"start":{"line":330,"column":4},"end":{"line":330,"column":5}},"loc":{"start":{"line":330,"column":35},"end":{"line":340,"column":5}},"line":330},"16":{"name":"(anonymous_16)","decl":{"start":{"line":346,"column":4},"end":{"line":346,"column":5}},"loc":{"start":{"line":346,"column":15},"end":{"line":353,"column":5}},"line":346},"17":{"name":"(anonymous_17)","decl":{"start":{"line":359,"column":4},"end":{"line":359,"column":5}},"loc":{"start":{"line":359,"column":18},"end":{"line":368,"column":5}},"line":359},"18":{"name":"(anonymous_18)","decl":{"start":{"line":374,"column":4},"end":{"line":374,"column":5}},"loc":{"start":{"line":374,"column":24},"end":{"line":378,"column":5}},"line":374},"19":{"name":"(anonymous_19)","decl":{"start":{"line":381,"column":4},"end":{"line":381,"column":5}},"loc":{"start":{"line":381,"column":28},"end":{"line":383,"column":5}},"line":381},"20":{"name":"(anonymous_20)","decl":{"start":{"line":385,"column":4},"end":{"line":385,"column":5}},"loc":{"start":{"line":385,"column":33},"end":{"line":387,"column":5}},"line":385},"21":{"name":"(anonymous_21)","decl":{"start":{"line":389,"column":4},"end":{"line":389,"column":5}},"loc":{"start":{"line":389,"column":38},"end":{"line":391,"column":5}},"line":389},"22":{"name":"(anonymous_22)","decl":{"start":{"line":393,"column":4},"end":{"line":393,"column":5}},"loc":{"start":{"line":393,"column":32},"end":{"line":395,"column":5}},"line":393}},"branchMap":{"0":{"loc":{"start":{"line":19,"column":16},"end":{"line":19,"column":28}},"type":"default-arg","locations":[{"start":{"line":19,"column":26},"end":{"line":19,"column":28}}],"line":19},"1":{"loc":{"start":{"line":25,"column":24},"end":{"line":25,"column":49}},"type":"binary-expr","locations":[{"start":{"line":25,"column":24},"end":{"line":25,"column":40}},{"start":{"line":25,"column":44},"end":{"line":25,"column":49}}],"line":25},"2":{"loc":{"start":{"line":47,"column":8},"end":{"line":49,"column":9}},"type":"if","locations":[{"start":{"line":47,"column":8},"end":{"line":49,"column":9}},{"start":{},"end":{}}],"line":47},"3":{"loc":{"start":{"line":64,"column":8},"end":{"line":81,"column":9}},"type":"if","locations":[{"start":{"line":64,"column":8},"end":{"line":81,"column":9}},{"start":{"line":67,"column":15},"end":{"line":81,"column":9}}],"line":64},"4":{"loc":{"start":{"line":64,"column":12},"end":{"line":64,"column":82}},"type":"binary-expr","locations":[{"start":{"line":64,"column":12},"end":{"line":64,"column":41}},{"start":{"line":64,"column":45},"end":{"line":64,"column":59}},{"start":{"line":64,"column":63},"end":{"line":64,"column":82}}],"line":64},"5":{"loc":{"start":{"line":95,"column":12},"end":{"line":100,"column":13}},"type":"if","locations":[{"start":{"line":95,"column":12},"end":{"line":100,"column":13}},{"start":{"line":98,"column":19},"end":{"line":100,"column":13}}],"line":95},"6":{"loc":{"start":{"line":115,"column":32},"end":{"line":115,"column":44}},"type":"default-arg","locations":[{"start":{"line":115,"column":42},"end":{"line":115,"column":44}}],"line":115},"7":{"loc":{"start":{"line":131,"column":25},"end":{"line":131,"column":46}},"type":"binary-expr","locations":[{"start":{"line":131,"column":25},"end":{"line":131,"column":40}},{"start":{"line":131,"column":44},"end":{"line":131,"column":46}}],"line":131},"8":{"loc":{"start":{"line":160,"column":42},"end":{"line":160,"column":54}},"type":"default-arg","locations":[{"start":{"line":160,"column":52},"end":{"line":160,"column":54}}],"line":160},"9":{"loc":{"start":{"line":172,"column":28},"end":{"line":172,"column":83}},"type":"cond-expr","locations":[{"start":{"line":172,"column":56},"end":{"line":172,"column":76}},{"start":{"line":172,"column":79},"end":{"line":172,"column":83}}],"line":172},"10":{"loc":{"start":{"line":210,"column":8},"end":{"line":217,"column":9}},"type":"if","locations":[{"start":{"line":210,"column":8},"end":{"line":217,"column":9}},{"start":{"line":212,"column":15},"end":{"line":217,"column":9}}],"line":210},"11":{"loc":{"start":{"line":226,"column":8},"end":{"line":230,"column":9}},"type":"if","locations":[{"start":{"line":226,"column":8},"end":{"line":230,"column":9}},{"start":{"line":228,"column":15},"end":{"line":230,"column":9}}],"line":226},"12":{"loc":{"start":{"line":249,"column":16},"end":{"line":263,"column":17}},"type":"if","locations":[{"start":{"line":249,"column":16},"end":{"line":263,"column":17}},{"start":{},"end":{}}],"line":249},"13":{"loc":{"start":{"line":249,"column":20},"end":{"line":249,"column":65}},"type":"binary-expr","locations":[{"start":{"line":249,"column":20},"end":{"line":249,"column":40}},{"start":{"line":249,"column":44},"end":{"line":249,"column":65}}],"line":249},"14":{"loc":{"start":{"line":291,"column":8},"end":{"line":295,"column":9}},"type":"if","locations":[{"start":{"line":291,"column":8},"end":{"line":295,"column":9}},{"start":{"line":293,"column":15},"end":{"line":295,"column":9}}],"line":291},"15":{"loc":{"start":{"line":303,"column":8},"end":{"line":321,"column":9}},"type":"switch","locations":[{"start":{"line":304,"column":12},"end":{"line":306,"column":22}},{"start":{"line":307,"column":12},"end":{"line":309,"column":22}},{"start":{"line":310,"column":12},"end":{"line":312,"column":22}},{"start":{"line":313,"column":12},"end":{"line":315,"column":22}},{"start":{"line":316,"column":12},"end":{"line":318,"column":22}},{"start":{"line":319,"column":12},"end":{"line":320,"column":66}}],"line":303},"16":{"loc":{"start":{"line":331,"column":8},"end":{"line":335,"column":9}},"type":"if","locations":[{"start":{"line":331,"column":8},"end":{"line":335,"column":9}},{"start":{"line":333,"column":15},"end":{"line":335,"column":9}}],"line":331},"17":{"loc":{"start":{"line":349,"column":25},"end":{"line":351,"column":22}},"type":"cond-expr","locations":[{"start":{"line":350,"column":18},"end":{"line":350,"column":99}},{"start":{"line":351,"column":18},"end":{"line":351,"column":22}}],"line":349},"18":{"loc":{"start":{"line":360,"column":8},"end":{"line":360,"column":38}},"type":"if","locations":[{"start":{"line":360,"column":8},"end":{"line":360,"column":38}},{"start":{},"end":{}}],"line":360},"19":{"loc":{"start":{"line":362,"column":8},"end":{"line":364,"column":9}},"type":"if","locations":[{"start":{"line":362,"column":8},"end":{"line":364,"column":9}},{"start":{},"end":{}}],"line":362},"20":{"loc":{"start":{"line":375,"column":8},"end":{"line":377,"column":9}},"type":"if","locations":[{"start":{"line":375,"column":8},"end":{"line":377,"column":9}},{"start":{},"end":{}}],"line":375}},"s":{"0":3,"1":0,"2":0,"3":0,"4":0,"5":0,"6":0,"7":0,"8":0,"9":0,"10":0,"11":0,"12":0,"13":0,"14":0,"15":0,"16":0,"17":0,"18":0,"19":0,"20":0,"21":0,"22":0,"23":0,"24":0,"25":0,"26":0,"27":0,"28":0,"29":0,"30":0,"31":0,"32":0,"33":0,"34":0,"35":0,"36":0,"37":0,"38":0,"39":0,"40":0,"41":0,"42":0,"43":0,"44":0,"45":0,"46":0,"47":0,"48":0,"49":0,"50":0,"51":0,"52":0,"53":0,"54":0,"55":0,"56":0,"57":0,"58":0,"59":0,"60":0,"61":0,"62":0,"63":0,"64":0,"65":0,"66":0,"67":0,"68":0,"69":0,"70":0,"71":0,"72":0,"73":0,"74":0,"75":0,"76":0,"77":0,"78":0,"79":0,"80":0,"81":0,"82":0,"83":0,"84":0,"85":0,"86":0,"87":0,"88":0,"89":0,"90":0,"91":0,"92":0,"93":0,"94":0,"95":0,"96":0,"97":0,"98":0,"99":0,"100":0,"101":0,"102":0,"103":0,"104":0,"105":0,"106":0,"107":0,"108":0,"109":0,"110":0,"111":0,"112":0,"113":0,"114":0,"115":0,"116":3},"f":{"0":0,"1":0,"2":0,"3":0,"4":0,"5":0,"6":0,"7":0,"8":0,"9":0,"10":0,"11":0,"12":0,"13":0,"14":0,"15":0,"16":0,"17":0,"18":0,"19":0,"20":0,"21":0,"22":0},"b":{"0":[0],"1":[0,0],"2":[0,0],"3":[0,0],"4":[0,0,0],"5":[0,0],"6":[0],"7":[0,0],"8":[0],"9":[0,0],"10":[0,0],"11":[0,0],"12":[0,0],"13":[0,0],"14":[0,0],"15":[0,0,0,0,0,0],"16":[0,0],"17":[0,0],"18":[0,0],"19":[0,0],"20":[0,0]},"_coverageSchema":"1a1c01bbd47fc00a2c39e90264f33305004495a9","hash":"51a5d8b8be18265585c2dbc57bf2dd728508b319"}
,"C:\\Users\\Trent\\autobrowsertest\\BrowserAgent\\src\\enterprise\\BrowserbaseSessionManager.js": {"path":"C:\\Users\\Trent\\autobrowsertest\\BrowserAgent\\src\\enterprise\\BrowserbaseSessionManager.js","statementMap":{"0":{"start":{"line":7,"column":32},"end":{"line":7,"column":75}},"1":{"start":{"line":8,"column":21},"end":{"line":8,"column":38}},"2":{"start":{"line":25,"column":8},"end":{"line":25,"column":16}},"3":{"start":{"line":27,"column":8},"end":{"line":27,"column":71}},"4":{"start":{"line":28,"column":8},"end":{"line":28,"column":80}},"5":{"start":{"line":29,"column":8},"end":{"line":29,"column":51}},"6":{"start":{"line":30,"column":8},"end":{"line":30,"column":62}},"7":{"start":{"line":31,"column":8},"end":{"line":31,"column":60}},"8":{"start":{"line":32,"column":8},"end":{"line":36,"column":10}},"9":{"start":{"line":39,"column":8},"end":{"line":39,"column":40}},"10":{"start":{"line":40,"column":8},"end":{"line":40,"column":36}},"11":{"start":{"line":41,"column":8},"end":{"line":41,"column":31}},"12":{"start":{"line":44,"column":8},"end":{"line":51,"column":10}},"13":{"start":{"line":54,"column":8},"end":{"line":54,"column":36}},"14":{"start":{"line":55,"column":8},"end":{"line":55,"column":36}},"15":{"start":{"line":63,"column":8},"end":{"line":65,"column":9}},"16":{"start":{"line":64,"column":12},"end":{"line":64,"column":135}},"17":{"start":{"line":67,"column":8},"end":{"line":69,"column":9}},"18":{"start":{"line":68,"column":12},"end":{"line":68,"column":144}},"19":{"start":{"line":72,"column":28},"end":{"line":72,"column":82}},"20":{"start":{"line":73,"column":8},"end":{"line":75,"column":9}},"21":{"start":{"line":74,"column":12},"end":{"line":74,"column":96}},"22":{"start":{"line":77,"column":8},"end":{"line":77,"column":33}},"23":{"start":{"line":78,"column":8},"end":{"line":78,"column":65}},"24":{"start":{"line":88,"column":8},"end":{"line":98,"column":9}},"25":{"start":{"line":89,"column":28},"end":{"line":89,"column":58}},"26":{"start":{"line":90,"column":12},"end":{"line":94,"column":15}},"27":{"start":{"line":95,"column":12},"end":{"line":95,"column":37}},"28":{"start":{"line":96,"column":12},"end":{"line":96,"column":91}},"29":{"start":{"line":97,"column":12},"end":{"line":97,"column":27}},"30":{"start":{"line":101,"column":8},"end":{"line":121,"column":9}},"31":{"start":{"line":103,"column":12},"end":{"line":120,"column":15}},"32":{"start":{"line":104,"column":32},"end":{"line":110,"column":25}},"33":{"start":{"line":105,"column":34},"end":{"line":105,"column":95}},"34":{"start":{"line":105,"column":70},"end":{"line":105,"column":94}},"35":{"start":{"line":106,"column":20},"end":{"line":108,"column":21}},"36":{"start":{"line":107,"column":24},"end":{"line":107,"column":59}},"37":{"start":{"line":109,"column":20},"end":{"line":109,"column":69}},"38":{"start":{"line":112,"column":16},"end":{"line":117,"column":19}},"39":{"start":{"line":119,"column":16},"end":{"line":119,"column":86}},"40":{"start":{"line":124,"column":8},"end":{"line":124,"column":43}},"41":{"start":{"line":134,"column":30},"end":{"line":138,"column":9}},"42":{"start":{"line":140,"column":25},"end":{"line":140,"column":76}},"43":{"start":{"line":142,"column":8},"end":{"line":161,"column":9}},"44":{"start":{"line":143,"column":12},"end":{"line":143,"column":34}},"45":{"start":{"line":145,"column":12},"end":{"line":149,"column":15}},"46":{"start":{"line":151,"column":12},"end":{"line":151,"column":38}},"47":{"start":{"line":152,"column":12},"end":{"line":152,"column":64}},"48":{"start":{"line":154,"column":12},"end":{"line":154,"column":75}},"49":{"start":{"line":156,"column":12},"end":{"line":156,"column":28}},"50":{"start":{"line":158,"column":12},"end":{"line":158,"column":37}},"51":{"start":{"line":159,"column":12},"end":{"line":159,"column":65}},"52":{"start":{"line":160,"column":12},"end":{"line":160,"column":24}},"53":{"start":{"line":171,"column":8},"end":{"line":173,"column":9}},"54":{"start":{"line":172,"column":12},"end":{"line":172,"column":19}},"55":{"start":{"line":175,"column":26},"end":{"line":175,"column":44}},"56":{"start":{"line":176,"column":28},"end":{"line":176,"column":62}},"57":{"start":{"line":178,"column":8},"end":{"line":180,"column":9}},"58":{"start":{"line":179,"column":12},"end":{"line":179,"column":19}},"59":{"start":{"line":183,"column":8},"end":{"line":183,"column":46}},"60":{"start":{"line":185,"column":8},"end":{"line":206,"column":9}},"61":{"start":{"line":187,"column":12},"end":{"line":193,"column":13}},"62":{"start":{"line":188,"column":16},"end":{"line":188,"column":39}},"63":{"start":{"line":189,"column":16},"end":{"line":189,"column":41}},"64":{"start":{"line":190,"column":16},"end":{"line":190,"column":58}},"65":{"start":{"line":192,"column":16},"end":{"line":192,"column":83}},"66":{"start":{"line":194,"column":15},"end":{"line":206,"column":9}},"67":{"start":{"line":196,"column":12},"end":{"line":196,"column":50}},"68":{"start":{"line":197,"column":12},"end":{"line":197,"column":97}},"69":{"start":{"line":200,"column":12},"end":{"line":205,"column":13}},"70":{"start":{"line":201,"column":16},"end":{"line":201,"column":39}},"71":{"start":{"line":202,"column":16},"end":{"line":202,"column":41}},"72":{"start":{"line":204,"column":16},"end":{"line":204,"column":83}},"73":{"start":{"line":208,"column":8},"end":{"line":208,"column":60}},"74":{"start":{"line":211,"column":8},"end":{"line":211,"column":28}},"75":{"start":{"line":214,"column":8},"end":{"line":217,"column":9}},"76":{"start":{"line":215,"column":29},"end":{"line":215,"column":64}},"77":{"start":{"line":216,"column":12},"end":{"line":216,"column":49}},"78":{"start":{"line":225,"column":8},"end":{"line":235,"column":9}},"79":{"start":{"line":226,"column":58},"end":{"line":226,"column":83}},"80":{"start":{"line":227,"column":12},"end":{"line":227,"column":34}},"81":{"start":{"line":229,"column":12},"end":{"line":234,"column":13}},"82":{"start":{"line":230,"column":32},"end":{"line":230,"column":65}},"83":{"start":{"line":231,"column":16},"end":{"line":231,"column":33}},"84":{"start":{"line":233,"column":16},"end":{"line":233,"column":30}},"85":{"start":{"line":243,"column":8},"end":{"line":243,"column":54}},"86":{"start":{"line":252,"column":28},"end":{"line":252,"column":62}},"87":{"start":{"line":253,"column":8},"end":{"line":253,"column":57}},"88":{"start":{"line":261,"column":30},"end":{"line":261,"column":32}},"89":{"start":{"line":264,"column":8},"end":{"line":270,"column":9}},"90":{"start":{"line":265,"column":12},"end":{"line":269,"column":14}},"91":{"start":{"line":267,"column":20},"end":{"line":267,"column":87}},"92":{"start":{"line":273,"column":8},"end":{"line":279,"column":9}},"93":{"start":{"line":274,"column":12},"end":{"line":278,"column":14}},"94":{"start":{"line":276,"column":20},"end":{"line":276,"column":81}},"95":{"start":{"line":281,"column":8},"end":{"line":281,"column":41}},"96":{"start":{"line":283,"column":8},"end":{"line":283,"column":36}},"97":{"start":{"line":284,"column":8},"end":{"line":284,"column":36}},"98":{"start":{"line":285,"column":8},"end":{"line":285,"column":37}},"99":{"start":{"line":287,"column":8},"end":{"line":287,"column":39}},"100":{"start":{"line":296,"column":22},"end":{"line":296,"column":69}},"101":{"start":{"line":297,"column":8},"end":{"line":302,"column":9}},"102":{"start":{"line":298,"column":12},"end":{"line":298,"column":57}},"103":{"start":{"line":300,"column":12},"end":{"line":301,"column":85}},"104":{"start":{"line":310,"column":8},"end":{"line":312,"column":18}},"105":{"start":{"line":311,"column":12},"end":{"line":311,"column":40}},"106":{"start":{"line":320,"column":20},"end":{"line":320,"column":30}},"107":{"start":{"line":321,"column":30},"end":{"line":321,"column":32}},"108":{"start":{"line":323,"column":8},"end":{"line":327,"column":9}},"109":{"start":{"line":324,"column":12},"end":{"line":326,"column":13}},"110":{"start":{"line":325,"column":16},"end":{"line":325,"column":46}},"111":{"start":{"line":329,"column":8},"end":{"line":335,"column":9}},"112":{"start":{"line":330,"column":12},"end":{"line":330,"column":67}},"113":{"start":{"line":331,"column":32},"end":{"line":331,"column":66}},"114":{"start":{"line":332,"column":12},"end":{"line":334,"column":13}},"115":{"start":{"line":333,"column":16},"end":{"line":333,"column":70}},"116":{"start":{"line":338,"column":8},"end":{"line":343,"column":9}},"117":{"start":{"line":339,"column":29},"end":{"line":339,"column":59}},"118":{"start":{"line":340,"column":12},"end":{"line":342,"column":13}},"119":{"start":{"line":341,"column":16},"end":{"line":341,"column":55}},"120":{"start":{"line":351,"column":8},"end":{"line":357,"column":10}},"121":{"start":{"line":365,"column":8},"end":{"line":365,"column":31}},"122":{"start":{"line":366,"column":8},"end":{"line":366,"column":28}},"123":{"start":{"line":374,"column":8},"end":{"line":377,"column":9}},"124":{"start":{"line":375,"column":12},"end":{"line":375,"column":48}},"125":{"start":{"line":376,"column":12},"end":{"line":376,"column":40}},"126":{"start":{"line":380,"column":8},"end":{"line":383,"column":9}},"127":{"start":{"line":381,"column":12},"end":{"line":381,"column":34}},"128":{"start":{"line":382,"column":12},"end":{"line":382,"column":57}},"129":{"start":{"line":384,"column":8},"end":{"line":384,"column":31}},"130":{"start":{"line":387,"column":8},"end":{"line":387,"column":38}},"131":{"start":{"line":389,"column":8},"end":{"line":389,"column":29}},"132":{"start":{"line":393,"column":0},"end":{"line":393,"column":47}}},"fnMap":{"0":{"name":"(anonymous_0)","decl":{"start":{"line":24,"column":4},"end":{"line":24,"column":5}},"loc":{"start":{"line":24,"column":29},"end":{"line":56,"column":5}},"line":24},"1":{"name":"(anonymous_1)","decl":{"start":{"line":62,"column":4},"end":{"line":62,"column":5}},"loc":{"start":{"line":62,"column":17},"end":{"line":79,"column":5}},"line":62},"2":{"name":"(anonymous_2)","decl":{"start":{"line":86,"column":4},"end":{"line":86,"column":5}},"loc":{"start":{"line":86,"column":39},"end":{"line":125,"column":5}},"line":86},"3":{"name":"(anonymous_3)","decl":{"start":{"line":103,"column":31},"end":{"line":103,"column":32}},"loc":{"start":{"line":103,"column":52},"end":{"line":120,"column":13}},"line":103},"4":{"name":"(anonymous_4)","decl":{"start":{"line":104,"column":43},"end":{"line":104,"column":44}},"loc":{"start":{"line":104,"column":49},"end":{"line":110,"column":17}},"line":104},"5":{"name":"(anonymous_5)","decl":{"start":{"line":105,"column":62},"end":{"line":105,"column":63}},"loc":{"start":{"line":105,"column":70},"end":{"line":105,"column":94}},"line":105},"6":{"name":"(anonymous_6)","decl":{"start":{"line":133,"column":4},"end":{"line":133,"column":5}},"loc":{"start":{"line":133,"column":38},"end":{"line":162,"column":5}},"line":133},"7":{"name":"(anonymous_7)","decl":{"start":{"line":170,"column":4},"end":{"line":170,"column":5}},"loc":{"start":{"line":170,"column":57},"end":{"line":218,"column":5}},"line":170},"8":{"name":"(anonymous_8)","decl":{"start":{"line":224,"column":4},"end":{"line":224,"column":5}},"loc":{"start":{"line":224,"column":25},"end":{"line":236,"column":5}},"line":224},"9":{"name":"(anonymous_9)","decl":{"start":{"line":242,"column":4},"end":{"line":242,"column":5}},"loc":{"start":{"line":242,"column":24},"end":{"line":244,"column":5}},"line":242},"10":{"name":"(anonymous_10)","decl":{"start":{"line":251,"column":4},"end":{"line":251,"column":5}},"loc":{"start":{"line":251,"column":26},"end":{"line":254,"column":5}},"line":251},"11":{"name":"(anonymous_11)","decl":{"start":{"line":260,"column":4},"end":{"line":260,"column":5}},"loc":{"start":{"line":260,"column":29},"end":{"line":288,"column":5}},"line":260},"12":{"name":"(anonymous_12)","decl":{"start":{"line":266,"column":51},"end":{"line":266,"column":52}},"loc":{"start":{"line":266,"column":60},"end":{"line":268,"column":17}},"line":266},"13":{"name":"(anonymous_13)","decl":{"start":{"line":275,"column":39},"end":{"line":275,"column":40}},"loc":{"start":{"line":275,"column":48},"end":{"line":277,"column":17}},"line":275},"14":{"name":"(anonymous_14)","decl":{"start":{"line":295,"column":4},"end":{"line":295,"column":5}},"loc":{"start":{"line":295,"column":36},"end":{"line":303,"column":5}},"line":295},"15":{"name":"(anonymous_15)","decl":{"start":{"line":309,"column":4},"end":{"line":309,"column":5}},"loc":{"start":{"line":309,"column":27},"end":{"line":313,"column":5}},"line":309},"16":{"name":"(anonymous_16)","decl":{"start":{"line":310,"column":43},"end":{"line":310,"column":44}},"loc":{"start":{"line":310,"column":49},"end":{"line":312,"column":9}},"line":310},"17":{"name":"(anonymous_17)","decl":{"start":{"line":319,"column":4},"end":{"line":319,"column":5}},"loc":{"start":{"line":319,"column":33},"end":{"line":344,"column":5}},"line":319},"18":{"name":"(anonymous_18)","decl":{"start":{"line":341,"column":45},"end":{"line":341,"column":46}},"loc":{"start":{"line":341,"column":51},"end":{"line":341,"column":53}},"line":341},"19":{"name":"(anonymous_19)","decl":{"start":{"line":350,"column":4},"end":{"line":350,"column":5}},"loc":{"start":{"line":350,"column":15},"end":{"line":358,"column":5}},"line":350},"20":{"name":"(anonymous_20)","decl":{"start":{"line":364,"column":4},"end":{"line":364,"column":5}},"loc":{"start":{"line":364,"column":24},"end":{"line":367,"column":5}},"line":364},"21":{"name":"(anonymous_21)","decl":{"start":{"line":373,"column":4},"end":{"line":373,"column":5}},"loc":{"start":{"line":373,"column":17},"end":{"line":390,"column":5}},"line":373}},"branchMap":{"0":{"loc":{"start":{"line":24,"column":16},"end":{"line":24,"column":27}},"type":"default-arg","locations":[{"start":{"line":24,"column":25},"end":{"line":24,"column":27}}],"line":24},"1":{"loc":{"start":{"line":27,"column":22},"end":{"line":27,"column":70}},"type":"binary-expr","locations":[{"start":{"line":27,"column":22},"end":{"line":27,"column":35}},{"start":{"line":27,"column":39},"end":{"line":27,"column":70}}],"line":27},"2":{"loc":{"start":{"line":28,"column":25},"end":{"line":28,"column":79}},"type":"binary-expr","locations":[{"start":{"line":28,"column":25},"end":{"line":28,"column":41}},{"start":{"line":28,"column":45},"end":{"line":28,"column":79}}],"line":28},"3":{"loc":{"start":{"line":29,"column":27},"end":{"line":29,"column":50}},"type":"binary-expr","locations":[{"start":{"line":29,"column":27},"end":{"line":29,"column":45}},{"start":{"line":29,"column":49},"end":{"line":29,"column":50}}],"line":29},"4":{"loc":{"start":{"line":30,"column":30},"end":{"line":30,"column":61}},"type":"binary-expr","locations":[{"start":{"line":30,"column":30},"end":{"line":30,"column":51}},{"start":{"line":30,"column":55},"end":{"line":30,"column":61}}],"line":30},"5":{"loc":{"start":{"line":32,"column":36},"end":{"line":36,"column":9}},"type":"binary-expr","locations":[{"start":{"line":32,"column":36},"end":{"line":32,"column":63}},{"start":{"line":32,"column":67},"end":{"line":36,"column":9}}],"line":32},"6":{"loc":{"start":{"line":63,"column":8},"end":{"line":65,"column":9}},"type":"if","locations":[{"start":{"line":63,"column":8},"end":{"line":65,"column":9}},{"start":{},"end":{}}],"line":63},"7":{"loc":{"start":{"line":67,"column":8},"end":{"line":69,"column":9}},"type":"if","locations":[{"start":{"line":67,"column":8},"end":{"line":69,"column":9}},{"start":{},"end":{}}],"line":67},"8":{"loc":{"start":{"line":73,"column":8},"end":{"line":75,"column":9}},"type":"if","locations":[{"start":{"line":73,"column":8},"end":{"line":75,"column":9}},{"start":{},"end":{}}],"line":73},"9":{"loc":{"start":{"line":86,"column":25},"end":{"line":86,"column":37}},"type":"default-arg","locations":[{"start":{"line":86,"column":35},"end":{"line":86,"column":37}}],"line":86},"10":{"loc":{"start":{"line":88,"column":8},"end":{"line":98,"column":9}},"type":"if","locations":[{"start":{"line":88,"column":8},"end":{"line":98,"column":9}},{"start":{},"end":{}}],"line":88},"11":{"loc":{"start":{"line":88,"column":12},"end":{"line":88,"column":67}},"type":"binary-expr","locations":[{"start":{"line":88,"column":12},"end":{"line":88,"column":30}},{"start":{"line":88,"column":34},"end":{"line":88,"column":67}}],"line":88},"12":{"loc":{"start":{"line":101,"column":8},"end":{"line":121,"column":9}},"type":"if","locations":[{"start":{"line":101,"column":8},"end":{"line":121,"column":9}},{"start":{},"end":{}}],"line":101},"13":{"loc":{"start":{"line":106,"column":20},"end":{"line":108,"column":21}},"type":"if","locations":[{"start":{"line":106,"column":20},"end":{"line":108,"column":21}},{"start":{},"end":{}}],"line":106},"14":{"loc":{"start":{"line":133,"column":24},"end":{"line":133,"column":36}},"type":"default-arg","locations":[{"start":{"line":133,"column":34},"end":{"line":133,"column":36}}],"line":133},"15":{"loc":{"start":{"line":170,"column":35},"end":{"line":170,"column":55}},"type":"default-arg","locations":[{"start":{"line":170,"column":50},"end":{"line":170,"column":55}}],"line":170},"16":{"loc":{"start":{"line":171,"column":8},"end":{"line":173,"column":9}},"type":"if","locations":[{"start":{"line":171,"column":8},"end":{"line":173,"column":9}},{"start":{},"end":{}}],"line":171},"17":{"loc":{"start":{"line":171,"column":12},"end":{"line":171,"column":44}},"type":"binary-expr","locations":[{"start":{"line":171,"column":12},"end":{"line":171,"column":21}},{"start":{"line":171,"column":25},"end":{"line":171,"column":44}}],"line":171},"18":{"loc":{"start":{"line":178,"column":8},"end":{"line":180,"column":9}},"type":"if","locations":[{"start":{"line":178,"column":8},"end":{"line":180,"column":9}},{"start":{},"end":{}}],"line":178},"19":{"loc":{"start":{"line":185,"column":8},"end":{"line":206,"column":9}},"type":"if","locations":[{"start":{"line":185,"column":8},"end":{"line":206,"column":9}},{"start":{"line":194,"column":15},"end":{"line":206,"column":9}}],"line":185},"20":{"loc":{"start":{"line":194,"column":15},"end":{"line":206,"column":9}},"type":"if","locations":[{"start":{"line":194,"column":15},"end":{"line":206,"column":9}},{"start":{"line":198,"column":15},"end":{"line":206,"column":9}}],"line":194},"21":{"loc":{"start":{"line":214,"column":8},"end":{"line":217,"column":9}},"type":"if","locations":[{"start":{"line":214,"column":8},"end":{"line":217,"column":9}},{"start":{},"end":{}}],"line":214},"22":{"loc":{"start":{"line":225,"column":15},"end":{"line":225,"column":90}},"type":"binary-expr","locations":[{"start":{"line":225,"column":15},"end":{"line":225,"column":43}},{"start":{"line":225,"column":47},"end":{"line":225,"column":90}}],"line":225},"23":{"loc":{"start":{"line":253,"column":15},"end":{"line":253,"column":56}},"type":"cond-expr","locations":[{"start":{"line":253,"column":29},"end":{"line":253,"column":49}},{"start":{"line":253,"column":52},"end":{"line":253,"column":56}}],"line":253},"24":{"loc":{"start":{"line":297,"column":8},"end":{"line":302,"column":9}},"type":"if","locations":[{"start":{"line":297,"column":8},"end":{"line":302,"column":9}},{"start":{"line":299,"column":15},"end":{"line":302,"column":9}}],"line":297},"25":{"loc":{"start":{"line":324,"column":12},"end":{"line":326,"column":13}},"type":"if","locations":[{"start":{"line":324,"column":12},"end":{"line":326,"column":13}},{"start":{},"end":{}}],"line":324},"26":{"loc":{"start":{"line":332,"column":12},"end":{"line":334,"column":13}},"type":"if","locations":[{"start":{"line":332,"column":12},"end":{"line":334,"column":13}},{"start":{},"end":{}}],"line":332},"27":{"loc":{"start":{"line":340,"column":12},"end":{"line":342,"column":13}},"type":"if","locations":[{"start":{"line":340,"column":12},"end":{"line":342,"column":13}},{"start":{},"end":{}}],"line":340},"28":{"loc":{"start":{"line":374,"column":8},"end":{"line":377,"column":9}},"type":"if","locations":[{"start":{"line":374,"column":8},"end":{"line":377,"column":9}},{"start":{},"end":{}}],"line":374}},"s":{"0":0,"1":0,"2":0,"3":0,"4":0,"5":0,"6":0,"7":0,"8":0,"9":0,"10":0,"11":0,"12":0,"13":0,"14":0,"15":0,"16":0,"17":0,"18":0,"19":0,"20":0,"21":0,"22":0,"23":0,"24":0,"25":0,"26":0,"27":0,"28":0,"29":0,"30":0,"31":0,"32":0,"33":0,"34":0,"35":0,"36":0,"37":0,"38":0,"39":0,"40":0,"41":0,"42":0,"43":0,"44":0,"45":0,"46":0,"47":0,"48":0,"49":0,"50":0,"51":0,"52":0,"53":0,"54":0,"55":0,"56":0,"57":0,"58":0,"59":0,"60":0,"61":0,"62":0,"63":0,"64":0,"65":0,"66":0,"67":0,"68":0,"69":0,"70":0,"71":0,"72":0,"73":0,"74":0,"75":0,"76":0,"77":0,"78":0,"79":0,"80":0,"81":0,"82":0,"83":0,"84":0,"85":0,"86":0,"87":0,"88":0,"89":0,"90":0,"91":0,"92":0,"93":0,"94":0,"95":0,"96":0,"97":0,"98":0,"99":0,"100":0,"101":0,"102":0,"103":0,"104":0,"105":0,"106":0,"107":0,"108":0,"109":0,"110":0,"111":0,"112":0,"113":0,"114":0,"115":0,"116":0,"117":0,"118":0,"119":0,"120":0,"121":0,"122":0,"123":0,"124":0,"125":0,"126":0,"127":0,"128":0,"129":0,"130":0,"131":0,"132":0},"f":{"0":0,"1":0,"2":0,"3":0,"4":0,"5":0,"6":0,"7":0,"8":0,"9":0,"10":0,"11":0,"12":0,"13":0,"14":0,"15":0,"16":0,"17":0,"18":0,"19":0,"20":0,"21":0},"b":{"0":[0],"1":[0,0],"2":[0,0],"3":[0,0],"4":[0,0],"5":[0,0],"6":[0,0],"7":[0,0],"8":[0,0],"9":[0],"10":[0,0],"11":[0,0],"12":[0,0],"13":[0,0],"14":[0],"15":[0],"16":[0,0],"17":[0,0],"18":[0,0],"19":[0,0],"20":[0,0],"21":[0,0],"22":[0,0],"23":[0,0],"24":[0,0],"25":[0,0],"26":[0,0],"27":[0,0],"28":[0,0]}}
[...]
"column":0},"end":{"line":386,"column":36}}},"fnMap":{"0":{"name":"(anonymous_0)","decl":{"start":{"line":8,"column":2},"end":{"line":8,"column":3}},"loc":{"start":{"line":8,"column":24},"end":{"line":14,"column":3}},"line":8},"1":{"name":"(anonymous_1)","decl":{"start":{"line":16,"column":2},"end":{"line":16,"column":3}},"loc":{"start":{"line":16,"column":21},"end":{"line":19,"column":3}},"line":16},"2":{"name":"(anonymous_2)","decl":{"start":{"line":24,"column":2},"end":{"line":24,"column":3}},"loc":{"start":{"line":24,"column":34},"end":{"line":59,"column":3}},"line":24},"3":{"name":"(anonymous_3)","decl":{"start":{"line":64,"column":2},"end":{"line":64,"column":3}},"loc":{"start":{"line":64,"column":34},"end":{"line":96,"column":3}},"line":64},"4":{"name":"(anonymous_4)","decl":{"start":{"line":74,"column":56},"end":{"line":74,"column":57}},"loc":{"start":{"line":75,"column":6},"end":{"line":75,"column":37}},"line":75},"5":{"name":"(anonymous_5)","decl":{"start":{"line":81,"column":27},"end":{"line":81,"column":28}},"loc":{"start":{"line":81,"column":44},"end":{"line":90,"column":5}},"line":81},"6":{"name":"(anonymous_6)","decl":{"start":{"line":83,"column":68},"end":{"line":83,"column":69}},"loc":{"start":{"line":83,"column":74},"end":{"line":87,"column":9}},"line":83},"7":{"name":"(anonymous_7)","decl":{"start":{"line":93,"column":27},"end":{"line":93,"column":28}},"loc":{"start":{"line":94,"column":6},"end":{"line":94,"column":89}},"line":94},"8":{"name":"(anonymous_8)","decl":{"start":{"line":101,"column":2},"end":{"line":101,"column":3}},"loc":{"start":{"line":101,"column":31},"end":{"line":126,"column":3}},"line":101},"9":{"name":"(anonymous_9)","decl":{"start":{"line":119,"column":45},"end":{"line":119,"column":46}},"loc":{"start":{"line":119,"column":50},"end":{"line":119,"column":58}},"line":119},"10":{"name":"(anonymous_10)","decl":{"start":{"line":131,"column":2},"end":{"line":131,"column":3}},"loc":{"start":{"line":131,"column":34},"end":{"line":140,"column":3}},"line":131},"11":{"name":"(anonymous_11)","decl":{"start":{"line":145,"column":2},"end":{"line":145,"column":3}},"loc":{"start":{"line":145,"column":31},"end":{"line":160,"column":3}},"line":145},"12":{"name":"(anonymous_12)","decl":{"start":{"line":146,"column":43},"end":{"line":146,"column":44}},"loc":{"start":{"line":146,"column":55},"end":{"line":146,"column":79}},"line":146},"13":{"name":"(anonymous_13)","decl":{"start":{"line":147,"column":40},"end":{"line":147,"column":41}},"loc":{"start":{"line":147,"column":45},"end":{"line":147,"column":54}},"line":147},"14":{"name":"(anonymous_14)","decl":{"start":{"line":153,"column":40},"end":{"line":153,"column":41}},"loc":{"start":{"line":153,"column":45},"end":{"line":153,"column":53}},"line":153},"15":{"name":"(anonymous_15)","decl":{"start":{"line":165,"column":2},"end":{"line":165,"column":3}},"loc":{"start":{"line":165,"column":29},"end":{"line":181,"column":3}},"line":165},"16":{"name":"(anonymous_16)","decl":{"start":{"line":186,"column":2},"end":{"line":186,"column":3}},"loc":{"start":{"line":186,"column":44},"end":{"line":195,"column":3}},"line":186},"17":{"name":"(anonymous_17)","decl":{"start":{"line":200,"column":2},"end":{"line":200,"column":3}},"loc":{"start":{"line":200,"column":35},"end":{"line":213,"column":3}},"line":200},"18":{"name":"(anonymous_18)","decl":{"start":{"line":218,"column":2},"end":{"line":218,"column":3}},"loc":{"start":{"line":218,"column":42},"end":{"line":238,"column":3}},"line":218},"19":{"name":"(anonymous_19)","decl":{"start":{"line":243,"column":2},"end":{"line":243,"column":3}},"loc":{"start":{"line":243,"column":32},"end":{"line":261,"column":3}},"line":243},"20":{"name":"(anonymous_20)","decl":{"start":{"line":250,"column":35},"end":{"line":250,"column":36}},"loc":{"start":{"line":251,"column":6},"end":{"line":252,"column":37}},"line":251},"21":{"name":"(anonymous_21)","decl":{"start":{"line":266,"column":2},"end":{"line":266,"column":3}},"loc":{"start":{"line":266,"column":21},"end":{"line":273,"column":3}},"line":266},"22":{"name":"(anonymous_22)","decl":{"start":{"line":275,"column":2},"end":{"line":275,"column":3}},"loc":{"start":{"line":275,"column":22},"end":{"line":277,"column":3}},"line":275},"23":{"name":"(anonymous_23)","decl":{"start":{"line":279,"column":2},"end":{"line":279,"column":3}},"loc":{"start":{"line":279,"column":30},"end":{"line":281,"column":3}},"line":279},"24":{"name":"(anonymous_24)","decl":{"start":{"line":283,"column":2},"end":{"line":283,"column":3}},"loc":{"start":{"line":283,"column":30},"end":{"line":292,"column":3}},"line":283},"25":{"name":"(anonymous_25)","decl":{"start":{"line":294,"column":2},"end":{"line":294,"column":3}},"loc":{"start":{"line":294,"column":31},"end":{"line":303,"column":3}},"line":294},"26":{"name":"(anonymous_26)","decl":{"start":{"line":297,"column":31},"end":{"line":297,"column":32}},"loc":{"start":{"line":297,"column":36},"end":{"line":297,"column":55}},"line":297},"27":{"name":"(anonymous_27)","decl":{"start":{"line":298,"column":32},"end":{"line":298,"column":33}},"loc":{"start":{"line":298,"column":37},"end":{"line":298,"column":57}},"line":298},"28":{"name":"(anonymous_28)","decl":{"start":{"line":305,"column":2},"end":{"line":305,"column":3}},"loc":{"start":{"line":305,"column":22},"end":{"line":312,"column":3}},"line":305},"29":{"name":"(anonymous_29)","decl":{"start":{"line":314,"column":2},"end":{"line":314,"column":3}},"loc":{"start":{"line":314,"column":21},"end":{"line":325,"column":3}},"line":314},"30":{"name":"(anonymous_30)","decl":{"start":{"line":327,"column":2},"end":{"line":327,"column":3}},"loc":{"start":{"line":327,"column":22},"end":{"line":329,"column":3}},"line":327},"31":{"name":"(anonymous_31)","decl":{"start":{"line":334,"column":2},"end":{"line":334,"column":3}},"loc":{"start":{"line":334,"column":35},"end":{"line":350,"column":3}},"line":334},"32":{"name":"(anonymous_32)","decl":{"start":{"line":342,"column":19},"end":{"line":342,"column":20}},"loc":{"start":{"line":342,"column":26},"end":{"line":346,"column":7}},"line":342},"33":{"name":"(anonymous_33)","decl":{"start":{"line":352,"column":2},"end":{"line":352,"column":3}},"loc":{"start":{"line":352,"column":39},"end":{"line":371,"column":3}},"line":352},"34":{"name":"(anonymous_34)","decl":{"start":{"line":376,"column":2},"end":{"line":376,"column":3}},"loc":{"start":{"line":376,"column":13},"end":{"line":383,"column":3}},"line":376},"35":{"name":"(anonymous_35)","decl":{"start":{"line":381,"column":66},"end":{"line":381,"column":67}},"loc":{"start":{"line":381,"column":78},"end":{"line":381,"column":102}},"line":381}},"branchMap":{"0":{"loc":{"start":{"line":30,"column":22},"end":{"line":30,"column":54}},"type":"binary-expr","locations":[{"start":{"line":30,"column":22},"end":{"line":30,"column":48}},{"start":{"line":30,"column":52},"end":{"line":30,"column":54}}],"line":30},"1":{"loc":{"start":{"line":31,"column":15},"end":{"line":31,"column":40}},"type":"binary-expr","locations":[{"start":{"line":31,"column":15},"end":{"line":31,"column":34}},{"start":{"line":31,"column":38},"end":{"line":31,"column":40}}],"line":31},"2":{"loc":{"start":{"line":39,"column":4},"end":{"line":45,"column":5}},"type":"if","locations":[{"start":{"line":39,"column":4},"end":{"line":45,"column":5}},{"start":{"line":43,"column":11},"end":{"line":45,"column":5}}],"line":39},"3":{"loc":{"start":{"line":48,"column":4},"end":{"line":50,"column":5}},"type":"if","locations":[{"start":{"line":48,"column":4},"end":{"line":50,"column":5}},{"start":{},"end":{}}],"line":48},"4":{"loc":{"start":{"line":69,"column":4},"end":{"line":71,"column":5}},"type":"if","locations":[{"start":{"line":69,"column":4},"end":{"line":71,"column":5}},{"start":{},"end":{}}],"line":69},"5":{"loc":{"start":{"line":82,"column":6},"end":{"line":89,"column":7}},"type":"if","locations":[{"start":{"line":82,"column":6},"end":{"line":89,"column":7}},{"start":{},"end":{}}],"line":82},"6":{"loc":{"start":{"line":94,"column":7},"end":{"line":94,"column":23}},"type":"binary-expr","locations":[{"start":{"line":94,"column":7},"end":{"line":94,"column":18}},{"start":{"line":94,"column":22},"end":{"line":94,"column":23}}],"line":94},"7":{"loc":{"start":{"line":94,"column":28},"end":{"line":94,"column":45}},"type":"binary-expr","locations":[{"start":{"line":94,"column":28},"end":{"line":94,"column":40}},{"start":{"line":94,"column":44},"end":{"line":94,"column":45}}],"line":94},"8":{"loc":{"start":{"line":94,"column":50},"end":{"line":94,"column":66}},"type":"binary-expr","locations":[{"start":{"line":94,"column":50},"end":{"line":94,"column":61}},{"start":{"line":94,"column":65},"end":{"line":94,"column":66}}],"line":94},"9":{"loc":{"start":{"line":94,"column":71},"end":{"line":94,"column":88}},"type":"binary-expr","locations":[{"start":{"line":94,"column":71},"end":{"line":94,"column":83}},{"start":{"line":94,"column":87},"end":{"line":94,"column":88}}],"line":94},"10":{"loc":{"start":{"line":109,"column":6},"end":{"line":111,"column":7}},"type":"if","locations":[{"start":{"line":109,"column":6},"end":{"line":111,"column":7}},{"start":{},"end":{}}],"line":109},"11":{"loc":{"start":{"line":118,"column":6},"end":{"line":124,"column":7}},"type":"if","locations":[{"start":{"line":118,"column":6},"end":{"line":124,"column":7}},{"start":{},"end":{}}],"line":118},"12":{"loc":{"start":{"line":120,"column":8},"end":{"line":123,"column":9}},"type":"if","locations":[{"start":{"line":120,"column":8},"end":{"line":123,"column":9}},{"start":{},"end":{}}],"line":120},"13":{"loc":{"start":{"line":146,"column":62},"end":{"line":146,"column":78}},"type":"binary-expr","locations":[{"start":{"line":146,"column":62},"end":{"line":146,"column":73}},{"start":{"line":146,"column":77},"end":{"line":146,"column":78}}],"line":146},"14":{"loc":{"start":{"line":170,"column":6},"end":{"line":170,"column":43}},"type":"if","locations":[{"start":{"line":170,"column":6},"end":{"line":170,"column":43}},{"start":{},"end":{}}],"line":170},"15":{"loc":{"start":{"line":175,"column":6},"end":{"line":177,"column":7}},"type":"if","locations":[{"start":{"line":175,"column":6},"end":{"line":177,"column":7}},{"start":{},"end":{}}],"line":175},"16":{"loc":{"start":{"line":191,"column":6},"end":{"line":191,"column":45}},"type":"if","locations":[{"start":{"line":191,"column":6},"end":{"line":191,"column":45}},{"start":{},"end":{}}],"line":191},"17":{"loc":{"start":{"line":201,"column":4},"end":{"line":201,"column":52}},"type":"if","locations":[{"start":{"line":201,"column":4},"end":{"line":201,"column":52}},{"start":{},"end":{}}],"line":201},"18":{"loc":{"start":{"line":204,"column":4},"end":{"line":210,"column":5}},"type":"if","locations":[{"start":{"line":204,"column":4},"end":{"line":210,"column":5}},{"start":{},"end":{}}],"line":204},"19":{"loc":{"start":{"line":204,"column":8},"end":{"line":204,"column":57}},"type":"binary-expr","locations":[{"start":{"line":204,"column":8},"end":{"line":204,"column":31}},{"start":{"line":204,"column":35},"end":{"line":204,"column":57}}],"line":204},"20":{"loc":{"start":{"line":222,"column":4},"end":{"line":222,"column":52}},"type":"if","locations":[{"start":{"line":222,"column":4},"end":{"line":222,"column":52}},{"start":{},"end":{}}],"line":222},"21":{"loc":{"start":{"line":225,"column":4},"end":{"line":225,"column":58}},"type":"if","locations":[{"start":{"line":225,"column":4},"end":{"line":225,"column":58}},{"start":{},"end":{}}],"line":225},"22":{"loc":{"start":{"line":228,"column":4},"end":{"line":228,"column":58}},"type":"if","locations":[{"start":{"line":228,"column":4},"end":{"line":228,"column":58}},{"start":{},"end":{}}],"line":228},"23":{"loc":{"start":{"line":231,"column":4},"end":{"line":231,"column":60}},"type":"if","locations":[{"start":{"line":231,"column":4},"end":{"line":231,"column":60}},{"start":{},"end":{}}],"line":231},"24":{"loc":{"start":{"line":234,"column":4},"end":{"line":234,"column":52}},"type":"if","locations":[{"start":{"line":234,"column":4},"end":{"line":234,"column":52}},{"start":{},"end":{}}],"line":234},"25":{"loc":{"start":{"line":245,"column":4},"end":{"line":247,"column":5}},"type":"if","locations":[{"start":{"line":245,"column":4},"end":{"line":247,"column":5}},{"start":{},"end":{}}],"line":245},"26":{"loc":{"start":{"line":251,"column":6},"end":{"line":252,"column":37}},"type":"binary-expr","locations":[{"start":{"line":251,"column":6},"end":{"line":251,"column":29}},{"start":{"line":252,"column":6},"end":{"line":252,"column":37}}],"line":251},"27":{"loc":{"start":{"line":255,"column":4},"end":{"line":260,"column":5}},"type":"if","locations":[{"start":{"line":255,"column":4},"end":{"line":260,"column":5}},{"start":{"line":258,"column":11},"end":{"line":260,"column":5}}],"line":255},"28":{"loc":{"start":{"line":284,"column":4},"end":{"line":284,"column":36}},"type":"if","locations":[{"start":{"line":284,"column":4},"end":{"line":284,"column":36}},{"start":{},"end":{}}],"line":284},"29":{"loc":{"start":{"line":285,"column":12},"end":{"line":285,"column":17}},"type":"default-arg","locations":[{"start":{"line":285,"column":16},"end":{"line":285,"column":17}}],"line":285},"30":{"loc":{"start":{"line":285,"column":19},"end":{"line":285,"column":24}},"type":"default-arg","locations":[{"start":{"line":285,"column":23},"end":{"line":285,"column":24}}],"line":285},"31":{"loc":{"start":{"line":287,"column":4},"end":{"line":287,"column":30}},"type":"if","locations":[{"start":{"line":287,"column":4},"end":{"line":287,"column":30}},{"start":{},"end":{}}],"line":287},"32":{"loc":{"start":{"line":288,"column":4},"end":{"line":288,"column":33}},"type":"if","locations":[{"start":{"line":288,"column":4},"end":{"line":288,"column":33}},{"start":{},"end":{}}],"line":288},"33":{"loc":{"start":{"line":289,"column":4},"end":{"line":289,"column":31}},"type":"if","locations":[{"start":{"line":289,"column":4},"end":{"line":289,"column":31}},{"start":{},"end":{}}],"line":289},"34":{"loc":{"start":{"line":290,"column":4},"end":{"line":290,"column":32}},"type":"if","locations":[{"start":{"line":290,"column":4},"end":{"line":290,"column":32}},{"start":{},"end":{}}],"line":290},"35":{"loc":{"start":{"line":295,"column":4},"end":{"line":295,"column":52}},"type":"if","locations":[{"start":{"line":295,"column":4},"end":{"line":295,"column":52}},{"start":{},"end":{}}],"line":295},"36":{"loc":{"start":{"line":295,"column":8},"end":{"line":295,"column":33}},"type":"binary-expr","locations":[{"start":{"line":295,"column":8},"end":{"line":295,"column":15}},{"start":{"line":295,"column":19},"end":{"line":295,"column":33}}],"line":295},"37":{"loc":{"start":{"line":300,"column":4},"end":{"line":300,"column":42}},"type":"if","locations":[{"start":{"line":300,"column":4},"end":{"line":300,"column":42}},{"start":{},"end":{}}],"line":300},"38":{"loc":{"start":{"line":300,"column":8},"end":{"line":300,"column":26}},"type":"binary-expr","locations":[{"start":{"line":300,"column":8},"end":{"line":300,"column":14}},{"start":{"line":300,"column":18},"end":{"line":300,"column":26}}],"line":300},"39":{"loc":{"start":{"line":301,"column":4},"end":{"line":301,"column":43}},"type":"if","locations":[{"start":{"line":301,"column":4},"end":{"line":301,"column":43}},{"start":{},"end":{}}],"line":301},"40":{"loc":{"start":{"line":301,"column":8},"end":{"line":301,"column":26}},"type":"binary-expr","locations":[{"start":{"line":301,"column":8},"end":{"line":301,"column":15}},{"start":{"line":301,"column":19},"end":{"line":301,"column":26}}],"line":301},"41":{"loc":{"start":{"line":306,"column":4},"end":{"line":306,"column":31}},"type":"if","locations":[{"start":{"line":306,"column":4},"end":{"line":306,"column":31}},{"start":{},"end":{}}],"line":306},"42":{"loc":{"start":{"line":307,"column":18},"end":{"line":307,"column":33}},"type":"binary-expr","locations":[{"start":{"line":307,"column":18},"end":{"line":307,"column":28}},{"start":{"line":307,"column":32},"end":{"line":307,"column":33}}],"line":307},"43":{"loc":{"start":{"line":307,"column":38},"end":{"line":307,"column":54}},"type":"binary-expr","locations":[{"start":{"line":307,"column":38},"end":{"line":307,"column":49}},{"start":{"line":307,"column":53},"end":{"line":307,"column":54}}],"line":307},"44":{"loc":{"start":{"line":309,"column":4},"end":{"line":309,"column":36}},"type":"if","locations":[{"start":{"line":309,"column":4},"end":{"line":309,"column":36}},{"start":{},"end":{}}],"line":309},"45":{"loc":{"start":{"line":310,"column":4},"end":{"line":310,"column":37}},"type":"if","locations":[{"start":{"line":310,"column":4},"end":{"line":310,"column":37}},{"start":{},"end":{}}],"line":310},"46":{"loc":{"start":{"line":316,"column":4},"end":{"line":323,"column":5}},"type":"if","locations":[{"start":{"line":316,"column":4},"end":{"line":323,"column":5}},{"start":{},"end":{}}],"line":316},"47":{"loc":{"start":{"line":335,"column":4},"end":{"line":335,"column":25}},"type":"if","locations":[{"start":{"line":335,"column":4},"end":{"line":335,"column":25}},{"start":{},"end":{}}],"line":335},"48":{"loc":{"start":{"line":353,"column":4},"end":{"line":353,"column":25}},"type":"if","locations":[{"start":{"line":353,"column":4},"end":{"line":353,"column":25}},{"start":{},"end":{}}],"line":353},"49":{"loc":{"start":{"line":381,"column":24},"end":{"line":381,"column":132}},"type":"binary-expr","locations":[{"start":{"line":381,"column":24},"end":{"line":381,"column":127}},{"start":{"line":381,"column":131},"end":{"line":381,"column":132}}],"line":381},"50":{"loc":{"start":{"line":381,"column":85},"end":{"line":381,"column":101}},"type":"binary-expr","locations":[{"start":{"line":381,"column":85},"end":{"line":381,"column":96}},{"start":{"line":381,"column":100},"end":{"line":381,"column":101}}],"line":381}},"s":{"0":0,"1":0,"2":0,"3":0,"4":0,"5":0,"6":0,"7":0,"8":0,"9":0,"10":0,"11":0,"12":0,"13":0,"14":0,"15":0,"16":0,"17":0,"18":0,"19":0,"20":0,"21":0,"22":0,"23":0,"24":0,"25":0,"26":0,"27":0,"28":0,"29":0,"30":0,"31":0,"32":0,"33":0,"34":0,"35":0,"36":0,"37":0,"38":0,"39":0,"40":0,"41":0,"42":0,"43":0,"44":0,"45":0,"46":0,"47":0,"48":0,"49":0,"50":0,"51":0,"52":0,"53":0,"54":0,"55":0,"56":0,"57":0,"58":0,"59":0,"60":0,"61":0,"62":0,"63":0,"64":0,"65":0,"66":0,"67":0,"68":0,"69":0,"70":0,"71":0,"72":0,"73":0,"74":0,"75":0,"76":0,"77":0,"78":0,"79":0,"80":0,"81":0,"82":0,"83":0,"84":0,"85":0,"86":0,"87":0,"88":0,"89":0,"90":0,"91":0,"92":0,"93":0,"94":0,"95":0,"96":0,"97":0,"98":0,"99":0,"100":0,"101":0,"102":0,"103":0,"104":0,"105":0,"106":0,"107":0,"108":0,"109":0,"110":0,"111":0,"112":0,"113":0,"114":0,"115":0,"116":0,"117":0,"118":0,"119":0,"120":0,"121":0,"122":0,"123":0,"124":0,"125":0,"126":0,"127":0,"128":0,"129":0,"130":0,"131":0,"132":0,"133":0,"134":0,"135":0,"136":0,"137":0,"138":0,"139":0,"140":0,"141":0,"142":0,"143":0,"144":0,"145":0,"146":0,"147":0,"148":0,"149":0,"150":0,"151":0,"152":0,"153":0,"154":0,"155":0,"156":0,"157":0,"158":0,"159":0,"160":0,"161":0,"162":0,"163":0,"164":0,"165":0,"166":0,"167":0,"168":0,"169":0,"170":0,"171":0,"172":1},"f":{"0":0,"1":0,"2":0,"3":0,"4":0,"5":0,"6":0,"7":0,"8":0,"9":0,"10":0,"11":0,"12":0,"13":0,"14":0,"15":0,"16":0,"17":0,"18":0,"19":0,"20":0,"21":0,"22":0,"23":0,"24":0,"25":0,"26":0,"27":0,"28":0,"29":0,"30":0,"31":0,"32":0,"33":0,"34":0,"35":0},"b":{"0":[0,0],"1":[0,0],"2":[0,0],"3":[0,0],"4":[0,0],"5":[0,0],"6":[0,0],"7":[0,0],"8":[0,0],"9":[0,0],"10":[0,0],"11":[0,0],"12":[0,0],"13":[0,0],"14":[0,0],"15":[0,0],"16":[0,0],"17":[0,0],"18":[0,0],"19":[0,0],"20":[0,0],"21":[0,0],"22":[0,0],"23":[0,0],"24":[0,0],"25":[0,0],"26":[0,0],"27":[0,0],"28":[0,0],"29":[0],"30":[0],"31":[0,0],"32":[0,0],"33":[0,0],"34":[0,0],"35":[0,0],"36":[0,0],"37":[0,0],"38":[0,0],"39":[0,0],"40":[0,0],"41":[0,0],"42":[0,0],"43":[0,0],"44":[0,0],"45":[0,0],"46":[0,0],"47":[0,0],"48":[0,0],"49":[0,0],"50":[0,0]},"_coverageSchema":"1a1c01bbd47fc00a2c39e90264f33305004495a9","hash":"47c4fabdff7acb66c58bc0953f587cf284fb26ba"}
}
