TN:
SF:src\api\RestAPIServer.js
FN:17,(anonymous_0)
FN:49,(anonymous_1)
FN:63,(anonymous_2)
FN:75,(anonymous_3)
FN:90,(anonymous_4)
FN:92,(anonymous_5)
FN:101,(anonymous_6)
FN:138,(anonymous_7)
FN:158,(anonymous_8)
FN:178,(anonymous_9)
FN:198,(anonymous_10)
FN:218,(anonymous_11)
FN:239,(anonymous_12)
FN:259,(anonymous_13)
FN:260,(anonymous_14)
FN:270,(anonymous_15)
FN:279,(anonymous_16)
FN:294,(anonymous_17)
FN:302,(anonymous_18)
FN:303,(anonymous_19)
FN:307,(anonymous_20)
FN:316,(anonymous_21)
FN:327,(anonymous_22)
FN:342,(anonymous_23)
FN:343,(anonymous_24)
FN:355,(anonymous_25)
FNF:26
FNH:0
FNDA:0,(anonymous_0)
FNDA:0,(anonymous_1)
FNDA:0,(anonymous_2)
FNDA:0,(anonymous_3)
FNDA:0,(anonymous_4)
FNDA:0,(anonymous_5)
FNDA:0,(anonymous_6)
FNDA:0,(anonymous_7)
FNDA:0,(anonymous_8)
FNDA:0,(anonymous_9)
FNDA:0,(anonymous_10)
FNDA:0,(anonymous_11)
FNDA:0,(anonymous_12)
FNDA:0,(anonymous_13)
FNDA:0,(anonymous_14)
FNDA:0,(anonymous_15)
FNDA:0,(anonymous_16)
FNDA:0,(anonymous_17)
FNDA:0,(anonymous_18)
FNDA:0,(anonymous_19)
FNDA:0,(anonymous_20)
FNDA:0,(anonymous_21)
FNDA:0,(anonymous_22)
FNDA:0,(anonymous_23)
FNDA:0,(anonymous_24)
FNDA:0,(anonymous_25)
DA:7,1
DA:8,1
DA:9,1
DA:10,1
DA:18,0
DA:20,0
DA:29,0
DA:30,0
DA:31,0
DA:32,0
DA:34,0
DA:35,0
DA:37,0
DA:51,0
DA:54,0
DA:55,0
DA:59,0
DA:60,0
DA:63,0
DA:64,0
DA:65,0
DA:70,0
DA:74,0
DA:75,0
DA:76,0
DA:77,0
DA:78,0
DA:80,0
DA:92,0
DA:93,0
DA:101,0
DA:102,0
DA:103,0
DA:105,0
DA:106,0
DA:111,0
DA:112,0
DA:118,0
DA:125,0
DA:126,0
DA:128,0
DA:133,0
DA:138,0
DA:139,0
DA:140,0
DA:141,0
DA:143,0
DA:144,0
DA:145,0
DA:148,0
DA:149,0
DA:151,0
DA:153,0
DA:158,0
DA:159,0
DA:160,0
DA:161,0
DA:163,0
DA:164,0
DA:165,0
DA:168,0
DA:169,0
DA:171,0
DA:173,0
DA:178,0
DA:179,0
DA:180,0
DA:181,0
DA:183,0
DA:184,0
DA:185,0
DA:188,0
DA:189,0
DA:191,0
DA:193,0
DA:198,0
DA:199,0
DA:200,0
DA:201,0
DA:203,0
DA:204,0
DA:205,0
DA:208,0
DA:209,0
DA:211,0
DA:213,0
DA:218,0
DA:219,0
DA:220,0
DA:222,0
DA:223,0
DA:224,0
DA:227,0
DA:234,0
DA:239,0
DA:240,0
DA:241,0
DA:243,0
DA:244,0
DA:245,0
DA:248,0
DA:249,0
DA:250,0
DA:252,0
DA:254,0
DA:259,0
DA:260,0
DA:266,0
DA:270,0
DA:271,0
DA:280,0
DA:281,0
DA:282,0
DA:284,0
DA:285,0
DA:287,0
DA:295,0
DA:303,0
DA:304,0
DA:308,0
DA:312,0
DA:316,0
DA:317,0
DA:318,0
DA:329,0
DA:330,0
DA:331,0
DA:333,0
DA:337,0
DA:338,0
DA:341,0
DA:342,0
DA:343,0
DA:344,0
DA:345,0
DA:356,0
DA:364,1
LF:137
LH:5
BRDA:17,0,0,0
BRDA:21,1,0,0
BRDA:21,1,1,0
BRDA:22,2,0,0
BRDA:22,2,1,0
BRDA:24,3,0,0
BRDA:24,3,1,0
BRDA:25,4,0,0
BRDA:25,4,1,0
BRDA:54,5,0,0
BRDA:54,5,1,0
BRDA:74,6,0,0
BRDA:74,6,1,0
BRDA:77,7,0,0
BRDA:77,7,1,0
BRDA:105,8,0,0
BRDA:105,8,1,0
BRDA:105,9,0,0
BRDA:105,9,1,0
BRDA:144,10,0,0
BRDA:144,10,1,0
BRDA:164,11,0,0
BRDA:164,11,1,0
BRDA:184,12,0,0
BRDA:184,12,1,0
BRDA:204,13,0,0
BRDA:204,13,1,0
BRDA:223,14,0,0
BRDA:223,14,1,0
BRDA:244,15,0,0
BRDA:244,15,1,0
BRDA:341,16,0,0
BRDA:341,16,1,0
BRF:33
BRH:0
end_of_record
TN:
SF:src\api\WebSocketServer.js
FN:15,(anonymous_0)
FN:42,(anonymous_1)
FN:43,(anonymous_2)
FN:68,(anonymous_3)
FN:69,(anonymous_4)
FN:73,(anonymous_5)
FN:82,(anonymous_6)
FN:106,(anonymous_7)
FN:110,(anonymous_8)
FN:117,(anonymous_9)
FN:121,(anonymous_10)
FN:139,(anonymous_11)
FN:173,(anonymous_12)
FN:193,(anonymous_13)
FN:219,(anonymous_14)
FN:247,(anonymous_15)
FN:268,(anonymous_16)
FN:286,(anonymous_17)
FN:296,(anonymous_18)
FN:297,(anonymous_19)
FN:314,(anonymous_20)
FN:322,(anonymous_21)
FN:336,(anonymous_22)
FN:337,(anonymous_23)
FN:349,(anonymous_24)
FN:354,(anonymous_25)
FNF:26
FNH:0
FNDA:0,(anonymous_0)
FNDA:0,(anonymous_1)
FNDA:0,(anonymous_2)
FNDA:0,(anonymous_3)
FNDA:0,(anonymous_4)
FNDA:0,(anonymous_5)
FNDA:0,(anonymous_6)
FNDA:0,(anonymous_7)
FNDA:0,(anonymous_8)
FNDA:0,(anonymous_9)
FNDA:0,(anonymous_10)
FNDA:0,(anonymous_11)
FNDA:0,(anonymous_12)
FNDA:0,(anonymous_13)
FNDA:0,(anonymous_14)
FNDA:0,(anonymous_15)
FNDA:0,(anonymous_16)
FNDA:0,(anonymous_17)
FNDA:0,(anonymous_18)
FNDA:0,(anonymous_19)
FNDA:0,(anonymous_20)
FNDA:0,(anonymous_21)
FNDA:0,(anonymous_22)
FNDA:0,(anonymous_23)
FNDA:0,(anonymous_24)
FNDA:0,(anonymous_25)
DA:7,1
DA:8,1
DA:16,0
DA:18,0
DA:26,0
DA:27,0
DA:28,0
DA:30,0
DA:43,0
DA:44,0
DA:45,0
DA:49,0
DA:50,0
DA:52,0
DA:56,0
DA:58,0
DA:59,0
DA:69,0
DA:70,0
DA:73,0
DA:74,0
DA:83,0
DA:86,0
DA:87,0
DA:88,0
DA:89,0
DA:90,0
DA:94,0
DA:102,0
DA:103,0
DA:106,0
DA:107,0
DA:110,0
DA:111,0
DA:112,0
DA:113,0
DA:117,0
DA:118,0
DA:121,0
DA:122,0
DA:126,0
DA:132,0
DA:140,0
DA:142,0
DA:143,0
DA:145,0
DA:147,0
DA:148,0
DA:151,0
DA:152,0
DA:155,0
DA:156,0
DA:159,0
DA:162,0
DA:174,0
DA:175,0
DA:178,0
DA:179,0
DA:182,0
DA:183,0
DA:185,0
DA:194,0
DA:195,0
DA:197,0
DA:199,0
DA:200,0
DA:203,0
DA:205,0
DA:211,0
DA:220,0
DA:221,0
DA:222,0
DA:225,0
DA:226,0
DA:227,0
DA:228,0
DA:229,0
DA:233,0
DA:239,0
DA:248,0
DA:249,0
DA:251,0
DA:258,0
DA:259,0
DA:269,0
DA:270,0
DA:271,0
DA:274,0
DA:275,0
DA:276,0
DA:278,0
DA:287,0
DA:288,0
DA:297,0
DA:298,0
DA:299,0
DA:300,0
DA:301,0
DA:303,0
DA:304,0
DA:315,0
DA:323,0
DA:324,0
DA:328,0
DA:329,0
DA:332,0
DA:333,0
DA:335,0
DA:336,0
DA:337,0
DA:338,0
DA:339,0
DA:350,0
DA:354,0
DA:359,1
LF:115
LH:3
BRDA:15,0,0,0
BRDA:19,1,0,0
BRDA:19,1,1,0
BRDA:20,2,0,0
BRDA:20,2,1,0
BRDA:21,3,0,0
BRDA:21,3,1,0
BRDA:22,4,0,0
BRDA:22,4,1,0
BRDA:45,5,0,0
BRDA:45,5,1,0
BRDA:86,6,0,0
BRDA:86,6,1,0
BRDA:88,7,0,0
BRDA:88,7,1,0
BRDA:112,8,0,0
BRDA:112,8,1,0
BRDA:145,9,0,0
BRDA:145,9,1,0
BRDA:145,9,2,0
BRDA:145,9,3,0
BRDA:175,10,0,0
BRDA:175,10,1,0
BRDA:195,11,0,0
BRDA:195,11,1,0
BRDA:199,12,0,0
BRDA:199,12,1,0
BRDA:221,13,0,0
BRDA:221,13,1,0
BRDA:226,14,0,0
BRDA:226,14,1,0
BRDA:228,15,0,0
BRDA:228,15,1,0
BRDA:249,16,0,0
BRDA:249,16,1,0
BRDA:270,17,0,0
BRDA:270,17,1,0
BRDA:270,18,0,0
BRDA:270,18,1,0
BRDA:299,19,0,0
BRDA:299,19,1,0
BRDA:323,20,0,0
BRDA:323,20,1,0
BRDA:335,21,0,0
BRDA:335,21,1,0
BRF:45
BRH:0
end_of_record
TN:
SF:src\core\BrowserAgentCore.js
FN:19,(anonymous_0)
FN:46,(anonymous_1)
FN:62,(anonymous_2)
FN:89,(anonymous_3)
FN:115,(anonymous_4)
FN:160,(anonymous_5)
FN:189,(anonymous_6)
FN:207,(anonymous_7)
FN:225,(anonymous_8)
FN:237,(anonymous_9)
FN:238,(anonymous_10)
FN:270,(anonymous_11)
FN:290,(anonymous_12)
FN:302,(anonymous_13)
FN:314,(anonymous_14)
FN:330,(anonymous_15)
FN:346,(anonymous_16)
FN:359,(anonymous_17)
FN:374,(anonymous_18)
FN:381,(anonymous_19)
FN:385,(anonymous_20)
FN:389,(anonymous_21)
FN:393,(anonymous_22)
FNF:23
FNH:0
FNDA:0,(anonymous_0)
FNDA:0,(anonymous_1)
FNDA:0,(anonymous_2)
FNDA:0,(anonymous_3)
FNDA:0,(anonymous_4)
FNDA:0,(anonymous_5)
FNDA:0,(anonymous_6)
FNDA:0,(anonymous_7)
FNDA:0,(anonymous_8)
FNDA:0,(anonymous_9)
FNDA:0,(anonymous_10)
FNDA:0,(anonymous_11)
FNDA:0,(anonymous_12)
FNDA:0,(anonymous_13)
FNDA:0,(anonymous_14)
FNDA:0,(anonymous_15)
FNDA:0,(anonymous_16)
FNDA:0,(anonymous_17)
FNDA:0,(anonymous_18)
FNDA:0,(anonymous_19)
FNDA:0,(anonymous_20)
FNDA:0,(anonymous_21)
FNDA:0,(anonymous_22)
DA:7,3
DA:20,0
DA:22,0
DA:23,0
DA:24,0
DA:25,0
DA:26,0
DA:28,0
DA:29,0
DA:30,0
DA:32,0
DA:47,0
DA:48,0
DA:52,0
DA:54,0
DA:55,0
DA:64,0
DA:65,0
DA:68,0
DA:70,0
DA:71,0
DA:72,0
DA:76,0
DA:77,0
DA:79,0
DA:90,0
DA:92,0
DA:94,0
DA:95,0
DA:97,0
DA:99,0
DA:102,0
DA:104,0
DA:105,0
DA:116,0
DA:118,0
DA:119,0
DA:121,0
DA:123,0
DA:126,0
DA:137,0
DA:139,0
DA:140,0
DA:142,0
DA:144,0
DA:146,0
DA:147,0
DA:149,0
DA:150,0
DA:161,0
DA:163,0
DA:165,0
DA:166,0
DA:169,0
DA:175,0
DA:177,0
DA:179,0
DA:180,0
DA:190,0
DA:192,0
DA:194,0
DA:200,0
DA:208,0
DA:210,0
DA:211,0
DA:213,0
DA:226,0
DA:227,0
DA:229,0
DA:238,0
DA:239,0
DA:240,0
DA:248,0
DA:249,0
DA:250,0
DA:251,0
DA:265,0
DA:268,0
DA:270,0
DA:277,0
DA:291,0
DA:292,0
DA:294,0
DA:303,0
DA:305,0
DA:306,0
DA:308,0
DA:309,0
DA:311,0
DA:312,0
DA:314,0
DA:315,0
DA:317,0
DA:318,0
DA:320,0
DA:323,0
DA:331,0
DA:332,0
DA:334,0
DA:337,0
DA:338,0
DA:347,0
DA:360,0
DA:362,0
DA:363,0
DA:366,0
DA:367,0
DA:375,0
DA:376,0
DA:382,0
DA:386,0
DA:390,0
DA:394,0
DA:398,3
LF:114
LH:2
BRDA:19,0,0,0
BRDA:25,1,0,0
BRDA:25,1,1,0
BRDA:47,2,0,0
BRDA:47,2,1,0
BRDA:64,3,0,0
BRDA:64,3,1,0
BRDA:64,4,0,0
BRDA:64,4,1,0
BRDA:64,4,2,0
BRDA:95,5,0,0
BRDA:95,5,1,0
BRDA:115,6,0,0
BRDA:131,7,0,0
BRDA:131,7,1,0
BRDA:160,8,0,0
BRDA:172,9,0,0
BRDA:172,9,1,0
BRDA:210,10,0,0
BRDA:210,10,1,0
BRDA:226,11,0,0
BRDA:226,11,1,0
BRDA:249,12,0,0
BRDA:249,12,1,0
BRDA:249,13,0,0
BRDA:249,13,1,0
BRDA:291,14,0,0
BRDA:291,14,1,0
BRDA:303,15,0,0
BRDA:303,15,1,0
BRDA:303,15,2,0
BRDA:303,15,3,0
BRDA:303,15,4,0
BRDA:303,15,5,0
BRDA:331,16,0,0
BRDA:331,16,1,0
BRDA:349,17,0,0
BRDA:349,17,1,0
BRDA:360,18,0,0
BRDA:360,18,1,0
BRDA:362,19,0,0
BRDA:362,19,1,0
BRDA:375,20,0,0
BRDA:375,20,1,0
BRF:44
BRH:0
end_of_record
TN:
SF:src\enterprise\BrowserbaseSessionManager.js
FN:24,(anonymous_0)
FN:62,(anonymous_1)
FN:86,(anonymous_2)
FN:103,(anonymous_3)
FN:104,(anonymous_4)
FN:105,(anonymous_5)
FN:133,(anonymous_6)
FN:170,(anonymous_7)
FN:224,(anonymous_8)
FN:242,(anonymous_9)
FN:251,(anonymous_10)
FN:260,(anonymous_11)
FN:266,(anonymous_12)
FN:275,(anonymous_13)
FN:295,(anonymous_14)
FN:309,(anonymous_15)
FN:310,(anonymous_16)
FN:319,(anonymous_17)
FN:341,(anonymous_18)
FN:350,(anonymous_19)
FN:364,(anonymous_20)
FN:373,(anonymous_21)
FNF:22
FNH:0
FNDA:0,(anonymous_0)
FNDA:0,(anonymous_1)
FNDA:0,(anonymous_2)
FNDA:0,(anonymous_3)
FNDA:0,(anonymous_4)
FNDA:0,(anonymous_5)
FNDA:0,(anonymous_6)
FNDA:0,(anonymous_7)
FNDA:0,(anonymous_8)
FNDA:0,(anonymous_9)
FNDA:0,(anonymous_10)
FNDA:0,(anonymous_11)
FNDA:0,(anonymous_12)
FNDA:0,(anonymous_13)
FNDA:0,(anonymous_14)
FNDA:0,(anonymous_15)
FNDA:0,(anonymous_16)
FNDA:0,(anonymous_17)
FNDA:0,(anonymous_18)
FNDA:0,(anonymous_19)
FNDA:0,(anonymous_20)
FNDA:0,(anonymous_21)
DA:7,0
DA:8,0
DA:25,0
DA:27,0
DA:28,0
DA:29,0
DA:30,0
DA:31,0
DA:32,0
DA:39,0
DA:40,0
DA:41,0
DA:44,0
DA:54,0
DA:55,0
DA:63,0
DA:64,0
DA:67,0
DA:68,0
DA:72,0
DA:73,0
DA:74,0
DA:77,0
DA:78,0
DA:88,0
DA:89,0
DA:90,0
DA:95,0
DA:96,0
DA:97,0
DA:101,0
DA:103,0
DA:104,0
DA:105,0
DA:106,0
DA:107,0
DA:109,0
DA:112,0
DA:119,0
DA:124,0
DA:134,0
DA:140,0
DA:142,0
DA:143,0
DA:145,0
DA:151,0
DA:152,0
DA:154,0
DA:156,0
DA:158,0
DA:159,0
DA:160,0
DA:171,0
DA:172,0
DA:175,0
DA:176,0
DA:178,0
DA:179,0
DA:183,0
DA:185,0
DA:187,0
DA:188,0
DA:189,0
DA:190,0
DA:192,0
DA:194,0
DA:196,0
DA:197,0
DA:200,0
DA:201,0
DA:202,0
DA:204,0
DA:208,0
DA:211,0
DA:214,0
DA:215,0
DA:216,0
DA:225,0
DA:226,0
DA:227,0
DA:229,0
DA:230,0
DA:231,0
DA:233,0
DA:243,0
DA:252,0
DA:253,0
DA:261,0
DA:264,0
DA:265,0
DA:267,0
DA:273,0
DA:274,0
DA:276,0
DA:281,0
DA:283,0
DA:284,0
DA:285,0
DA:287,0
DA:296,0
DA:297,0
DA:298,0
DA:300,0
DA:310,0
DA:311,0
DA:320,0
DA:321,0
DA:323,0
DA:324,0
DA:325,0
DA:329,0
DA:330,0
DA:331,0
DA:332,0
DA:333,0
DA:338,0
DA:339,0
DA:340,0
DA:341,0
DA:351,0
DA:365,0
DA:366,0
DA:374,0
DA:375,0
DA:376,0
DA:380,0
DA:381,0
DA:382,0
DA:384,0
DA:387,0
DA:389,0
DA:393,0
LF:132
LH:0
BRDA:24,0,0,0
BRDA:27,1,0,0
BRDA:27,1,1,0
BRDA:28,2,0,0
BRDA:28,2,1,0
BRDA:29,3,0,0
BRDA:29,3,1,0
BRDA:30,4,0,0
BRDA:30,4,1,0
BRDA:32,5,0,0
BRDA:32,5,1,0
BRDA:63,6,0,0
BRDA:63,6,1,0
BRDA:67,7,0,0
BRDA:67,7,1,0
BRDA:73,8,0,0
BRDA:73,8,1,0
BRDA:86,9,0,0
BRDA:88,10,0,0
BRDA:88,10,1,0
BRDA:88,11,0,0
BRDA:88,11,1,0
BRDA:101,12,0,0
BRDA:101,12,1,0
BRDA:106,13,0,0
BRDA:106,13,1,0
BRDA:133,14,0,0
BRDA:170,15,0,0
BRDA:171,16,0,0
BRDA:171,16,1,0
BRDA:171,17,0,0
BRDA:171,17,1,0
BRDA:178,18,0,0
BRDA:178,18,1,0
BRDA:185,19,0,0
BRDA:185,19,1,0
BRDA:194,20,0,0
BRDA:194,20,1,0
BRDA:214,21,0,0
BRDA:214,21,1,0
BRDA:225,22,0,0
BRDA:225,22,1,0
BRDA:253,23,0,0
BRDA:253,23,1,0
BRDA:297,24,0,0
BRDA:297,24,1,0
BRDA:324,25,0,0
BRDA:324,25,1,0
BRDA:332,26,0,0
BRDA:332,26,1,0
BRDA:340,27,0,0
BRDA:340,27,1,0
BRDA:374,28,0,0
BRDA:374,28,1,0
BRF:54
BRH:0
end_of_record
TN:
SF:src\enterprise\distributedExecutor.js
FN:13,(anonymous_0)
FN:45,(anonymous_1)
FN:65,(anonymous_2)
FN:86,(anonymous_3)
FN:87,(anonymous_4)
FN:90,(anonymous_5)
FN:100,(anonymous_6)
FN:111,(anonymous_7)
FN:134,(anonymous_8)
FN:135,(anonymous_9)
FN:136,(anonymous_10)
FN:142,(anonymous_11)
FN:162,(anonymous_12)
FN:163,(anonymous_13)
FN:164,(anonymous_14)
FN:182,(anonymous_15)
FN:195,(anonymous_16)
FN:197,(anonymous_17)
FN:222,(anonymous_18)
FN:232,(anonymous_19)
FN:233,(anonymous_20)
FN:241,(anonymous_21)
FN:242,(anonymous_22)
FN:252,(anonymous_23)
FN:263,(anonymous_24)
FN:285,(anonymous_25)
FN:297,(anonymous_26)
FN:326,(anonymous_27)
FN:365,(anonymous_28)
FN:406,(anonymous_29)
FN:417,(anonymous_30)
FN:439,(anonymous_31)
FN:459,(anonymous_32)
FN:474,(anonymous_33)
FN:488,(anonymous_34)
FN:489,(anonymous_35)
FN:495,(anonymous_36)
FN:496,(anonymous_37)
FN:504,(anonymous_38)
FN:523,(anonymous_39)
FN:531,(anonymous_40)
FN:532,(anonymous_41)
FN:553,(anonymous_42)
FN:563,(anonymous_43)
FNF:44
FNH:0
FNDA:0,(anonymous_0)
FNDA:0,(anonymous_1)
FNDA:0,(anonymous_2)
FNDA:0,(anonymous_3)
FNDA:0,(anonymous_4)
FNDA:0,(anonymous_5)
FNDA:0,(anonymous_6)
FNDA:0,(anonymous_7)
FNDA:0,(anonymous_8)
FNDA:0,(anonymous_9)
FNDA:0,(anonymous_10)
FNDA:0,(anonymous_11)
FNDA:0,(anonymous_12)
FNDA:0,(anonymous_13)
FNDA:0,(anonymous_14)
FNDA:0,(anonymous_15)
FNDA:0,(anonymous_16)
FNDA:0,(anonymous_17)
FNDA:0,(anonymous_18)
FNDA:0,(anonymous_19)
FNDA:0,(anonymous_20)
FNDA:0,(anonymous_21)
FNDA:0,(anonymous_22)
FNDA:0,(anonymous_23)
FNDA:0,(anonymous_24)
FNDA:0,(anonymous_25)
FNDA:0,(anonymous_26)
FNDA:0,(anonymous_27)
FNDA:0,(anonymous_28)
FNDA:0,(anonymous_29)
FNDA:0,(anonymous_30)
FNDA:0,(anonymous_31)
FNDA:0,(anonymous_32)
FNDA:0,(anonymous_33)
FNDA:0,(anonymous_34)
FNDA:0,(anonymous_35)
FNDA:0,(anonymous_36)
FNDA:0,(anonymous_37)
FNDA:0,(anonymous_38)
FNDA:0,(anonymous_39)
FNDA:0,(anonymous_40)
FNDA:0,(anonymous_41)
FNDA:0,(anonymous_42)
FNDA:0,(anonymous_43)
DA:7,1
DA:8,1
DA:9,1
DA:10,1
DA:14,0
DA:16,0
DA:27,0
DA:28,0
DA:29,0
DA:30,0
DA:31,0
DA:39,0
DA:46,0
DA:48,0
DA:49,0
DA:51,0
DA:54,0
DA:55,0
DA:58,0
DA:59,0
DA:66,0
DA:68,0
DA:69,0
DA:71,0
DA:86,0
DA:87,0
DA:90,0
DA:91,0
DA:92,0
DA:93,0
DA:101,0
DA:103,0
DA:104,0
DA:112,0
DA:119,0
DA:134,0
DA:135,0
DA:136,0
DA:143,0
DA:145,0
DA:156,0
DA:157,0
DA:160,0
DA:162,0
DA:163,0
DA:164,0
DA:165,0
DA:166,0
DA:167,0
DA:169,0
DA:172,0
DA:175,0
DA:183,0
DA:184,0
DA:185,0
DA:187,0
DA:188,0
DA:196,0
DA:197,0
DA:199,0
DA:201,0
DA:203,0
DA:206,0
DA:209,0
DA:212,0
DA:215,0
DA:223,0
DA:224,0
DA:225,0
DA:226,0
DA:233,0
DA:234,0
DA:242,0
DA:243,0
DA:244,0
DA:245,0
DA:253,0
DA:254,0
DA:255,0
DA:257,0
DA:264,0
DA:265,0
DA:267,0
DA:273,0
DA:278,0
DA:279,0
DA:280,0
DA:281,0
DA:285,0
DA:286,0
DA:287,0
DA:291,0
DA:298,0
DA:299,0
DA:301,0
DA:303,0
DA:304,0
DA:307,0
DA:308,0
DA:311,0
DA:312,0
DA:313,0
DA:315,0
DA:318,0
DA:319,0
DA:327,0
DA:328,0
DA:330,0
DA:332,0
DA:333,0
DA:335,0
DA:336,0
DA:339,0
DA:341,0
DA:350,0
DA:351,0
DA:354,0
DA:356,0
DA:359,0
DA:366,0
DA:367,0
DA:369,0
DA:371,0
DA:372,0
DA:374,0
DA:375,0
DA:378,0
DA:379,0
DA:382,0
DA:383,0
DA:384,0
DA:385,0
DA:386,0
DA:388,0
DA:396,0
DA:397,0
DA:399,0
DA:407,0
DA:408,0
DA:410,0
DA:411,0
DA:418,0
DA:419,0
DA:421,0
DA:422,0
DA:425,0
DA:426,0
DA:427,0
DA:428,0
DA:433,0
DA:440,0
DA:443,0
DA:444,0
DA:445,0
DA:446,0
DA:451,0
DA:452,0
DA:460,0
DA:461,0
DA:463,0
DA:464,0
DA:465,0
DA:468,0
DA:475,0
DA:477,0
DA:488,0
DA:489,0
DA:496,0
DA:497,0
DA:505,0
DA:506,0
DA:508,0
DA:509,0
DA:511,0
DA:512,0
DA:513,0
DA:517,0
DA:524,0
DA:525,0
DA:532,0
DA:541,0
DA:554,0
DA:555,0
DA:559,0
DA:560,0
DA:562,0
DA:563,0
DA:567,0
DA:568,0
DA:569,0
DA:570,0
DA:571,0
DA:575,0
DA:576,0
DA:580,1
LF:195
LH:5
BRDA:13,0,0,0
BRDA:17,1,0,0
BRDA:17,1,1,0
BRDA:19,2,0,0
BRDA:19,2,1,0
BRDA:20,3,0,0
BRDA:20,3,1,0
BRDA:21,4,0,0
BRDA:21,4,1,0
BRDA:23,5,0,0
BRDA:23,5,1,0
BRDA:46,6,0,0
BRDA:46,6,1,0
BRDA:48,7,0,0
BRDA:48,7,1,0
BRDA:48,8,0,0
BRDA:48,8,1,0
BRDA:54,9,0,0
BRDA:54,9,1,0
BRDA:149,10,0,0
BRDA:149,10,1,0
BRDA:153,11,0,0
BRDA:153,11,1,0
BRDA:165,12,0,0
BRDA:165,12,1,0
BRDA:166,13,0,0
BRDA:166,13,1,0
BRDA:169,14,0,0
BRDA:169,14,1,0
BRDA:185,15,0,0
BRDA:185,15,1,0
BRDA:197,16,0,0
BRDA:197,16,1,0
BRDA:199,17,0,0
BRDA:199,17,1,0
BRDA:201,18,0,0
BRDA:201,18,1,0
BRDA:201,18,2,0
BRDA:201,18,3,0
BRDA:201,18,4,0
BRDA:223,19,0,0
BRDA:223,19,1,0
BRDA:234,20,0,0
BRDA:234,20,1,0
BRDA:245,21,0,0
BRDA:245,21,1,0
BRDA:278,22,0,0
BRDA:278,22,1,0
BRDA:280,23,0,0
BRDA:280,23,1,0
BRDA:286,24,0,0
BRDA:286,24,1,0
BRDA:299,25,0,0
BRDA:299,25,1,0
BRDA:301,26,0,0
BRDA:301,26,1,0
BRDA:301,26,2,0
BRDA:301,26,3,0
BRDA:312,27,0,0
BRDA:312,27,1,0
BRDA:330,28,0,0
BRDA:330,28,1,0
BRDA:330,29,0,0
BRDA:330,29,1,0
BRDA:335,30,0,0
BRDA:335,30,1,0
BRDA:369,31,0,0
BRDA:369,31,1,0
BRDA:369,32,0,0
BRDA:369,32,1,0
BRDA:374,33,0,0
BRDA:374,33,1,0
BRDA:382,34,0,0
BRDA:382,34,1,0
BRDA:408,35,0,0
BRDA:408,35,1,0
BRDA:419,36,0,0
BRDA:419,36,1,0
BRDA:426,37,0,0
BRDA:426,37,1,0
BRDA:444,38,0,0
BRDA:444,38,1,0
BRDA:451,39,0,0
BRDA:451,39,1,0
BRDA:461,40,0,0
BRDA:461,40,1,0
BRDA:463,41,0,0
BRDA:463,41,1,0
BRDA:511,42,0,0
BRDA:511,42,1,0
BRDA:546,43,0,0
BRDA:546,43,1,0
BRDA:554,44,0,0
BRDA:554,44,1,0
BRDA:562,45,0,0
BRDA:562,45,1,0
BRDA:568,46,0,0
BRDA:568,46,1,0
BRDA:570,47,0,0
BRDA:570,47,1,0
BRF:100
BRH:0
end_of_record
TN:
SF:src\enterprise\loadBalancer.js
FN:10,(anonymous_0)
FN:48,(anonymous_1)
FN:68,(anonymous_2)
FN:81,(anonymous_3)
FN:135,(anonymous_4)
FN:151,(anonymous_5)
FN:162,(anonymous_6)
FN:177,(anonymous_7)
FN:190,(anonymous_8)
FN:202,(anonymous_9)
FN:216,(anonymous_10)
FN:228,(anonymous_11)
FN:247,(anonymous_12)
FN:262,(anonymous_13)
FN:263,(anonymous_14)
FN:274,(anonymous_15)
FN:280,(anonymous_16)
FN:292,(anonymous_17)
FN:296,(anonymous_18)
FN:297,(anonymous_19)
FN:303,(anonymous_20)
FN:316,(anonymous_21)
FNF:22
FNH:7
FNDA:8,(anonymous_0)
FNDA:0,(anonymous_1)
FNDA:0,(anonymous_2)
FNDA:0,(anonymous_3)
FNDA:0,(anonymous_4)
FNDA:0,(anonymous_5)
FNDA:0,(anonymous_6)
FNDA:3,(anonymous_7)
FNDA:1,(anonymous_8)
FNDA:0,(anonymous_9)
FNDA:0,(anonymous_10)
FNDA:6,(anonymous_11)
FNDA:0,(anonymous_12)
FNDA:8,(anonymous_13)
FNDA:0,(anonymous_14)
FNDA:1,(anonymous_15)
FNDA:0,(anonymous_16)
FNDA:2,(anonymous_17)
FNDA:0,(anonymous_18)
FNDA:0,(anonymous_19)
FNDA:0,(anonymous_20)
FNDA:0,(anonymous_21)
DA:7,2
DA:11,8
DA:13,8
DA:25,8
DA:26,8
DA:27,8
DA:32,8
DA:33,8
DA:42,8
DA:49,0
DA:52,0
DA:53,0
DA:54,0
DA:55,0
DA:56,0
DA:61,0
DA:62,0
DA:66,0
DA:68,0
DA:69,0
DA:70,0
DA:75,0
DA:82,0
DA:83,0
DA:85,0
DA:91,0
DA:92,0
DA:94,0
DA:95,0
DA:98,0
DA:99,0
DA:102,0
DA:103,0
DA:105,0
DA:108,0
DA:109,0
DA:112,0
DA:113,0
DA:117,0
DA:118,0
DA:119,0
DA:121,0
DA:122,0
DA:125,0
DA:126,0
DA:128,0
DA:136,0
DA:140,0
DA:142,0
DA:152,0
DA:154,0
DA:155,0
DA:156,0
DA:159,0
DA:163,0
DA:164,0
DA:165,0
DA:167,0
DA:171,0
DA:178,3
DA:179,2
DA:187,3
DA:191,1
DA:192,1
DA:193,1
DA:196,1
DA:197,0
DA:198,0
DA:203,0
DA:204,0
DA:205,0
DA:207,0
DA:208,0
DA:210,0
DA:211,0
DA:212,0
DA:213,0
DA:216,0
DA:217,0
DA:218,0
DA:219,0
DA:220,0
DA:229,6
DA:231,3
DA:234,3
DA:237,0
DA:240,0
DA:248,0
DA:249,0
DA:251,0
DA:254,0
DA:255,0
DA:256,0
DA:263,8
DA:264,0
DA:265,0
DA:267,0
DA:275,1
DA:280,0
DA:293,2
DA:297,0
DA:304,0
DA:305,0
DA:306,0
DA:307,0
DA:308,0
DA:309,0
DA:317,0
DA:318,0
DA:322,2
LF:110
LH:23
BRDA:10,0,0,1
BRDA:14,1,0,8
BRDA:14,1,1,1
BRDA:15,2,0,8
BRDA:15,2,1,1
BRDA:18,3,0,8
BRDA:18,3,1,8
BRDA:19,4,0,8
BRDA:19,4,1,8
BRDA:20,5,0,8
BRDA:20,5,1,8
BRDA:21,6,0,8
BRDA:21,6,1,8
BRDA:52,7,0,0
BRDA:52,7,1,0
BRDA:53,8,0,0
BRDA:53,8,1,0
BRDA:54,9,0,0
BRDA:54,9,1,0
BRDA:61,10,0,0
BRDA:61,10,1,0
BRDA:66,11,0,0
BRDA:66,11,1,0
BRDA:81,12,0,0
BRDA:98,13,0,0
BRDA:98,13,1,0
BRDA:99,14,0,0
BRDA:99,14,1,0
BRDA:112,15,0,0
BRDA:112,15,1,0
BRDA:113,16,0,0
BRDA:113,16,1,0
BRDA:117,17,0,0
BRDA:117,17,1,0
BRDA:137,18,0,0
BRDA:137,18,1,0
BRDA:178,19,0,2
BRDA:178,19,1,1
BRDA:196,20,0,0
BRDA:196,20,1,1
BRDA:210,21,0,0
BRDA:210,21,1,0
BRDA:210,22,0,0
BRDA:210,22,1,0
BRDA:229,23,0,3
BRDA:229,23,1,3
BRDA:229,23,2,0
BRDA:229,23,3,0
BRDA:248,24,0,0
BRDA:248,24,1,0
BRDA:279,25,0,1
BRDA:279,25,1,1
BRDA:304,26,0,0
BRDA:304,26,1,0
BRF:54
BRH:20
end_of_record
TN:
SF:src\enterprise\monitoringDashboard.js
FN:13,(anonymous_0)
FN:44,(anonymous_1)
FN:50,(anonymous_2)
FN:66,(anonymous_3)
FN:71,(anonymous_4)
FN:75,(anonymous_5)
FN:80,(anonymous_6)
FN:84,(anonymous_7)
FN:88,(anonymous_8)
FN:94,(anonymous_9)
FN:103,(anonymous_10)
FN:111,(anonymous_11)
FN:114,(anonymous_12)
FN:124,(anonymous_13)
FN:129,(anonymous_14)
FN:139,(anonymous_15)
FN:140,(anonymous_16)
FN:151,(anonymous_17)
FN:170,(anonymous_18)
FN:204,(anonymous_19)
FN:219,(anonymous_20)
FN:231,(anonymous_21)
FN:246,(anonymous_22)
FN:254,(anonymous_23)
FN:264,(anonymous_24)
FN:296,(anonymous_25)
FN:298,(anonymous_26)
FN:326,(anonymous_27)
FN:334,(anonymous_28)
FN:344,(anonymous_29)
FN:345,(anonymous_30)
FN:356,(anonymous_31)
FN:357,(anonymous_32)
FN:363,(anonymous_33)
FN:374,(anonymous_34)
FN:376,(anonymous_35)
FN:382,(anonymous_36)
FN:394,(anonymous_37)
FN:396,(anonymous_38)
FN:397,(anonymous_39)
FN:403,(anonymous_40)
FN:404,(anonymous_41)
FN:404,(anonymous_42)
FN:405,(anonymous_43)
FN:408,(anonymous_44)
FN:409,(anonymous_45)
FN:409,(anonymous_46)
FN:410,(anonymous_47)
FN:413,(anonymous_48)
FN:414,(anonymous_49)
FN:414,(anonymous_50)
FN:418,(anonymous_51)
FN:419,(anonymous_52)
FN:426,(anonymous_53)
FN:427,(anonymous_54)
FN:428,(anonymous_55)
FN:429,(anonymous_56)
FN:430,(anonymous_57)
FN:431,(anonymous_58)
FN:432,(anonymous_59)
FN:433,(anonymous_60)
FN:434,(anonymous_61)
FN:435,(anonymous_62)
FN:436,(anonymous_63)
FN:441,(anonymous_64)
FN:453,(anonymous_65)
FNF:66
FNH:0
FNDA:0,(anonymous_0)
FNDA:0,(anonymous_1)
FNDA:0,(anonymous_2)
FNDA:0,(anonymous_3)
FNDA:0,(anonymous_4)
FNDA:0,(anonymous_5)
FNDA:0,(anonymous_6)
FNDA:0,(anonymous_7)
FNDA:0,(anonymous_8)
FNDA:0,(anonymous_9)
FNDA:0,(anonymous_10)
FNDA:0,(anonymous_11)
FNDA:0,(anonymous_12)
FNDA:0,(anonymous_13)
FNDA:0,(anonymous_14)
FNDA:0,(anonymous_15)
FNDA:0,(anonymous_16)
FNDA:0,(anonymous_17)
FNDA:0,(anonymous_18)
FNDA:0,(anonymous_19)
FNDA:0,(anonymous_20)
FNDA:0,(anonymous_21)
FNDA:0,(anonymous_22)
FNDA:0,(anonymous_23)
FNDA:0,(anonymous_24)
FNDA:0,(anonymous_25)
FNDA:0,(anonymous_26)
FNDA:0,(anonymous_27)
FNDA:0,(anonymous_28)
FNDA:0,(anonymous_29)
FNDA:0,(anonymous_30)
FNDA:0,(anonymous_31)
FNDA:0,(anonymous_32)
FNDA:0,(anonymous_33)
FNDA:0,(anonymous_34)
FNDA:0,(anonymous_35)
FNDA:0,(anonymous_36)
FNDA:0,(anonymous_37)
FNDA:0,(anonymous_38)
FNDA:0,(anonymous_39)
FNDA:0,(anonymous_40)
FNDA:0,(anonymous_41)
FNDA:0,(anonymous_42)
FNDA:0,(anonymous_43)
FNDA:0,(anonymous_44)
FNDA:0,(anonymous_45)
FNDA:0,(anonymous_46)
FNDA:0,(anonymous_47)
FNDA:0,(anonymous_48)
FNDA:0,(anonymous_49)
FNDA:0,(anonymous_50)
FNDA:0,(anonymous_51)
FNDA:0,(anonymous_52)
FNDA:0,(anonymous_53)
FNDA:0,(anonymous_54)
FNDA:0,(anonymous_55)
FNDA:0,(anonymous_56)
FNDA:0,(anonymous_57)
FNDA:0,(anonymous_58)
FNDA:0,(anonymous_59)
FNDA:0,(anonymous_60)
FNDA:0,(anonymous_61)
FNDA:0,(anonymous_62)
FNDA:0,(anonymous_63)
FNDA:0,(anonymous_64)
FNDA:0,(anonymous_65)
DA:7,1
DA:8,1
DA:9,1
DA:10,1
DA:14,0
DA:16,0
DA:30,0
DA:36,0
DA:37,0
DA:38,0
DA:45,0
DA:47,0
DA:48,0
DA:50,0
DA:51,0
DA:52,0
DA:55,0
DA:56,0
DA:59,0
DA:60,0
DA:67,0
DA:68,0
DA:71,0
DA:72,0
DA:75,0
DA:76,0
DA:77,0
DA:80,0
DA:81,0
DA:84,0
DA:85,0
DA:88,0
DA:89,0
DA:90,0
DA:91,0
DA:94,0
DA:95,0
DA:103,0
DA:104,0
DA:112,0
DA:114,0
DA:115,0
DA:116,0
DA:119,0
DA:124,0
DA:125,0
DA:126,0
DA:129,0
DA:130,0
DA:131,0
DA:140,0
DA:141,0
DA:142,0
DA:143,0
DA:144,0
DA:152,0
DA:153,0
DA:160,0
DA:161,0
DA:163,0
DA:164,0
DA:171,0
DA:173,0
DA:174,0
DA:175,0
DA:177,0
DA:178,0
DA:180,0
DA:205,0
DA:220,0
DA:232,0
DA:234,0
DA:247,0
DA:249,0
DA:254,0
DA:255,0
DA:256,0
DA:265,0
DA:266,0
DA:269,0
DA:270,0
DA:275,0
DA:276,0
DA:281,0
DA:282,0
DA:287,0
DA:288,0
DA:298,0
DA:299,0
DA:305,0
DA:307,0
DA:316,0
DA:317,0
DA:320,0
DA:327,0
DA:329,0
DA:334,0
DA:335,0
DA:336,0
DA:345,0
DA:346,0
DA:347,0
DA:348,0
DA:349,0
DA:357,0
DA:364,0
DA:375,0
DA:376,0
DA:383,0
DA:395,0
DA:396,0
DA:397,0
DA:404,0
DA:405,0
DA:409,0
DA:410,0
DA:414,0
DA:415,0
DA:419,0
DA:426,0
DA:427,0
DA:428,0
DA:429,0
DA:430,0
DA:431,0
DA:432,0
DA:433,0
DA:434,0
DA:435,0
DA:436,0
DA:442,0
DA:444,0
DA:445,0
DA:448,0
DA:449,0
DA:452,0
DA:453,0
DA:456,0
DA:457,0
DA:461,1
LF:140
LH:5
BRDA:13,0,0,0
BRDA:17,1,0,0
BRDA:17,1,1,0
BRDA:19,2,0,0
BRDA:19,2,1,0
BRDA:20,3,0,0
BRDA:20,3,1,0
BRDA:21,4,0,0
BRDA:21,4,1,0
BRDA:45,5,0,0
BRDA:45,5,1,0
BRDA:55,6,0,0
BRDA:55,6,1,0
BRDA:76,7,0,0
BRDA:76,7,1,0
BRDA:247,8,0,0
BRDA:247,8,1,0
BRDA:247,9,0,0
BRDA:247,9,1,0
BRDA:255,10,0,0
BRDA:255,10,1,0
BRDA:269,11,0,0
BRDA:269,11,1,0
BRDA:275,12,0,0
BRDA:275,12,1,0
BRDA:281,13,0,0
BRDA:281,13,1,0
BRDA:287,14,0,0
BRDA:287,14,1,0
BRDA:299,15,0,0
BRDA:299,15,1,0
BRDA:299,15,2,0
BRDA:299,15,3,0
BRDA:305,16,0,0
BRDA:305,16,1,0
BRDA:327,17,0,0
BRDA:327,17,1,0
BRDA:335,18,0,0
BRDA:335,18,1,0
BRDA:346,19,0,0
BRDA:346,19,1,0
BRDA:405,20,0,0
BRDA:405,20,1,0
BRDA:415,21,0,0
BRDA:415,21,1,0
BRDA:442,22,0,0
BRDA:442,22,1,0
BRDA:444,23,0,0
BRDA:444,23,1,0
BRDA:448,24,0,0
BRDA:448,24,1,0
BRDA:452,25,0,0
BRDA:452,25,1,0
BRF:53
BRH:0
end_of_record
TN:
SF:src\enterprise\worker.js
FN:9,(anonymous_0)
FN:16,(anonymous_1)
FN:19,(anonymous_2)
FN:31,(anonymous_3)
FN:50,(anonymous_4)
FN:53,(anonymous_5)
FN:57,(anonymous_6)
FN:58,(anonymous_7)
FN:69,(anonymous_8)
FN:77,(anonymous_9)
FNF:10
FNH:0
FNDA:0,(anonymous_0)
FNDA:0,(anonymous_1)
FNDA:0,(anonymous_2)
FNDA:0,(anonymous_3)
FNDA:0,(anonymous_4)
FNDA:0,(anonymous_5)
FNDA:0,(anonymous_6)
FNDA:0,(anonymous_7)
FNDA:0,(anonymous_8)
FNDA:0,(anonymous_9)
DA:6,0
DA:10,0
DA:11,0
DA:12,0
DA:13,0
DA:17,0
DA:19,0
DA:20,0
DA:22,0
DA:23,0
DA:25,0
DA:26,0
DA:32,0
DA:34,0
DA:36,0
DA:42,0
DA:53,0
DA:54,0
DA:58,0
DA:59,0
DA:60,0
DA:70,0
DA:71,0
DA:78,0
DA:82,0
DA:83,0
DA:86,0
LF:27
LH:0
BRDA:17,0,0,0
BRDA:17,0,1,0
BRDA:20,1,0,0
BRDA:20,1,1,0
BRDA:59,2,0,0
BRDA:59,2,1,0
BRDA:82,3,0,0
BRDA:82,3,1,0
BRF:8
BRH:0
end_of_record
TN:
SF:src\learning\experienceReplay.js
FN:7,(anonymous_0)
FN:24,(anonymous_1)
FN:60,(anonymous_2)
FN:81,(anonymous_3)
FN:99,(anonymous_4)
FN:101,(anonymous_5)
FN:122,(anonymous_6)
FN:133,(anonymous_7)
FN:134,(anonymous_8)
FN:142,(anonymous_9)
FN:143,(anonymous_10)
FN:149,(anonymous_11)
FN:161,(anonymous_12)
FN:162,(anonymous_13)
FN:168,(anonymous_14)
FN:169,(anonymous_15)
FN:175,(anonymous_16)
FN:180,(anonymous_17)
FN:181,(anonymous_18)
FN:190,(anonymous_19)
FN:191,(anonymous_20)
FN:195,(anonymous_21)
FN:202,(anonymous_22)
FN:211,(anonymous_23)
FN:218,(anonymous_24)
FN:231,(anonymous_25)
FNF:26
FNH:0
FNDA:0,(anonymous_0)
FNDA:0,(anonymous_1)
FNDA:0,(anonymous_2)
FNDA:0,(anonymous_3)
FNDA:0,(anonymous_4)
FNDA:0,(anonymous_5)
FNDA:0,(anonymous_6)
FNDA:0,(anonymous_7)
FNDA:0,(anonymous_8)
FNDA:0,(anonymous_9)
FNDA:0,(anonymous_10)
FNDA:0,(anonymous_11)
FNDA:0,(anonymous_12)
FNDA:0,(anonymous_13)
FNDA:0,(anonymous_14)
FNDA:0,(anonymous_15)
FNDA:0,(anonymous_16)
FNDA:0,(anonymous_17)
FNDA:0,(anonymous_18)
FNDA:0,(anonymous_19)
FNDA:0,(anonymous_20)
FNDA:0,(anonymous_21)
FNDA:0,(anonymous_22)
FNDA:0,(anonymous_23)
FNDA:0,(anonymous_24)
FNDA:0,(anonymous_25)
DA:8,0
DA:16,0
DA:17,0
DA:18,0
DA:32,0
DA:34,0
DA:44,0
DA:46,0
DA:47,0
DA:48,0
DA:51,0
DA:52,0
DA:53,0
DA:61,0
DA:63,0
DA:64,0
DA:67,0
DA:68,0
DA:71,0
DA:72,0
DA:74,0
DA:82,0
DA:83,0
DA:85,0
DA:86,0
DA:87,0
DA:88,0
DA:89,0
DA:93,0
DA:100,0
DA:101,0
DA:103,0
DA:104,0
DA:105,0
DA:107,0
DA:108,0
DA:109,0
DA:110,0
DA:111,0
DA:116,0
DA:123,0
DA:124,0
DA:125,0
DA:134,0
DA:135,0
DA:143,0
DA:150,0
DA:151,0
DA:154,0
DA:155,0
DA:162,0
DA:169,0
DA:176,0
DA:177,0
DA:180,0
DA:181,0
DA:182,0
DA:183,0
DA:186,0
DA:190,0
DA:191,0
DA:195,0
DA:203,0
DA:204,0
DA:205,0
DA:212,0
DA:219,0
DA:232,0
DA:233,0
DA:234,0
DA:236,0
DA:237,0
DA:240,0
DA:244,0
LF:74
LH:0
BRDA:7,0,0,0
BRDA:9,1,0,0
BRDA:9,1,1,0
BRDA:10,2,0,0
BRDA:10,2,1,0
BRDA:11,3,0,0
BRDA:11,3,1,0
BRDA:12,4,0,0
BRDA:12,4,1,0
BRDA:31,5,0,0
BRDA:46,6,0,0
BRDA:46,6,1,0
BRDA:60,7,0,0
BRDA:61,8,0,0
BRDA:61,8,1,0
BRDA:63,9,0,0
BRDA:63,9,1,0
BRDA:67,10,0,0
BRDA:67,10,1,0
BRDA:71,11,0,0
BRDA:71,11,1,0
BRDA:87,12,0,0
BRDA:87,12,1,0
BRDA:109,13,0,0
BRDA:109,13,1,0
BRDA:124,14,0,0
BRDA:124,14,1,0
BRDA:135,15,0,0
BRDA:135,15,1,0
BRDA:150,16,0,0
BRDA:150,16,1,0
BRDA:161,17,0,0
BRDA:168,18,0,0
BRDA:176,19,0,0
BRDA:176,19,1,0
BRDA:182,20,0,0
BRDA:182,20,1,0
BRDA:232,21,0,0
BRDA:232,21,1,0
BRDA:233,22,0,0
BRDA:233,22,1,0
BRDA:234,23,0,0
BRDA:234,23,1,0
BRDA:236,24,0,0
BRDA:236,24,1,0
BRF:45
BRH:0
end_of_record
TN:
SF:src\learning\learningDatabase.js
FN:11,(anonymous_0)
FN:19,(anonymous_1)
FN:33,(anonymous_2)
FN:121,(anonymous_3)
FN:137,(anonymous_4)
FN:150,(anonymous_5)
FN:169,(anonymous_6)
FN:179,(anonymous_7)
FN:199,(anonymous_8)
FN:221,(anonymous_9)
FN:236,(anonymous_10)
FN:255,(anonymous_11)
FN:264,(anonymous_12)
FN:284,(anonymous_13)
FN:305,(anonymous_14)
FN:325,(anonymous_15)
FN:333,(anonymous_16)
FN:347,(anonymous_17)
FN:356,(anonymous_18)
FN:369,(anonymous_19)
FN:382,(anonymous_20)
FN:395,(anonymous_21)
FN:428,(anonymous_22)
FN:443,(anonymous_23)
FN:456,(anonymous_24)
FNF:25
FNH:0
FNDA:0,(anonymous_0)
FNDA:0,(anonymous_1)
FNDA:0,(anonymous_2)
FNDA:0,(anonymous_3)
FNDA:0,(anonymous_4)
FNDA:0,(anonymous_5)
FNDA:0,(anonymous_6)
FNDA:0,(anonymous_7)
FNDA:0,(anonymous_8)
FNDA:0,(anonymous_9)
FNDA:0,(anonymous_10)
FNDA:0,(anonymous_11)
FNDA:0,(anonymous_12)
FNDA:0,(anonymous_13)
FNDA:0,(anonymous_14)
FNDA:0,(anonymous_15)
FNDA:0,(anonymous_16)
FNDA:0,(anonymous_17)
FNDA:0,(anonymous_18)
FNDA:0,(anonymous_19)
FNDA:0,(anonymous_20)
FNDA:0,(anonymous_21)
FNDA:0,(anonymous_22)
FNDA:0,(anonymous_23)
FNDA:0,(anonymous_24)
DA:6,0
DA:7,0
DA:8,0
DA:12,0
DA:13,0
DA:20,0
DA:21,0
DA:22,0
DA:23,0
DA:25,0
DA:26,0
DA:35,0
DA:48,0
DA:60,0
DA:70,0
DA:84,0
DA:99,0
DA:110,0
DA:122,0
DA:131,0
DA:138,0
DA:143,0
DA:144,0
DA:151,0
DA:156,0
DA:157,0
DA:159,0
DA:160,0
DA:163,0
DA:170,0
DA:179,0
DA:180,0
DA:181,0
DA:185,0
DA:186,0
DA:187,0
DA:188,0
DA:192,0
DA:193,0
DA:200,0
DA:204,0
DA:205,0
DA:207,0
DA:208,0
DA:209,0
DA:211,0
DA:214,0
DA:215,0
DA:222,0
DA:230,0
DA:237,0
DA:242,0
DA:243,0
DA:245,0
DA:246,0
DA:249,0
DA:256,0
DA:264,0
DA:265,0
DA:266,0
DA:270,0
DA:271,0
DA:272,0
DA:273,0
DA:277,0
DA:278,0
DA:285,0
DA:289,0
DA:290,0
DA:292,0
DA:293,0
DA:294,0
DA:296,0
DA:299,0
DA:306,0
DA:311,0
DA:326,0
DA:332,0
DA:333,0
DA:348,0
DA:355,0
DA:356,0
DA:370,0
DA:375,0
DA:376,0
DA:383,0
DA:389,0
DA:396,0
DA:399,0
DA:403,0
DA:406,0
DA:411,0
DA:414,0
DA:420,0
DA:422,0
DA:429,0
DA:431,0
DA:436,0
DA:437,0
DA:444,0
DA:457,0
DA:458,0
DA:459,0
DA:464,0
LF:104
LH:0
BRDA:11,0,0,0
BRDA:12,1,0,0
BRDA:12,1,1,0
BRDA:144,2,0,0
BRDA:144,2,1,0
BRDA:208,3,0,0
BRDA:208,3,1,0
BRDA:293,4,0,0
BRDA:293,4,1,0
BRDA:316,5,0,0
BRDA:316,5,1,0
BRDA:317,6,0,0
BRDA:317,6,1,0
BRDA:318,7,0,0
BRDA:318,7,1,0
BRDA:325,8,0,0
BRDA:347,9,0,0
BRDA:347,10,0,0
BRDA:389,11,0,0
BRDA:389,11,1,0
BRDA:428,12,0,0
BRDA:457,13,0,0
BRDA:457,13,1,0
BRF:23
BRH:0
end_of_record
TN:
SF:src\learning\policyGradient.js
FN:7,(anonymous_0)
FN:25,(anonymous_1)
FN:37,(anonymous_2)
FN:49,(anonymous_3)
FN:71,(anonymous_4)
FN:113,(anonymous_5)
FN:126,(anonymous_6)
FN:140,(anonymous_7)
FN:156,(anonymous_8)
FN:177,(anonymous_9)
FN:185,(anonymous_10)
FN:187,(anonymous_11)
FN:190,(anonymous_12)
FN:209,(anonymous_13)
FN:224,(anonymous_14)
FN:250,(anonymous_15)
FN:270,(anonymous_16)
FN:286,(anonymous_17)
FN:293,(anonymous_18)
FN:294,(anonymous_19)
FN:307,(anonymous_20)
FN:330,(anonymous_21)
FN:352,(anonymous_22)
FNF:23
FNH:0
FNDA:0,(anonymous_0)
FNDA:0,(anonymous_1)
FNDA:0,(anonymous_2)
FNDA:0,(anonymous_3)
FNDA:0,(anonymous_4)
FNDA:0,(anonymous_5)
FNDA:0,(anonymous_6)
FNDA:0,(anonymous_7)
FNDA:0,(anonymous_8)
FNDA:0,(anonymous_9)
FNDA:0,(anonymous_10)
FNDA:0,(anonymous_11)
FNDA:0,(anonymous_12)
FNDA:0,(anonymous_13)
FNDA:0,(anonymous_14)
FNDA:0,(anonymous_15)
FNDA:0,(anonymous_16)
FNDA:0,(anonymous_17)
FNDA:0,(anonymous_18)
FNDA:0,(anonymous_19)
FNDA:0,(anonymous_20)
FNDA:0,(anonymous_21)
FNDA:0,(anonymous_22)
DA:8,0
DA:17,0
DA:18,0
DA:19,0
DA:26,0
DA:31,0
DA:38,0
DA:39,0
DA:40,0
DA:41,0
DA:43,0
DA:50,0
DA:52,0
DA:54,0
DA:55,0
DA:56,0
DA:58,0
DA:59,0
DA:62,0
DA:65,0
DA:72,0
DA:75,0
DA:76,0
DA:77,0
DA:78,0
DA:80,0
DA:81,0
DA:82,0
DA:83,0
DA:88,0
DA:89,0
DA:92,0
DA:96,0
DA:97,0
DA:99,0
DA:100,0
DA:101,0
DA:102,0
DA:107,0
DA:114,0
DA:116,0
DA:117,0
DA:120,0
DA:127,0
DA:141,0
DA:142,0
DA:145,0
DA:146,0
DA:147,0
DA:150,0
DA:157,0
DA:158,0
DA:160,0
DA:161,0
DA:162,0
DA:163,0
DA:165,0
DA:166,0
DA:168,0
DA:171,0
DA:178,0
DA:179,0
DA:182,0
DA:185,0
DA:186,0
DA:187,0
DA:190,0
DA:193,0
DA:194,0
DA:195,0
DA:197,0
DA:198,0
DA:201,0
DA:202,0
DA:206,0
DA:209,0
DA:210,0
DA:211,0
DA:214,0
DA:218,0
DA:225,0
DA:226,0
DA:229,0
DA:230,0
DA:233,0
DA:234,0
DA:235,0
DA:236,0
DA:239,0
DA:240,0
DA:242,0
DA:243,0
DA:247,0
DA:250,0
DA:251,0
DA:252,0
DA:255,0
DA:258,0
DA:259,0
DA:260,0
DA:264,0
DA:271,0
DA:272,0
DA:274,0
DA:275,0
DA:276,0
DA:280,0
DA:287,0
DA:288,0
DA:289,0
DA:292,0
DA:293,0
DA:294,0
DA:296,0
DA:308,0
DA:309,0
DA:311,0
DA:312,0
DA:315,0
DA:316,0
DA:319,0
DA:331,0
DA:332,0
DA:334,0
DA:335,0
DA:338,0
DA:339,0
DA:342,0
DA:343,0
DA:346,0
DA:353,0
DA:354,0
DA:355,0
DA:359,0
LF:134
LH:0
BRDA:7,0,0,0
BRDA:9,1,0,0
BRDA:9,1,1,0
BRDA:10,2,0,0
BRDA:10,2,1,0
BRDA:11,3,0,0
BRDA:11,3,1,0
BRDA:12,4,0,0
BRDA:12,4,1,0
BRDA:13,5,0,0
BRDA:13,5,1,0
BRDA:27,6,0,0
BRDA:27,6,1,0
BRDA:28,7,0,0
BRDA:28,7,1,0
BRDA:29,8,0,0
BRDA:29,8,1,0
BRDA:40,9,0,0
BRDA:40,9,1,0
BRDA:41,10,0,0
BRDA:41,10,1,0
BRDA:52,11,0,0
BRDA:52,11,1,0
BRDA:71,12,0,0
BRDA:76,13,0,0
BRDA:76,13,1,0
BRDA:81,14,0,0
BRDA:81,14,1,0
BRDA:101,15,0,0
BRDA:101,15,1,0
BRDA:116,16,0,0
BRDA:116,16,1,0
BRDA:163,17,0,0
BRDA:163,17,1,0
BRDA:178,18,0,0
BRDA:178,18,1,0
BRDA:225,19,0,0
BRDA:225,19,1,0
BRDA:275,20,0,0
BRDA:275,20,1,0
BRDA:342,21,0,0
BRDA:342,21,1,0
BRF:42
BRH:0
end_of_record
TN:
SF:src\learning\qLearning.js
FN:7,(anonymous_0)
FN:33,(anonymous_1)
FN:46,(anonymous_2)
FN:65,(anonymous_3)
FN:78,(anonymous_4)
FN:102,(anonymous_5)
FN:124,(anonymous_6)
FN:154,(anonymous_7)
FN:169,(anonymous_8)
FN:181,(anonymous_9)
FN:184,(anonymous_10)
FN:194,(anonymous_11)
FN:214,(anonymous_12)
FN:235,(anonymous_13)
FN:243,(anonymous_14)
FNF:15
FNH:0
FNDA:0,(anonymous_0)
FNDA:0,(anonymous_1)
FNDA:0,(anonymous_2)
FNDA:0,(anonymous_3)
FNDA:0,(anonymous_4)
FNDA:0,(anonymous_5)
FNDA:0,(anonymous_6)
FNDA:0,(anonymous_7)
FNDA:0,(anonymous_8)
FNDA:0,(anonymous_9)
FNDA:0,(anonymous_10)
FNDA:0,(anonymous_11)
FNDA:0,(anonymous_12)
FNDA:0,(anonymous_13)
FNDA:0,(anonymous_14)
DA:8,0
DA:17,0
DA:18,0
DA:34,0
DA:40,0
DA:47,0
DA:49,0
DA:50,0
DA:53,0
DA:55,0
DA:56,0
DA:59,0
DA:66,0
DA:68,0
DA:69,0
DA:72,0
DA:79,0
DA:81,0
DA:82,0
DA:85,0
DA:86,0
DA:87,0
DA:89,0
DA:90,0
DA:91,0
DA:92,0
DA:96,0
DA:103,0
DA:106,0
DA:107,0
DA:111,0
DA:113,0
DA:114,0
DA:118,0
DA:125,0
DA:127,0
DA:128,0
DA:130,0
DA:131,0
DA:132,0
DA:133,0
DA:138,0
DA:142,0
DA:145,0
DA:155,0
DA:156,0
DA:170,0
DA:172,0
DA:173,0
DA:176,0
DA:177,0
DA:179,0
DA:181,0
DA:184,0
DA:195,0
DA:197,0
DA:198,0
DA:199,0
DA:200,0
DA:204,0
DA:215,0
DA:217,0
DA:218,0
DA:219,0
DA:220,0
DA:222,0
DA:225,0
DA:226,0
DA:229,0
DA:236,0
DA:237,0
DA:244,0
DA:245,0
DA:246,0
DA:248,0
DA:252,0
LF:76
LH:0
BRDA:7,0,0,0
BRDA:9,1,0,0
BRDA:9,1,1,0
BRDA:10,2,0,0
BRDA:10,2,1,0
BRDA:11,3,0,0
BRDA:11,3,1,0
BRDA:12,4,0,0
BRDA:12,4,1,0
BRDA:13,5,0,0
BRDA:13,5,1,0
BRDA:35,6,0,0
BRDA:35,6,1,0
BRDA:36,7,0,0
BRDA:36,7,1,0
BRDA:37,8,0,0
BRDA:37,8,1,0
BRDA:38,9,0,0
BRDA:38,9,1,0
BRDA:49,10,0,0
BRDA:49,10,1,0
BRDA:55,11,0,0
BRDA:55,11,1,0
BRDA:68,12,0,0
BRDA:68,12,1,0
BRDA:81,13,0,0
BRDA:81,13,1,0
BRDA:90,14,0,0
BRDA:90,14,1,0
BRDA:102,15,0,0
BRDA:103,16,0,0
BRDA:103,16,1,0
BRDA:106,17,0,0
BRDA:106,17,1,0
BRDA:113,18,0,0
BRDA:113,18,1,0
BRDA:113,19,0,0
BRDA:113,19,1,0
BRDA:124,20,0,0
BRDA:128,21,0,0
BRDA:128,21,1,0
BRDA:131,22,0,0
BRDA:131,22,1,0
BRDA:172,23,0,0
BRDA:172,23,1,0
BRDA:225,24,0,0
BRDA:225,24,1,0
BRF:47
BRH:0
end_of_record
TN:
SF:src\learning\reinforcementAgent.js
FN:14,(anonymous_0)
FN:46,(anonymous_1)
FN:59,(anonymous_2)
FN:79,(anonymous_3)
FN:130,(anonymous_4)
FN:146,(anonymous_5)
FN:157,(anonymous_6)
FN:167,(anonymous_7)
FN:174,(anonymous_8)
FN:188,(anonymous_9)
FN:195,(anonymous_10)
FN:202,(anonymous_11)
FN:218,(anonymous_12)
FN:257,(anonymous_13)
FN:288,(anonymous_14)
FN:301,(anonymous_15)
FN:318,(anonymous_16)
FN:331,(anonymous_17)
FNF:18
FNH:0
FNDA:0,(anonymous_0)
FNDA:0,(anonymous_1)
FNDA:0,(anonymous_2)
FNDA:0,(anonymous_3)
FNDA:0,(anonymous_4)
FNDA:0,(anonymous_5)
FNDA:0,(anonymous_6)
FNDA:0,(anonymous_7)
FNDA:0,(anonymous_8)
FNDA:0,(anonymous_9)
FNDA:0,(anonymous_10)
FNDA:0,(anonymous_11)
FNDA:0,(anonymous_12)
FNDA:0,(anonymous_13)
FNDA:0,(anonymous_14)
FNDA:0,(anonymous_15)
FNDA:0,(anonymous_16)
FNDA:0,(anonymous_17)
DA:6,0
DA:7,0
DA:8,0
DA:9,0
DA:10,0
DA:11,0
DA:15,0
DA:25,0
DA:26,0
DA:27,0
DA:28,0
DA:29,0
DA:32,0
DA:33,0
DA:36,0
DA:37,0
DA:38,0
DA:39,0
DA:40,0
DA:47,0
DA:48,0
DA:49,0
DA:50,0
DA:53,0
DA:60,0
DA:61,0
DA:62,0
DA:63,0
DA:64,0
DA:66,0
DA:67,0
DA:69,0
DA:73,0
DA:81,0
DA:91,0
DA:94,0
DA:95,0
DA:99,0
DA:100,0
DA:104,0
DA:105,0
DA:108,0
DA:109,0
DA:113,0
DA:114,0
DA:118,0
DA:119,0
DA:120,0
DA:124,0
DA:131,0
DA:133,0
DA:134,0
DA:138,0
DA:139,0
DA:147,0
DA:150,0
DA:151,0
DA:152,0
DA:153,0
DA:157,0
DA:158,0
DA:161,0
DA:168,0
DA:175,0
DA:176,0
DA:177,0
DA:178,0
DA:179,0
DA:182,0
DA:189,0
DA:196,0
DA:203,0
DA:219,0
DA:220,0
DA:223,0
DA:225,0
DA:226,0
DA:227,0
DA:228,0
DA:229,0
DA:234,0
DA:235,0
DA:236,0
DA:237,0
DA:238,0
DA:243,0
DA:244,0
DA:245,0
DA:247,0
DA:250,0
DA:258,0
DA:259,0
DA:262,0
DA:264,0
DA:265,0
DA:269,0
DA:270,0
DA:274,0
DA:275,0
DA:276,0
DA:279,0
DA:281,0
DA:289,0
DA:302,0
DA:303,0
DA:305,0
DA:306,0
DA:308,0
DA:309,0
DA:312,0
DA:319,0
DA:320,0
DA:321,0
DA:322,0
DA:323,0
DA:324,0
DA:325,0
DA:332,0
DA:334,0
DA:335,0
DA:340,0
LF:121
LH:0
BRDA:14,0,0,0
BRDA:16,1,0,0
BRDA:16,1,1,0
BRDA:17,2,0,0
BRDA:17,2,1,0
BRDA:18,3,0,0
BRDA:18,3,1,0
BRDA:19,4,0,0
BRDA:19,4,1,0
BRDA:20,5,0,0
BRDA:20,5,1,0
BRDA:47,6,0,0
BRDA:47,6,1,0
BRDA:59,7,0,0
BRDA:60,8,0,0
BRDA:60,8,1,0
BRDA:62,9,0,0
BRDA:62,9,1,0
BRDA:64,10,0,0
BRDA:64,10,1,0
BRDA:66,11,0,0
BRDA:66,11,1,0
BRDA:79,12,0,0
BRDA:94,13,0,0
BRDA:94,13,1,0
BRDA:94,14,0,0
BRDA:94,14,1,0
BRDA:99,15,0,0
BRDA:99,15,1,0
BRDA:99,16,0,0
BRDA:99,16,1,0
BRDA:108,17,0,0
BRDA:108,17,1,0
BRDA:113,18,0,0
BRDA:113,18,1,0
BRDA:118,19,0,0
BRDA:118,19,1,0
BRDA:133,20,0,0
BRDA:133,20,1,0
BRDA:138,21,0,0
BRDA:138,21,1,0
BRDA:138,22,0,0
BRDA:138,22,1,0
BRDA:150,23,0,0
BRDA:150,23,1,0
BRDA:152,24,0,0
BRDA:152,24,1,0
BRDA:175,25,0,0
BRDA:175,25,1,0
BRDA:177,26,0,0
BRDA:177,26,1,0
BRDA:177,27,0,0
BRDA:177,27,1,0
BRDA:219,28,0,0
BRDA:219,28,1,0
BRDA:225,29,0,0
BRDA:225,29,1,0
BRDA:225,30,0,0
BRDA:225,30,1,0
BRDA:227,31,0,0
BRDA:227,31,1,0
BRDA:234,32,0,0
BRDA:234,32,1,0
BRDA:234,33,0,0
BRDA:234,33,1,0
BRDA:236,34,0,0
BRDA:236,34,1,0
BRDA:258,35,0,0
BRDA:258,35,1,0
BRDA:264,36,0,0
BRDA:264,36,1,0
BRDA:264,37,0,0
BRDA:264,37,1,0
BRDA:269,38,0,0
BRDA:269,38,1,0
BRDA:269,39,0,0
BRDA:269,39,1,0
BRDA:302,40,0,0
BRDA:302,40,1,0
BRDA:305,41,0,0
BRDA:305,41,1,0
BRDA:308,42,0,0
BRDA:308,42,1,0
BRDA:334,43,0,0
BRDA:334,43,1,0
BRF:85
BRH:0
end_of_record
TN:
SF:src\learning\rewardSystem.js
FN:7,(anonymous_0)
FN:27,(anonymous_1)
FN:86,(anonymous_2)
FN:115,(anonymous_3)
FN:174,(anonymous_4)
FN:213,(anonymous_5)
FN:242,(anonymous_6)
FN:278,(anonymous_7)
FN:296,(anonymous_8)
FN:301,(anonymous_9)
FN:302,(anonymous_10)
FN:303,(anonymous_11)
FN:304,(anonymous_12)
FN:320,(anonymous_13)
FNF:14
FNH:0
FNDA:0,(anonymous_0)
FNDA:0,(anonymous_1)
FNDA:0,(anonymous_2)
FNDA:0,(anonymous_3)
FNDA:0,(anonymous_4)
FNDA:0,(anonymous_5)
FNDA:0,(anonymous_6)
FNDA:0,(anonymous_7)
FNDA:0,(anonymous_8)
FNDA:0,(anonymous_9)
FNDA:0,(anonymous_10)
FNDA:0,(anonymous_11)
FNDA:0,(anonymous_12)
FNDA:0,(anonymous_13)
DA:8,0
DA:20,0
DA:21,0
DA:37,0
DA:39,0
DA:42,0
DA:43,0
DA:44,0
DA:45,0
DA:46,0
DA:47,0
DA:48,0
DA:49,0
DA:50,0
DA:51,0
DA:55,0
DA:56,0
DA:57,0
DA:61,0
DA:62,0
DA:66,0
DA:67,0
DA:71,0
DA:74,0
DA:80,0
DA:87,0
DA:90,0
DA:100,0
DA:101,0
DA:103,0
DA:104,0
DA:105,0
DA:106,0
DA:109,0
DA:116,0
DA:118,0
DA:122,0
DA:123,0
DA:125,0
DA:129,0
DA:130,0
DA:132,0
DA:137,0
DA:138,0
DA:140,0
DA:142,0
DA:146,0
DA:147,0
DA:149,0
DA:151,0
DA:155,0
DA:156,0
DA:158,0
DA:162,0
DA:163,0
DA:165,0
DA:168,0
DA:181,0
DA:183,0
DA:184,0
DA:187,0
DA:190,0
DA:191,0
DA:192,0
DA:193,0
DA:194,0
DA:198,0
DA:199,0
DA:200,0
DA:201,0
DA:205,0
DA:207,0
DA:219,0
DA:221,0
DA:224,0
DA:225,0
DA:226,0
DA:230,0
DA:231,0
DA:232,0
DA:233,0
DA:236,0
DA:248,0
DA:250,0
DA:253,0
DA:254,0
DA:255,0
DA:259,0
DA:260,0
DA:264,0
DA:265,0
DA:266,0
DA:268,0
DA:272,0
DA:279,0
DA:290,0
DA:297,0
DA:298,0
DA:301,0
DA:302,0
DA:303,0
DA:304,0
DA:306,0
DA:321,0
DA:322,0
DA:326,0
LF:106
LH:0
BRDA:7,0,0,0
BRDA:9,1,0,0
BRDA:9,1,1,0
BRDA:10,2,0,0
BRDA:10,2,1,0
BRDA:11,3,0,0
BRDA:11,3,1,0
BRDA:12,4,0,0
BRDA:12,4,1,0
BRDA:13,5,0,0
BRDA:13,5,1,0
BRDA:14,6,0,0
BRDA:14,6,1,0
BRDA:15,7,0,0
BRDA:15,7,1,0
BRDA:16,8,0,0
BRDA:16,8,1,0
BRDA:42,9,0,0
BRDA:42,9,1,0
BRDA:44,10,0,0
BRDA:44,10,1,0
BRDA:46,11,0,0
BRDA:46,11,1,0
BRDA:48,12,0,0
BRDA:48,12,1,0
BRDA:50,13,0,0
BRDA:50,13,1,0
BRDA:55,14,0,0
BRDA:55,14,1,0
BRDA:61,15,0,0
BRDA:61,15,1,0
BRDA:66,16,0,0
BRDA:66,16,1,0
BRDA:66,17,0,0
BRDA:66,17,1,0
BRDA:100,18,0,0
BRDA:100,18,1,0
BRDA:101,19,0,0
BRDA:101,19,1,0
BRDA:103,20,0,0
BRDA:103,20,1,0
BRDA:105,21,0,0
BRDA:105,21,1,0
BRDA:118,22,0,0
BRDA:118,22,1,0
BRDA:118,22,2,0
BRDA:118,22,3,0
BRDA:118,22,4,0
BRDA:118,22,5,0
BRDA:118,22,6,0
BRDA:118,22,7,0
BRDA:122,23,0,0
BRDA:122,23,1,0
BRDA:122,24,0,0
BRDA:122,24,1,0
BRDA:129,25,0,0
BRDA:129,25,1,0
BRDA:129,26,0,0
BRDA:129,26,1,0
BRDA:137,27,0,0
BRDA:137,27,1,0
BRDA:146,28,0,0
BRDA:146,28,1,0
BRDA:155,29,0,0
BRDA:155,29,1,0
BRDA:162,30,0,0
BRDA:162,30,1,0
BRDA:183,31,0,0
BRDA:183,31,1,0
BRDA:190,32,0,0
BRDA:190,32,1,0
BRDA:190,33,0,0
BRDA:190,33,1,0
BRDA:192,34,0,0
BRDA:192,34,1,0
BRDA:198,35,0,0
BRDA:198,35,1,0
BRDA:200,36,0,0
BRDA:200,36,1,0
BRDA:224,37,0,0
BRDA:224,37,1,0
BRDA:230,38,0,0
BRDA:230,38,1,0
BRDA:230,39,0,0
BRDA:230,39,1,0
BRDA:232,40,0,0
BRDA:232,40,1,0
BRDA:232,41,0,0
BRDA:232,41,1,0
BRDA:254,42,0,0
BRDA:254,42,1,0
BRDA:259,43,0,0
BRDA:259,43,1,0
BRDA:264,44,0,0
BRDA:264,44,1,0
BRDA:264,45,0,0
BRDA:264,45,1,0
BRDA:265,46,0,0
BRDA:265,46,1,0
BRDA:265,47,0,0
BRDA:265,47,1,0
BRDA:290,48,0,0
BRDA:290,48,1,0
BRDA:297,49,0,0
BRDA:297,49,1,0
BRF:105
BRH:0
end_of_record
TN:
SF:src\learning\stateRepresentation.js
FN:7,(anonymous_0)
FN:14,(anonymous_1)
FN:27,(anonymous_2)
FN:52,(anonymous_3)
FN:65,(anonymous_4)
FN:98,(anonymous_5)
FN:122,(anonymous_6)
FN:125,(anonymous_7)
FN:133,(anonymous_8)
FN:136,(anonymous_9)
FN:146,(anonymous_10)
FN:147,(anonymous_11)
FN:165,(anonymous_12)
FN:171,(anonymous_13)
FN:187,(anonymous_14)
FN:188,(anonymous_15)
FN:198,(anonymous_16)
FN:213,(anonymous_17)
FN:259,(anonymous_18)
FN:274,(anonymous_19)
FNF:20
FNH:0
FNDA:0,(anonymous_0)
FNDA:0,(anonymous_1)
FNDA:0,(anonymous_2)
FNDA:0,(anonymous_3)
FNDA:0,(anonymous_4)
FNDA:0,(anonymous_5)
FNDA:0,(anonymous_6)
FNDA:0,(anonymous_7)
FNDA:0,(anonymous_8)
FNDA:0,(anonymous_9)
FNDA:0,(anonymous_10)
FNDA:0,(anonymous_11)
FNDA:0,(anonymous_12)
FNDA:0,(anonymous_13)
FNDA:0,(anonymous_14)
FNDA:0,(anonymous_15)
FNDA:0,(anonymous_16)
FNDA:0,(anonymous_17)
FNDA:0,(anonymous_18)
FNDA:0,(anonymous_19)
DA:8,0
DA:15,0
DA:16,0
DA:17,0
DA:18,0
DA:21,0
DA:35,0
DA:38,0
DA:41,0
DA:44,0
DA:46,0
DA:52,0
DA:73,0
DA:76,0
DA:78,0
DA:99,0
DA:101,0
DA:102,0
DA:104,0
DA:105,0
DA:106,0
DA:107,0
DA:108,0
DA:116,0
DA:123,0
DA:125,0
DA:126,0
DA:134,0
DA:136,0
DA:147,0
DA:150,0
DA:151,0
DA:155,0
DA:156,0
DA:160,0
DA:161,0
DA:165,0
DA:166,0
DA:167,0
DA:171,0
DA:172,0
DA:173,0
DA:177,0
DA:178,0
DA:181,0
DA:188,0
DA:189,0
DA:199,0
DA:201,0
DA:202,0
DA:204,0
DA:206,0
DA:214,0
DA:215,0
DA:218,0
DA:219,0
DA:221,0
DA:224,0
DA:225,0
DA:226,0
DA:227,0
DA:229,0
DA:232,0
DA:233,0
DA:234,0
DA:236,0
DA:239,0
DA:242,0
DA:243,0
DA:245,0
DA:248,0
DA:249,0
DA:251,0
DA:253,0
DA:260,0
DA:268,0
DA:275,0
DA:287,0
LF:78
LH:0
BRDA:7,0,0,0
BRDA:15,1,0,0
BRDA:15,1,1,0
BRDA:17,2,0,0
BRDA:17,2,1,0
BRDA:17,3,0,0
BRDA:17,3,1,0
BRDA:52,4,0,0
BRDA:52,4,1,0
BRDA:81,5,0,0
BRDA:81,5,1,0
BRDA:84,6,0,0
BRDA:84,6,1,0
BRDA:85,7,0,0
BRDA:85,7,1,0
BRDA:86,8,0,0
BRDA:86,8,1,0
BRDA:89,9,0,0
BRDA:89,9,1,0
BRDA:99,10,0,0
BRDA:99,10,1,0
BRDA:107,11,0,0
BRDA:107,11,1,0
BRDA:110,12,0,0
BRDA:110,12,1,0
BRDA:111,13,0,0
BRDA:111,13,1,0
BRDA:134,14,0,0
BRDA:134,14,1,0
BRDA:136,15,0,0
BRDA:136,15,1,0
BRDA:136,15,2,0
BRDA:136,15,3,0
BRDA:150,16,0,0
BRDA:150,16,1,0
BRDA:150,17,0,0
BRDA:150,17,1,0
BRDA:150,17,2,0
BRDA:155,18,0,0
BRDA:155,18,1,0
BRDA:155,19,0,0
BRDA:155,19,1,0
BRDA:160,20,0,0
BRDA:160,20,1,0
BRDA:160,21,0,0
BRDA:160,21,1,0
BRDA:160,21,2,0
BRDA:165,22,0,0
BRDA:165,22,1,0
BRDA:166,23,0,0
BRDA:166,23,1,0
BRDA:171,24,0,0
BRDA:171,24,1,0
BRDA:172,25,0,0
BRDA:172,25,1,0
BRDA:177,26,0,0
BRDA:177,26,1,0
BRDA:177,27,0,0
BRDA:177,27,1,0
BRDA:177,27,2,0
BRDA:177,27,3,0
BRDA:189,28,0,0
BRDA:189,28,1,0
BRDA:189,28,2,0
BRDA:199,29,0,0
BRDA:199,29,1,0
BRDA:218,30,0,0
BRDA:218,30,1,0
BRDA:224,31,0,0
BRDA:224,31,1,0
BRDA:225,32,0,0
BRDA:225,32,1,0
BRDA:226,33,0,0
BRDA:226,33,1,0
BRDA:233,34,0,0
BRDA:233,34,1,0
BRDA:242,35,0,0
BRDA:242,35,1,0
BRDA:248,36,0,0
BRDA:248,36,1,0
BRDA:262,37,0,0
BRDA:262,37,1,0
BRDA:277,38,0,0
BRDA:277,38,1,0
BRDA:280,39,0,0
BRDA:280,39,1,0
BRDA:281,40,0,0
BRDA:281,40,1,0
BRDA:282,41,0,0
BRDA:282,41,1,0
BRDA:282,42,0,0
BRDA:282,42,1,0
BRDA:282,42,2,0
BRF:93
BRH:0
end_of_record
TN:
SF:src\mobile\deviceManager.js
FN:11,(anonymous_0)
FN:19,(anonymous_1)
FN:53,(anonymous_2)
FN:95,(anonymous_3)
FN:119,(anonymous_4)
FN:131,(anonymous_5)
FN:143,(anonymous_6)
FN:154,(anonymous_7)
FN:159,(anonymous_8)
FN:165,(anonymous_9)
FN:184,(anonymous_10)
FN:192,(anonymous_11)
FN:199,(anonymous_12)
FN:208,(anonymous_13)
FN:231,(anonymous_14)
FN:244,(anonymous_15)
FN:253,(anonymous_16)
FN:267,(anonymous_17)
FN:281,(anonymous_18)
FN:299,(anonymous_19)
FN:317,(anonymous_20)
FNF:21
FNH:0
FNDA:0,(anonymous_0)
FNDA:0,(anonymous_1)
FNDA:0,(anonymous_2)
FNDA:0,(anonymous_3)
FNDA:0,(anonymous_4)
FNDA:0,(anonymous_5)
FNDA:0,(anonymous_6)
FNDA:0,(anonymous_7)
FNDA:0,(anonymous_8)
FNDA:0,(anonymous_9)
FNDA:0,(anonymous_10)
FNDA:0,(anonymous_11)
FNDA:0,(anonymous_12)
FNDA:0,(anonymous_13)
FNDA:0,(anonymous_14)
FNDA:0,(anonymous_15)
FNDA:0,(anonymous_16)
FNDA:0,(anonymous_17)
FNDA:0,(anonymous_18)
FNDA:0,(anonymous_19)
FNDA:0,(anonymous_20)
DA:6,0
DA:7,0
DA:8,0
DA:12,0
DA:13,0
DA:20,0
DA:21,0
DA:22,0
DA:24,0
DA:25,0
DA:26,0
DA:27,0
DA:28,0
DA:29,0
DA:30,0
DA:32,0
DA:43,0
DA:45,0
DA:46,0
DA:54,0
DA:55,0
DA:56,0
DA:58,0
DA:59,0
DA:60,0
DA:62,0
DA:63,0
DA:64,0
DA:77,0
DA:78,0
DA:79,0
DA:80,0
DA:85,0
DA:87,0
DA:88,0
DA:96,0
DA:97,0
DA:99,0
DA:100,0
DA:101,0
DA:102,0
DA:113,0
DA:120,0
DA:121,0
DA:122,0
DA:124,0
DA:132,0
DA:133,0
DA:134,0
DA:136,0
DA:144,0
DA:145,0
DA:147,0
DA:148,0
DA:155,0
DA:156,0
DA:159,0
DA:166,0
DA:167,0
DA:168,0
DA:171,0
DA:173,0
DA:174,0
DA:176,0
DA:177,0
DA:185,0
DA:187,0
DA:188,0
DA:189,0
DA:190,0
DA:192,0
DA:193,0
DA:199,0
DA:202,0
DA:209,0
DA:210,0
DA:211,0
DA:214,0
DA:216,0
DA:217,0
DA:219,0
DA:221,0
DA:223,0
DA:224,0
DA:232,0
DA:234,0
DA:235,0
DA:236,0
DA:237,0
DA:238,0
DA:244,0
DA:247,0
DA:254,0
DA:255,0
DA:256,0
DA:257,0
DA:259,0
DA:260,0
DA:268,0
DA:269,0
DA:270,0
DA:271,0
DA:273,0
DA:274,0
DA:282,0
DA:283,0
DA:284,0
DA:285,0
DA:286,0
DA:288,0
DA:289,0
DA:291,0
DA:292,0
DA:300,0
DA:301,0
DA:302,0
DA:303,0
DA:304,0
DA:306,0
DA:307,0
DA:309,0
DA:310,0
DA:318,0
DA:319,0
DA:320,0
DA:321,0
DA:322,0
DA:324,0
DA:326,0
DA:327,0
DA:332,0
LF:131
LH:0
BRDA:27,0,0,0
BRDA:27,0,1,0
BRDA:60,1,0,0
BRDA:60,1,1,0
BRDA:63,2,0,0
BRDA:63,2,1,0
BRDA:63,3,0,0
BRDA:63,3,1,0
BRDA:101,4,0,0
BRDA:101,4,1,0
BRDA:101,5,0,0
BRDA:101,5,1,0
BRDA:155,6,0,0
BRDA:155,6,1,0
BRDA:184,7,0,0
BRDA:190,8,0,0
BRDA:190,8,1,0
BRDA:190,9,0,0
BRDA:190,9,1,0
BRDA:219,10,0,0
BRDA:219,10,1,0
BRDA:231,11,0,0
BRDA:237,12,0,0
BRDA:237,12,1,0
BRDA:283,13,0,0
BRDA:283,13,1,0
BRDA:285,14,0,0
BRDA:285,14,1,0
BRDA:301,15,0,0
BRDA:301,15,1,0
BRDA:303,16,0,0
BRDA:303,16,1,0
BRDA:319,17,0,0
BRDA:319,17,1,0
BRDA:321,18,0,0
BRDA:321,18,1,0
BRF:36
BRH:0
end_of_record
TN:
SF:src\mobile\mobileAgent.js
FN:13,(anonymous_0)
FN:28,(anonymous_1)
FN:48,(anonymous_2)
FN:62,(anonymous_3)
FN:82,(anonymous_4)
FN:102,(anonymous_5)
FN:118,(anonymous_6)
FN:131,(anonymous_7)
FN:138,(anonymous_8)
FN:145,(anonymous_9)
FN:158,(anonymous_10)
FN:165,(anonymous_11)
FN:172,(anonymous_12)
FN:179,(anonymous_13)
FN:186,(anonymous_14)
FN:247,(anonymous_15)
FN:262,(anonymous_16)
FN:270,(anonymous_17)
FN:277,(anonymous_18)
FNF:19
FNH:0
FNDA:0,(anonymous_0)
FNDA:0,(anonymous_1)
FNDA:0,(anonymous_2)
FNDA:0,(anonymous_3)
FNDA:0,(anonymous_4)
FNDA:0,(anonymous_5)
FNDA:0,(anonymous_6)
FNDA:0,(anonymous_7)
FNDA:0,(anonymous_8)
FNDA:0,(anonymous_9)
FNDA:0,(anonymous_10)
FNDA:0,(anonymous_11)
FNDA:0,(anonymous_12)
FNDA:0,(anonymous_13)
FNDA:0,(anonymous_14)
FNDA:0,(anonymous_15)
FNDA:0,(anonymous_16)
FNDA:0,(anonymous_17)
FNDA:0,(anonymous_18)
DA:6,0
DA:7,0
DA:8,0
DA:9,0
DA:10,0
DA:14,0
DA:15,0
DA:16,0
DA:17,0
DA:18,0
DA:19,0
DA:20,0
DA:21,0
DA:22,0
DA:29,0
DA:30,0
DA:33,0
DA:35,0
DA:36,0
DA:38,0
DA:39,0
DA:41,0
DA:42,0
DA:49,0
DA:50,0
DA:53,0
DA:54,0
DA:56,0
DA:63,0
DA:64,0
DA:66,0
DA:67,0
DA:68,0
DA:70,0
DA:71,0
DA:74,0
DA:75,0
DA:83,0
DA:84,0
DA:86,0
DA:87,0
DA:88,0
DA:90,0
DA:91,0
DA:94,0
DA:95,0
DA:103,0
DA:105,0
DA:106,0
DA:107,0
DA:108,0
DA:112,0
DA:119,0
DA:121,0
DA:122,0
DA:125,0
DA:132,0
DA:139,0
DA:146,0
DA:148,0
DA:149,0
DA:152,0
DA:159,0
DA:166,0
DA:173,0
DA:180,0
DA:187,0
DA:188,0
DA:189,0
DA:191,0
DA:192,0
DA:195,0
DA:196,0
DA:197,0
DA:200,0
DA:201,0
DA:202,0
DA:205,0
DA:206,0
DA:207,0
DA:210,0
DA:211,0
DA:212,0
DA:215,0
DA:216,0
DA:217,0
DA:220,0
DA:221,0
DA:222,0
DA:223,0
DA:226,0
DA:229,0
DA:230,0
DA:233,0
DA:235,0
DA:248,0
DA:249,0
DA:251,0
DA:252,0
DA:253,0
DA:256,0
DA:263,0
DA:264,0
DA:271,0
DA:278,0
DA:279,0
DA:283,0
LF:107
LH:0
BRDA:13,0,0,0
BRDA:16,1,0,0
BRDA:16,1,1,0
BRDA:29,2,0,0
BRDA:29,2,1,0
BRDA:49,3,0,0
BRDA:49,3,1,0
BRDA:62,4,0,0
BRDA:67,5,0,0
BRDA:67,5,1,0
BRDA:82,6,0,0
BRDA:87,7,0,0
BRDA:87,7,1,0
BRDA:102,8,0,0
BRDA:102,9,0,0
BRDA:105,10,0,0
BRDA:105,10,1,0
BRDA:107,11,0,0
BRDA:107,11,1,0
BRDA:121,12,0,0
BRDA:121,12,1,0
BRDA:138,13,0,0
BRDA:145,14,0,0
BRDA:148,15,0,0
BRDA:148,15,1,0
BRDA:186,16,0,0
BRDA:192,17,0,0
BRDA:192,17,1,0
BRDA:192,17,2,0
BRDA:192,17,3,0
BRDA:192,17,4,0
BRDA:192,17,5,0
BRDA:192,17,6,0
BRDA:192,17,7,0
BRDA:221,18,0,0
BRDA:221,18,1,0
BRDA:247,19,0,0
BRDA:251,20,0,0
BRDA:251,20,1,0
BRF:39
BRH:0
end_of_record
TN:
SF:src\mobile\mobileCommands.js
FN:7,(anonymous_0)
FN:15,(anonymous_1)
FN:43,(anonymous_2)
FN:86,(anonymous_3)
FN:157,(anonymous_4)
FN:227,(anonymous_5)
FN:255,(anonymous_6)
FN:290,(anonymous_7)
FN:306,(anonymous_8)
FN:323,(anonymous_9)
FN:340,(anonymous_10)
FN:353,(anonymous_11)
FN:366,(anonymous_12)
FN:379,(anonymous_13)
FN:392,(anonymous_14)
FNF:15
FNH:0
FNDA:0,(anonymous_0)
FNDA:0,(anonymous_1)
FNDA:0,(anonymous_2)
FNDA:0,(anonymous_3)
FNDA:0,(anonymous_4)
FNDA:0,(anonymous_5)
FNDA:0,(anonymous_6)
FNDA:0,(anonymous_7)
FNDA:0,(anonymous_8)
FNDA:0,(anonymous_9)
FNDA:0,(anonymous_10)
FNDA:0,(anonymous_11)
FNDA:0,(anonymous_12)
FNDA:0,(anonymous_13)
FNDA:0,(anonymous_14)
DA:8,0
DA:9,0
DA:16,0
DA:18,0
DA:19,0
DA:20,0
DA:21,0
DA:22,0
DA:35,0
DA:36,0
DA:44,0
DA:46,0
DA:47,0
DA:48,0
DA:49,0
DA:50,0
DA:51,0
DA:53,0
DA:64,0
DA:65,0
DA:78,0
DA:79,0
DA:94,0
DA:96,0
DA:97,0
DA:98,0
DA:99,0
DA:100,0
DA:103,0
DA:104,0
DA:105,0
DA:106,0
DA:107,0
DA:109,0
DA:111,0
DA:112,0
DA:113,0
DA:114,0
DA:115,0
DA:117,0
DA:118,0
DA:119,0
DA:120,0
DA:121,0
DA:123,0
DA:124,0
DA:125,0
DA:126,0
DA:127,0
DA:129,0
DA:130,0
DA:131,0
DA:132,0
DA:133,0
DA:137,0
DA:149,0
DA:150,0
DA:158,0
DA:159,0
DA:160,0
DA:161,0
DA:162,0
DA:164,0
DA:165,0
DA:167,0
DA:193,0
DA:219,0
DA:220,0
DA:228,0
DA:230,0
DA:231,0
DA:233,0
DA:234,0
DA:235,0
DA:237,0
DA:238,0
DA:240,0
DA:243,0
DA:244,0
DA:247,0
DA:248,0
DA:256,0
DA:258,0
DA:259,0
DA:260,0
DA:261,0
DA:262,0
DA:264,0
DA:265,0
DA:266,0
DA:267,0
DA:269,0
DA:282,0
DA:283,0
DA:291,0
DA:293,0
DA:294,0
DA:295,0
DA:296,0
DA:298,0
DA:299,0
DA:307,0
DA:308,0
DA:309,0
DA:310,0
DA:311,0
DA:313,0
DA:315,0
DA:316,0
DA:324,0
DA:325,0
DA:326,0
DA:327,0
DA:328,0
DA:330,0
DA:332,0
DA:333,0
DA:341,0
DA:342,0
DA:343,0
DA:345,0
DA:346,0
DA:354,0
DA:355,0
DA:356,0
DA:358,0
DA:359,0
DA:367,0
DA:368,0
DA:369,0
DA:371,0
DA:372,0
DA:380,0
DA:381,0
DA:382,0
DA:384,0
DA:385,0
DA:393,0
DA:395,0
DA:396,0
DA:397,0
DA:398,0
DA:401,0
DA:409,0
DA:411,0
DA:412,0
DA:417,0
LF:147
LH:0
BRDA:15,0,0,0
BRDA:16,1,0,0
BRDA:19,2,0,0
BRDA:19,2,1,0
BRDA:21,3,0,0
BRDA:21,3,1,0
BRDA:21,4,0,0
BRDA:21,4,1,0
BRDA:43,5,0,0
BRDA:44,6,0,0
BRDA:47,7,0,0
BRDA:47,7,1,0
BRDA:64,8,0,0
BRDA:64,8,1,0
BRDA:64,9,0,0
BRDA:64,9,1,0
BRDA:86,10,0,0
BRDA:92,11,0,0
BRDA:93,12,0,0
BRDA:103,13,0,0
BRDA:103,13,1,0
BRDA:109,14,0,0
BRDA:109,14,1,0
BRDA:109,14,2,0
BRDA:109,14,3,0
BRDA:157,15,0,0
BRDA:158,16,0,0
BRDA:158,17,0,0
BRDA:165,18,0,0
BRDA:165,18,1,0
BRDA:227,19,0,0
BRDA:228,20,0,0
BRDA:228,21,0,0
BRDA:228,22,0,0
BRDA:231,23,0,0
BRDA:231,23,1,0
BRDA:234,24,0,0
BRDA:234,24,1,0
BRDA:255,25,0,0
BRDA:256,26,0,0
BRDA:290,27,0,0
BRDA:291,28,0,0
BRDA:308,29,0,0
BRDA:308,29,1,0
BRDA:310,30,0,0
BRDA:310,30,1,0
BRDA:325,31,0,0
BRDA:325,31,1,0
BRDA:327,32,0,0
BRDA:327,32,1,0
BRDA:379,33,0,0
BRDA:395,34,0,0
BRDA:395,34,1,0
BRDA:397,35,0,0
BRDA:397,35,1,0
BRDA:409,36,0,0
BRDA:409,36,1,0
BRF:57
BRH:0
end_of_record
TN:
SF:src\mobile\mobileDriver.js
FN:9,(anonymous_0)
FN:29,(anonymous_1)
FN:53,(anonymous_2)
FN:94,(anonymous_3)
FN:101,(anonymous_4)
FN:110,(anonymous_5)
FN:115,(anonymous_6)
FN:119,(anonymous_7)
FN:123,(anonymous_8)
FNF:9
FNH:0
FNDA:0,(anonymous_0)
FNDA:0,(anonymous_1)
FNDA:0,(anonymous_2)
FNDA:0,(anonymous_3)
FNDA:0,(anonymous_4)
FNDA:0,(anonymous_5)
FNDA:0,(anonymous_6)
FNDA:0,(anonymous_7)
FNDA:0,(anonymous_8)
DA:6,0
DA:10,0
DA:25,0
DA:26,0
DA:30,0
DA:31,0
DA:34,0
DA:36,0
DA:37,0
DA:45,0
DA:46,0
DA:48,0
DA:49,0
DA:54,0
DA:62,0
DA:63,0
DA:67,0
DA:68,0
DA:69,0
DA:71,0
DA:72,0
DA:74,0
DA:75,0
DA:77,0
DA:81,0
DA:82,0
DA:83,0
DA:85,0
DA:86,0
DA:88,0
DA:91,0
DA:95,0
DA:96,0
DA:98,0
DA:102,0
DA:103,0
DA:104,0
DA:105,0
DA:106,0
DA:111,0
DA:112,0
DA:116,0
DA:120,0
DA:124,0
DA:128,0
LF:45
LH:0
BRDA:9,0,0,0
BRDA:11,1,0,0
BRDA:11,1,1,0
BRDA:12,2,0,0
BRDA:12,2,1,0
BRDA:13,3,0,0
BRDA:13,3,1,0
BRDA:14,4,0,0
BRDA:14,4,1,0
BRDA:14,5,0,0
BRDA:14,5,1,0
BRDA:15,6,0,0
BRDA:15,6,1,0
BRDA:16,7,0,0
BRDA:16,7,1,0
BRDA:17,8,0,0
BRDA:17,8,1,0
BRDA:18,9,0,0
BRDA:18,9,1,0
BRDA:19,10,0,0
BRDA:19,10,1,0
BRDA:20,11,0,0
BRDA:20,11,1,0
BRDA:21,12,0,0
BRDA:21,12,1,0
BRDA:30,13,0,0
BRDA:30,13,1,0
BRDA:55,14,0,0
BRDA:55,14,1,0
BRDA:62,15,0,0
BRDA:62,15,1,0
BRDA:67,16,0,0
BRDA:67,16,1,0
BRDA:68,17,0,0
BRDA:68,17,1,0
BRDA:71,18,0,0
BRDA:71,18,1,0
BRDA:74,19,0,0
BRDA:74,19,1,0
BRDA:81,20,0,0
BRDA:81,20,1,0
BRDA:82,21,0,0
BRDA:82,21,1,0
BRDA:85,22,0,0
BRDA:85,22,1,0
BRDA:95,23,0,0
BRDA:95,23,1,0
BRDA:102,24,0,0
BRDA:102,24,1,0
BRF:49
BRH:0
end_of_record
TN:
SF:src\mobile\mobileStateDetector.js
FN:7,(anonymous_0)
FN:18,(anonymous_1)
FN:45,(anonymous_2)
FN:84,(anonymous_3)
FN:147,(anonymous_4)
FN:148,(anonymous_5)
FN:164,(anonymous_6)
FN:170,(anonymous_7)
FN:203,(anonymous_8)
FN:257,(anonymous_9)
FN:277,(anonymous_10)
FN:298,(anonymous_11)
FN:316,(anonymous_12)
FN:329,(anonymous_13)
FN:335,(anonymous_14)
FN:336,(anonymous_15)
FN:339,(anonymous_16)
FN:348,(anonymous_17)
FN:367,(anonymous_18)
FNF:19
FNH:0
FNDA:0,(anonymous_0)
FNDA:0,(anonymous_1)
FNDA:0,(anonymous_2)
FNDA:0,(anonymous_3)
FNDA:0,(anonymous_4)
FNDA:0,(anonymous_5)
FNDA:0,(anonymous_6)
FNDA:0,(anonymous_7)
FNDA:0,(anonymous_8)
FNDA:0,(anonymous_9)
FNDA:0,(anonymous_10)
FNDA:0,(anonymous_11)
FNDA:0,(anonymous_12)
FNDA:0,(anonymous_13)
FNDA:0,(anonymous_14)
FNDA:0,(anonymous_15)
FNDA:0,(anonymous_16)
FNDA:0,(anonymous_17)
FNDA:0,(anonymous_18)
DA:8,0
DA:9,0
DA:10,0
DA:11,0
DA:12,0
DA:19,0
DA:21,0
DA:22,0
DA:23,0
DA:24,0
DA:27,0
DA:35,0
DA:37,0
DA:38,0
DA:46,0
DA:47,0
DA:48,0
DA:51,0
DA:54,0
DA:57,0
DA:60,0
DA:62,0
DA:72,0
DA:74,0
DA:76,0
DA:77,0
DA:85,0
DA:86,0
DA:89,0
DA:106,0
DA:107,0
DA:108,0
DA:110,0
DA:111,0
DA:112,0
DA:113,0
DA:115,0
DA:116,0
DA:117,0
DA:119,0
DA:128,0
DA:133,0
DA:137,0
DA:139,0
DA:140,0
DA:148,0
DA:149,0
DA:152,0
DA:154,0
DA:158,0
DA:160,0
DA:164,0
DA:165,0
DA:166,0
DA:170,0
DA:171,0
DA:173,0
DA:174,0
DA:178,0
DA:179,0
DA:183,0
DA:184,0
DA:188,0
DA:189,0
DA:193,0
DA:194,0
DA:197,0
DA:204,0
DA:205,0
DA:212,0
DA:214,0
DA:215,0
DA:218,0
DA:219,0
DA:222,0
DA:223,0
DA:226,0
DA:227,0
DA:228,0
DA:230,0
DA:231,0
DA:234,0
DA:235,0
DA:238,0
DA:239,0
DA:242,0
DA:244,0
DA:245,0
DA:258,0
DA:259,0
DA:260,0
DA:261,0
DA:262,0
DA:263,0
DA:264,0
DA:265,0
DA:266,0
DA:268,0
DA:270,0
DA:278,0
DA:279,0
DA:280,0
DA:281,0
DA:282,0
DA:283,0
DA:284,0
DA:285,0
DA:286,0
DA:287,0
DA:289,0
DA:291,0
DA:299,0
DA:300,0
DA:301,0
DA:302,0
DA:303,0
DA:304,0
DA:305,0
DA:307,0
DA:309,0
DA:317,0
DA:319,0
DA:320,0
DA:323,0
DA:330,0
DA:331,0
DA:334,0
DA:335,0
DA:336,0
DA:339,0
DA:340,0
DA:342,0
DA:349,0
DA:350,0
DA:353,0
DA:354,0
DA:356,0
DA:368,0
DA:369,0
DA:373,0
LF:140
LH:0
BRDA:21,0,0,0
BRDA:21,0,1,0
BRDA:23,1,0,0
BRDA:23,1,1,0
BRDA:35,2,0,0
BRDA:35,2,1,0
BRDA:89,3,0,0
BRDA:89,3,1,0
BRDA:113,4,0,0
BRDA:113,4,1,0
BRDA:148,5,0,0
BRDA:148,5,1,0
BRDA:152,6,0,0
BRDA:152,6,1,0
BRDA:152,7,0,0
BRDA:152,7,1,0
BRDA:152,7,2,0
BRDA:152,7,3,0
BRDA:152,7,4,0
BRDA:152,7,5,0
BRDA:152,7,6,0
BRDA:158,8,0,0
BRDA:158,8,1,0
BRDA:158,9,0,0
BRDA:158,9,1,0
BRDA:158,9,2,0
BRDA:158,9,3,0
BRDA:158,9,4,0
BRDA:164,10,0,0
BRDA:164,10,1,0
BRDA:165,11,0,0
BRDA:165,11,1,0
BRDA:171,12,0,0
BRDA:171,12,1,0
BRDA:173,13,0,0
BRDA:173,13,1,0
BRDA:178,14,0,0
BRDA:178,14,1,0
BRDA:178,15,0,0
BRDA:178,15,1,0
BRDA:178,15,2,0
BRDA:183,16,0,0
BRDA:183,16,1,0
BRDA:183,17,0,0
BRDA:183,17,1,0
BRDA:188,18,0,0
BRDA:188,18,1,0
BRDA:188,19,0,0
BRDA:188,19,1,0
BRDA:193,20,0,0
BRDA:193,20,1,0
BRDA:193,21,0,0
BRDA:193,21,1,0
BRDA:212,22,0,0
BRDA:212,22,1,0
BRDA:228,23,0,0
BRDA:228,23,1,0
BRDA:259,24,0,0
BRDA:259,24,1,0
BRDA:262,25,0,0
BRDA:262,25,1,0
BRDA:263,26,0,0
BRDA:263,26,1,0
BRDA:266,27,0,0
BRDA:266,27,1,0
BRDA:279,28,0,0
BRDA:279,28,1,0
BRDA:282,29,0,0
BRDA:282,29,1,0
BRDA:282,29,2,0
BRDA:283,30,0,0
BRDA:283,30,1,0
BRDA:287,31,0,0
BRDA:287,31,1,0
BRDA:287,31,2,0
BRDA:287,31,3,0
BRDA:300,32,0,0
BRDA:300,32,1,0
BRDA:303,33,0,0
BRDA:303,33,1,0
BRDA:319,34,0,0
BRDA:319,34,1,0
BRDA:330,35,0,0
BRDA:330,35,1,0
BRDA:342,36,0,0
BRDA:342,36,1,0
BRDA:349,37,0,0
BRDA:349,37,1,0
BRF:88
BRH:0
end_of_record
TN:
SF:src\mobile\platformSelectors.js
FN:7,(anonymous_0)
FN:17,(anonymous_1)
FN:23,(anonymous_2)
FN:24,(anonymous_3)
FN:25,(anonymous_4)
FN:32,(anonymous_5)
FN:42,(anonymous_6)
FN:61,(anonymous_7)
FN:103,(anonymous_8)
FN:145,(anonymous_9)
FN:163,(anonymous_10)
FN:185,(anonymous_11)
FN:203,(anonymous_12)
FN:204,(anonymous_13)
FNF:14
FNH:0
FNDA:0,(anonymous_0)
FNDA:0,(anonymous_1)
FNDA:0,(anonymous_2)
FNDA:0,(anonymous_3)
FNDA:0,(anonymous_4)
FNDA:0,(anonymous_5)
FNDA:0,(anonymous_6)
FNDA:0,(anonymous_7)
FNDA:0,(anonymous_8)
FNDA:0,(anonymous_9)
FNDA:0,(anonymous_10)
FNDA:0,(anonymous_11)
FNDA:0,(anonymous_12)
FNDA:0,(anonymous_13)
DA:8,0
DA:18,0
DA:19,0
DA:22,0
DA:23,0
DA:24,0
DA:25,0
DA:28,0
DA:29,0
DA:33,0
DA:34,0
DA:35,0
DA:36,0
DA:37,0
DA:38,0
DA:39,0
DA:43,0
DA:45,0
DA:47,0
DA:49,0
DA:51,0
DA:53,0
DA:55,0
DA:57,0
DA:62,0
DA:64,0
DA:65,0
DA:70,0
DA:71,0
DA:76,0
DA:81,0
DA:86,0
DA:91,0
DA:96,0
DA:104,0
DA:106,0
DA:107,0
DA:112,0
DA:113,0
DA:118,0
DA:123,0
DA:128,0
DA:133,0
DA:138,0
DA:146,0
DA:160,0
DA:164,0
DA:177,0
DA:186,0
DA:188,0
DA:189,0
DA:190,0
DA:191,0
DA:192,0
DA:193,0
DA:195,0
DA:204,0
DA:208,0
LF:58
LH:0
BRDA:17,0,0,0
BRDA:18,1,0,0
BRDA:18,1,1,0
BRDA:28,2,0,0
BRDA:28,2,1,0
BRDA:33,3,0,0
BRDA:33,3,1,0
BRDA:34,4,0,0
BRDA:34,4,1,0
BRDA:35,5,0,0
BRDA:35,5,1,0
BRDA:35,6,0,0
BRDA:35,6,1,0
BRDA:36,7,0,0
BRDA:36,7,1,0
BRDA:36,8,0,0
BRDA:36,8,1,0
BRDA:37,9,0,0
BRDA:37,9,1,0
BRDA:38,10,0,0
BRDA:38,10,1,0
BRDA:43,11,0,0
BRDA:43,11,1,0
BRDA:43,11,2,0
BRDA:43,11,3,0
BRDA:43,11,4,0
BRDA:43,11,5,0
BRDA:43,11,6,0
BRDA:45,12,0,0
BRDA:45,12,1,0
BRDA:47,13,0,0
BRDA:47,13,1,0
BRDA:62,14,0,0
BRDA:62,14,1,0
BRDA:62,14,2,0
BRDA:62,14,3,0
BRDA:62,14,4,0
BRDA:62,14,5,0
BRDA:62,14,6,0
BRDA:104,15,0,0
BRDA:104,15,1,0
BRDA:104,15,2,0
BRDA:104,15,3,0
BRDA:104,15,4,0
BRDA:104,15,5,0
BRDA:104,15,6,0
BRDA:109,16,0,0
BRDA:109,16,1,0
BRDA:115,17,0,0
BRDA:115,17,1,0
BRDA:160,18,0,0
BRDA:160,18,1,0
BRDA:177,19,0,0
BRDA:177,19,1,0
BRDA:188,20,0,0
BRDA:188,20,1,0
BRDA:189,21,0,0
BRDA:189,21,1,0
BRDA:190,22,0,0
BRDA:190,22,1,0
BRDA:191,23,0,0
BRDA:191,23,1,0
BRDA:192,24,0,0
BRDA:192,24,1,0
BRDA:193,25,0,0
BRDA:193,25,1,0
BRF:66
BRH:0
end_of_record
TN:
SF:src\providers\AnthropicProvider.js
FN:15,(anonymous_0)
FN:42,(anonymous_1)
FN:57,(anonymous_2)
FN:100,(anonymous_3)
FN:142,(anonymous_4)
FN:181,(anonymous_5)
FN:207,(anonymous_6)
FN:218,(anonymous_7)
FN:235,(anonymous_8)
FN:252,(anonymous_9)
FN:268,(anonymous_10)
FN:284,(anonymous_11)
FNF:12
FNH:0
FNDA:0,(anonymous_0)
FNDA:0,(anonymous_1)
FNDA:0,(anonymous_2)
FNDA:0,(anonymous_3)
FNDA:0,(anonymous_4)
FNDA:0,(anonymous_5)
FNDA:0,(anonymous_6)
FNDA:0,(anonymous_7)
FNDA:0,(anonymous_8)
FNDA:0,(anonymous_9)
FNDA:0,(anonymous_10)
FNDA:0,(anonymous_11)
DA:7,3
DA:16,0
DA:18,0
DA:19,0
DA:26,0
DA:27,0
DA:29,0
DA:43,0
DA:44,0
DA:45,0
DA:47,0
DA:48,0
DA:58,0
DA:60,0
DA:62,0
DA:63,0
DA:76,0
DA:79,0
DA:80,0
DA:81,0
DA:83,0
DA:85,0
DA:87,0
DA:89,0
DA:90,0
DA:91,0
DA:101,0
DA:103,0
DA:105,0
DA:106,0
DA:119,0
DA:121,0
DA:122,0
DA:123,0
DA:125,0
DA:127,0
DA:129,0
DA:131,0
DA:132,0
DA:133,0
DA:143,0
DA:145,0
DA:147,0
DA:148,0
DA:161,0
DA:163,0
DA:164,0
DA:165,0
DA:167,0
DA:169,0
DA:171,0
DA:172,0
DA:173,0
DA:182,0
DA:208,0
DA:219,0
DA:236,0
DA:237,0
DA:238,0
DA:239,0
DA:241,0
DA:243,0
DA:253,0
DA:254,0
DA:255,0
DA:256,0
DA:258,0
DA:260,0
DA:269,0
DA:285,0
DA:290,0
DA:294,3
LF:72
LH:2
BRDA:15,0,0,0
BRDA:20,1,0,0
BRDA:20,1,1,0
BRDA:21,2,0,0
BRDA:21,2,1,0
BRDA:22,3,0,0
BRDA:22,3,1,0
BRDA:58,4,0,0
BRDA:58,4,1,0
BRDA:101,5,0,0
BRDA:101,5,1,0
BRDA:143,6,0,0
BRDA:143,6,1,0
BRDA:238,7,0,0
BRDA:238,7,1,0
BRDA:255,8,0,0
BRDA:255,8,1,0
BRDA:271,9,0,0
BRDA:271,9,1,0
BRDA:274,10,0,0
BRDA:274,10,1,0
BRDA:290,11,0,0
BRDA:290,11,1,0
BRF:23
BRH:0
end_of_record
TN:
SF:src\providers\BrowserbaseProvider.js
FN:25,(anonymous_0)
FN:65,(anonymous_1)
FN:93,(anonymous_2)
FN:120,(anonymous_3)
FN:143,(anonymous_4)
FN:170,(anonymous_5)
FN:188,(anonymous_6)
FN:209,(anonymous_7)
FN:230,(anonymous_8)
FN:253,(anonymous_9)
FN:275,(anonymous_10)
FN:308,(anonymous_11)
FN:330,(anonymous_12)
FN:353,(anonymous_13)
FN:374,(anonymous_14)
FN:417,(anonymous_15)
FN:434,(anonymous_16)
FN:454,(anonymous_17)
FNF:18
FNH:0
FNDA:0,(anonymous_0)
FNDA:0,(anonymous_1)
FNDA:0,(anonymous_2)
FNDA:0,(anonymous_3)
FNDA:0,(anonymous_4)
FNDA:0,(anonymous_5)
FNDA:0,(anonymous_6)
FNDA:0,(anonymous_7)
FNDA:0,(anonymous_8)
FNDA:0,(anonymous_9)
FNDA:0,(anonymous_10)
FNDA:0,(anonymous_11)
FNDA:0,(anonymous_12)
FNDA:0,(anonymous_13)
FNDA:0,(anonymous_14)
FNDA:0,(anonymous_15)
FNDA:0,(anonymous_16)
FNDA:0,(anonymous_17)
DA:7,0
DA:26,0
DA:27,0
DA:30,0
DA:31,0
DA:42,0
DA:43,0
DA:44,0
DA:45,0
DA:46,0
DA:47,0
DA:50,0
DA:66,0
DA:67,0
DA:70,0
DA:72,0
DA:73,0
DA:74,0
DA:75,0
DA:77,0
DA:79,0
DA:84,0
DA:94,0
DA:112,0
DA:113,0
DA:121,0
DA:122,0
DA:125,0
DA:135,0
DA:144,0
DA:145,0
DA:148,0
DA:150,0
DA:159,0
DA:160,0
DA:162,0
DA:171,0
DA:172,0
DA:175,0
DA:177,0
DA:178,0
DA:179,0
DA:181,0
DA:189,0
DA:190,0
DA:193,0
DA:202,0
DA:210,0
DA:211,0
DA:214,0
DA:223,0
DA:231,0
DA:232,0
DA:235,0
DA:244,0
DA:245,0
DA:254,0
DA:255,0
DA:258,0
DA:265,0
DA:266,0
DA:276,0
DA:277,0
DA:280,0
DA:281,0
DA:282,0
DA:284,0
DA:285,0
DA:287,0
DA:290,0
DA:301,0
DA:309,0
DA:310,0
DA:313,0
DA:322,0
DA:331,0
DA:332,0
DA:335,0
DA:346,0
DA:354,0
DA:367,0
DA:375,0
DA:376,0
DA:379,0
DA:381,0
DA:382,0
DA:386,0
DA:395,0
DA:396,0
DA:398,0
DA:403,0
DA:405,0
DA:406,0
DA:407,0
DA:408,0
DA:409,0
DA:418,0
DA:435,0
DA:436,0
DA:438,0
DA:439,0
DA:442,0
DA:443,0
DA:446,0
DA:455,0
DA:456,0
DA:465,0
DA:467,0
DA:472,0
LF:109
LH:0
BRDA:25,0,0,0
BRDA:26,1,0,0
BRDA:26,1,1,0
BRDA:32,2,0,0
BRDA:32,2,1,0
BRDA:33,3,0,0
BRDA:33,3,1,0
BRDA:35,4,0,0
BRDA:35,4,1,0
BRDA:36,5,0,0
BRDA:36,5,1,0
BRDA:37,6,0,0
BRDA:37,6,1,0
BRDA:38,7,0,0
BRDA:38,7,1,0
BRDA:66,8,0,0
BRDA:66,8,1,0
BRDA:121,9,0,0
BRDA:121,9,1,0
BRDA:144,10,0,0
BRDA:144,10,1,0
BRDA:160,11,0,0
BRDA:160,11,1,0
BRDA:171,12,0,0
BRDA:171,12,1,0
BRDA:178,13,0,0
BRDA:178,13,1,0
BRDA:179,14,0,0
BRDA:179,14,1,0
BRDA:189,15,0,0
BRDA:189,15,1,0
BRDA:210,16,0,0
BRDA:210,16,1,0
BRDA:231,17,0,0
BRDA:231,17,1,0
BRDA:244,18,0,0
BRDA:244,18,1,0
BRDA:253,19,0,0
BRDA:254,20,0,0
BRDA:254,20,1,0
BRDA:259,21,0,0
BRDA:259,21,1,0
BRDA:260,22,0,0
BRDA:260,22,1,0
BRDA:261,23,0,0
BRDA:261,23,1,0
BRDA:276,24,0,0
BRDA:276,24,1,0
BRDA:284,25,0,0
BRDA:284,25,1,0
BRDA:309,26,0,0
BRDA:309,26,1,0
BRDA:331,27,0,0
BRDA:331,27,1,0
BRDA:375,28,0,0
BRDA:375,28,1,0
BRDA:381,29,0,0
BRDA:381,29,1,0
BRDA:438,30,0,0
BRDA:438,30,1,0
BRDA:438,31,0,0
BRDA:438,31,1,0
BRDA:442,32,0,0
BRDA:442,32,1,0
BRDA:442,33,0,0
BRDA:442,33,1,0
BRF:66
BRH:0
end_of_record
TN:
SF:src\providers\GeminiProvider.js
FN:16,(anonymous_0)
FN:42,(anonymous_1)
FN:70,(anonymous_2)
FN:98,(anonymous_3)
FN:123,(anonymous_4)
FN:153,(anonymous_5)
FN:168,(anonymous_6)
FN:185,(anonymous_7)
FN:208,(anonymous_8)
FN:224,(anonymous_9)
FN:240,(anonymous_10)
FNF:11
FNH:0
FNDA:0,(anonymous_0)
FNDA:0,(anonymous_1)
FNDA:0,(anonymous_2)
FNDA:0,(anonymous_3)
FNDA:0,(anonymous_4)
FNDA:0,(anonymous_5)
FNDA:0,(anonymous_6)
FNDA:0,(anonymous_7)
FNDA:0,(anonymous_8)
FNDA:0,(anonymous_9)
FNDA:0,(anonymous_10)
DA:7,3
DA:8,3
DA:17,0
DA:19,0
DA:20,0
DA:27,0
DA:28,0
DA:30,0
DA:43,0
DA:45,0
DA:46,0
DA:47,0
DA:48,0
DA:49,0
DA:51,0
DA:53,0
DA:55,0
DA:57,0
DA:59,0
DA:60,0
DA:61,0
DA:71,0
DA:73,0
DA:74,0
DA:75,0
DA:76,0
DA:77,0
DA:79,0
DA:81,0
DA:83,0
DA:85,0
DA:87,0
DA:88,0
DA:89,0
DA:99,0
DA:101,0
DA:102,0
DA:103,0
DA:104,0
DA:105,0
DA:107,0
DA:109,0
DA:111,0
DA:113,0
DA:114,0
DA:115,0
DA:124,0
DA:154,0
DA:169,0
DA:186,0
DA:188,0
DA:189,0
DA:190,0
DA:192,0
DA:195,0
DA:209,0
DA:210,0
DA:211,0
DA:212,0
DA:214,0
DA:216,0
DA:225,0
DA:241,0
DA:242,0
DA:246,3
LF:65
LH:3
BRDA:16,0,0,0
BRDA:21,1,0,0
BRDA:21,1,1,0
BRDA:22,2,0,0
BRDA:22,2,1,0
BRDA:23,3,0,0
BRDA:23,3,1,0
BRDA:51,4,0,0
BRDA:51,4,1,0
BRDA:79,5,0,0
BRDA:79,5,1,0
BRDA:107,6,0,0
BRDA:107,6,1,0
BRDA:189,7,0,0
BRDA:189,7,1,0
BRDA:211,8,0,0
BRDA:211,8,1,0
BRDA:227,9,0,0
BRDA:227,9,1,0
BRDA:230,10,0,0
BRDA:230,10,1,0
BRDA:242,11,0,0
BRDA:242,11,1,0
BRF:23
BRH:0
end_of_record
TN:
SF:src\providers\LLMProviderFactory.js
FN:19,(anonymous_0)
FN:43,(anonymous_1)
FN:53,(anonymous_2)
FNF:3
FNH:0
FNDA:0,(anonymous_0)
FNDA:0,(anonymous_1)
FNDA:0,(anonymous_2)
DA:7,3
DA:8,3
DA:9,3
DA:20,0
DA:21,0
DA:24,0
DA:26,0
DA:29,0
DA:32,0
DA:35,0
DA:44,0
DA:54,0
DA:56,0
DA:57,0
DA:61,0
DA:63,0
DA:65,0
DA:67,0
DA:69,0
DA:74,3
LF:20
LH:4
BRDA:19,0,0,0
BRDA:20,1,0,0
BRDA:20,1,1,0
BRDA:24,2,0,0
BRDA:24,2,1,0
BRDA:24,2,2,0
BRDA:24,2,3,0
BRDA:56,3,0,0
BRDA:56,3,1,0
BRDA:61,4,0,0
BRDA:61,4,1,0
BRDA:61,4,2,0
BRDA:61,4,3,0
BRF:13
BRH:0
end_of_record
TN:
SF:src\providers\OpenAIProvider.js
FN:15,(anonymous_0)
FN:42,(anonymous_1)
FN:57,(anonymous_2)
FN:106,(anonymous_3)
FN:154,(anonymous_4)
FN:198,(anonymous_5)
FN:224,(anonymous_6)
FN:235,(anonymous_7)
FN:252,(anonymous_8)
FN:268,(anonymous_9)
FNF:10
FNH:0
FNDA:0,(anonymous_0)
FNDA:0,(anonymous_1)
FNDA:0,(anonymous_2)
FNDA:0,(anonymous_3)
FNDA:0,(anonymous_4)
FNDA:0,(anonymous_5)
FNDA:0,(anonymous_6)
FNDA:0,(anonymous_7)
FNDA:0,(anonymous_8)
FNDA:0,(anonymous_9)
DA:7,3
DA:16,0
DA:18,0
DA:19,0
DA:26,0
DA:27,0
DA:29,0
DA:43,0
DA:44,0
DA:45,0
DA:47,0
DA:48,0
DA:58,0
DA:60,0
DA:62,0
DA:63,0
DA:74,0
DA:82,0
DA:85,0
DA:86,0
DA:87,0
DA:89,0
DA:91,0
DA:93,0
DA:95,0
DA:96,0
DA:97,0
DA:107,0
DA:109,0
DA:111,0
DA:112,0
DA:123,0
DA:131,0
DA:133,0
DA:134,0
DA:135,0
DA:137,0
DA:139,0
DA:141,0
DA:143,0
DA:144,0
DA:145,0
DA:155,0
DA:157,0
DA:159,0
DA:160,0
DA:171,0
DA:178,0
DA:180,0
DA:181,0
DA:182,0
DA:184,0
DA:186,0
DA:188,0
DA:189,0
DA:190,0
DA:199,0
DA:225,0
DA:236,0
DA:253,0
DA:269,0
DA:270,0
DA:274,3
LF:63
LH:2
BRDA:15,0,0,0
BRDA:20,1,0,0
BRDA:20,1,1,0
BRDA:21,2,0,0
BRDA:21,2,1,0
BRDA:22,3,0,0
BRDA:22,3,1,0
BRDA:58,4,0,0
BRDA:58,4,1,0
BRDA:107,5,0,0
BRDA:107,5,1,0
BRDA:155,6,0,0
BRDA:155,6,1,0
BRDA:255,7,0,0
BRDA:255,7,1,0
BRDA:258,8,0,0
BRDA:258,8,1,0
BRDA:270,9,0,0
BRDA:270,9,1,0
BRF:19
BRH:0
end_of_record
TN:
SF:src\testing\accessibilityTester.js
FN:10,(anonymous_0)
FN:27,(anonymous_1)
FN:35,(anonymous_2)
FN:80,(anonymous_3)
FN:88,(anonymous_4)
FN:105,(anonymous_5)
FN:106,(anonymous_6)
FN:110,(anonymous_7)
FN:135,calculateContrastRatio
FN:141,getLuminance
FN:144,(anonymous_10)
FN:151,generateSelector
FN:168,(anonymous_12)
FN:169,(anonymous_13)
FN:173,(anonymous_14)
FN:199,(anonymous_15)
FN:200,(anonymous_16)
FN:205,(anonymous_17)
FN:230,(anonymous_18)
FN:231,(anonymous_19)
FN:235,(anonymous_20)
FN:264,(anonymous_21)
FN:265,(anonymous_22)
FN:269,(anonymous_23)
FN:298,(anonymous_24)
FN:299,(anonymous_25)
FN:305,(anonymous_26)
FN:331,(anonymous_27)
FN:332,(anonymous_28)
FN:345,(anonymous_29)
FN:364,(anonymous_30)
FN:366,(anonymous_31)
FN:381,(anonymous_32)
FN:412,(anonymous_33)
FN:413,(anonymous_34)
FN:422,(anonymous_35)
FN:429,(anonymous_36)
FN:443,(anonymous_37)
FN:458,(anonymous_38)
FN:461,(anonymous_39)
FN:463,(anonymous_40)
FN:464,(anonymous_41)
FN:481,(anonymous_42)
FN:485,(anonymous_43)
FN:497,(anonymous_44)
FN:507,(anonymous_45)
FN:508,(anonymous_46)
FN:512,(anonymous_47)
FN:524,(anonymous_48)
FN:529,(anonymous_49)
FN:546,(anonymous_50)
FN:557,(anonymous_51)
FN:560,(anonymous_52)
FN:567,(anonymous_53)
FNF:54
FNH:11
FNDA:6,(anonymous_0)
FNDA:0,(anonymous_1)
FNDA:0,(anonymous_2)
FNDA:0,(anonymous_3)
FNDA:0,(anonymous_4)
FNDA:0,(anonymous_5)
FNDA:0,(anonymous_6)
FNDA:0,(anonymous_7)
FNDA:0,calculateContrastRatio
FNDA:0,getLuminance
FNDA:0,(anonymous_10)
FNDA:0,generateSelector
FNDA:0,(anonymous_12)
FNDA:0,(anonymous_13)
FNDA:0,(anonymous_14)
FNDA:0,(anonymous_15)
FNDA:0,(anonymous_16)
FNDA:0,(anonymous_17)
FNDA:0,(anonymous_18)
FNDA:0,(anonymous_19)
FNDA:0,(anonymous_20)
FNDA:0,(anonymous_21)
FNDA:0,(anonymous_22)
FNDA:0,(anonymous_23)
FNDA:0,(anonymous_24)
FNDA:0,(anonymous_25)
FNDA:0,(anonymous_26)
FNDA:0,(anonymous_27)
FNDA:0,(anonymous_28)
FNDA:0,(anonymous_29)
FNDA:0,(anonymous_30)
FNDA:0,(anonymous_31)
FNDA:0,(anonymous_32)
FNDA:0,(anonymous_33)
FNDA:0,(anonymous_34)
FNDA:0,(anonymous_35)
FNDA:0,(anonymous_36)
FNDA:0,(anonymous_37)
FNDA:1,(anonymous_38)
FNDA:0,(anonymous_39)
FNDA:0,(anonymous_40)
FNDA:0,(anonymous_41)
FNDA:2,(anonymous_42)
FNDA:3,(anonymous_43)
FNDA:2,(anonymous_44)
FNDA:4,(anonymous_45)
FNDA:2,(anonymous_46)
FNDA:2,(anonymous_47)
FNDA:0,(anonymous_48)
FNDA:0,(anonymous_49)
FNDA:0,(anonymous_50)
FNDA:1,(anonymous_51)
FNDA:2,(anonymous_52)
FNDA:2,(anonymous_53)
DA:7,2
DA:11,6
DA:19,6
DA:20,6
DA:21,6
DA:28,0
DA:30,0
DA:32,0
DA:35,0
DA:36,0
DA:46,0
DA:49,0
DA:52,0
DA:55,0
DA:66,0
DA:67,0
DA:69,0
DA:72,0
DA:73,0
DA:81,0
DA:82,0
DA:89,0
DA:99,0
DA:106,0
DA:107,0
DA:108,0
DA:110,0
DA:111,0
DA:112,0
DA:113,0
DA:115,0
DA:116,0
DA:117,0
DA:118,0
DA:120,0
DA:122,0
DA:123,0
DA:136,0
DA:137,0
DA:138,0
DA:142,0
DA:143,0
DA:144,0
DA:145,0
DA:146,0
DA:148,0
DA:152,0
DA:153,0
DA:154,0
DA:157,0
DA:169,0
DA:170,0
DA:171,0
DA:173,0
DA:174,0
DA:175,0
DA:176,0
DA:178,0
DA:179,0
DA:188,0
DA:200,0
DA:201,0
DA:202,0
DA:203,0
DA:205,0
DA:206,0
DA:208,0
DA:209,0
DA:216,0
DA:219,0
DA:231,0
DA:232,0
DA:233,0
DA:235,0
DA:236,0
DA:237,0
DA:238,0
DA:240,0
DA:241,0
DA:245,0
DA:246,0
DA:253,0
DA:265,0
DA:266,0
DA:267,0
DA:269,0
DA:270,0
DA:271,0
DA:273,0
DA:274,0
DA:275,0
DA:277,0
DA:278,0
DA:287,0
DA:299,0
DA:300,0
DA:301,0
DA:305,0
DA:306,0
DA:307,0
DA:308,0
DA:309,0
DA:311,0
DA:312,0
DA:320,0
DA:332,0
DA:333,0
DA:336,0
DA:337,0
DA:338,0
DA:340,0
DA:341,0
DA:344,0
DA:345,0
DA:346,0
DA:353,0
DA:365,0
DA:366,0
DA:367,0
DA:370,0
DA:373,0
DA:374,0
DA:377,0
DA:378,0
DA:379,0
DA:381,0
DA:382,0
DA:383,0
DA:391,0
DA:394,0
DA:402,0
DA:413,0
DA:414,0
DA:421,0
DA:422,0
DA:428,0
DA:429,0
DA:430,0
DA:433,0
DA:434,0
DA:442,0
DA:443,0
DA:448,0
DA:460,1
DA:461,0
DA:463,1
DA:464,1
DA:466,1
DA:482,2
DA:485,2
DA:486,3
DA:493,3
DA:497,2
DA:498,2
DA:501,2
DA:508,4
DA:509,2
DA:512,4
DA:513,2
DA:516,4
DA:517,2
DA:518,1
DA:525,0
DA:528,0
DA:529,0
DA:530,0
DA:540,0
DA:547,0
DA:558,1
DA:560,2
DA:561,1
DA:563,1
DA:567,2
DA:572,2
LF:174
LH:29
BRDA:10,0,0,1
BRDA:12,1,0,6
BRDA:12,1,1,1
BRDA:13,2,0,6
BRDA:13,2,1,6
BRDA:14,3,0,6
BRDA:14,3,1,6
BRDA:15,4,0,6
BRDA:15,4,1,6
BRDA:27,5,0,0
BRDA:115,6,0,0
BRDA:115,6,1,0
BRDA:115,7,0,0
BRDA:115,7,1,0
BRDA:115,7,2,0
BRDA:120,8,0,0
BRDA:120,8,1,0
BRDA:120,9,0,0
BRDA:120,9,1,0
BRDA:120,9,2,0
BRDA:122,10,0,0
BRDA:122,10,1,0
BRDA:143,11,0,0
BRDA:143,11,1,0
BRDA:146,12,0,0
BRDA:146,12,1,0
BRDA:152,13,0,0
BRDA:152,13,1,0
BRDA:153,14,0,0
BRDA:153,14,1,0
BRDA:174,15,0,0
BRDA:174,15,1,0
BRDA:175,16,0,0
BRDA:175,16,1,0
BRDA:178,17,0,0
BRDA:178,17,1,0
BRDA:178,18,0,0
BRDA:178,18,1,0
BRDA:178,18,2,0
BRDA:208,19,0,0
BRDA:208,19,1,0
BRDA:208,20,0,0
BRDA:208,20,1,0
BRDA:238,21,0,0
BRDA:238,21,1,0
BRDA:240,22,0,0
BRDA:240,22,1,0
BRDA:240,23,0,0
BRDA:240,23,1,0
BRDA:245,24,0,0
BRDA:245,24,1,0
BRDA:245,25,0,0
BRDA:245,25,1,0
BRDA:245,25,2,0
BRDA:273,26,0,0
BRDA:273,26,1,0
BRDA:274,27,0,0
BRDA:274,27,1,0
BRDA:277,28,0,0
BRDA:277,28,1,0
BRDA:277,29,0,0
BRDA:277,29,1,0
BRDA:307,30,0,0
BRDA:307,30,1,0
BRDA:311,31,0,0
BRDA:311,31,1,0
BRDA:311,32,0,0
BRDA:311,32,1,0
BRDA:311,32,2,0
BRDA:340,33,0,0
BRDA:340,33,1,0
BRDA:341,34,0,0
BRDA:341,34,1,0
BRDA:387,35,0,0
BRDA:387,35,1,0
BRDA:433,36,0,0
BRDA:433,36,1,0
BRDA:461,37,0,0
BRDA:461,37,1,0
BRDA:486,38,0,3
BRDA:486,38,1,0
BRDA:498,39,0,2
BRDA:498,39,1,0
BRDA:509,40,0,2
BRDA:509,40,1,1
BRDA:513,41,0,2
BRDA:513,41,1,1
BRDA:516,42,0,2
BRDA:516,42,1,2
BRDA:516,43,0,4
BRDA:516,43,1,3
BRDA:517,44,0,1
BRDA:517,44,1,1
BRDA:528,45,0,0
BRDA:528,45,1,0
BRDA:558,46,0,0
BRDA:558,46,1,1
BRDA:567,47,0,1
BRDA:567,47,1,0
BRF:99
BRH:23
end_of_record
TN:
SF:src\testing\performanceMetrics.js
FN:8,(anonymous_0)
FN:32,(anonymous_1)
FN:65,(anonymous_2)
FN:66,(anonymous_3)
FN:67,(anonymous_4)
FN:77,(anonymous_5)
FN:107,(anonymous_6)
FN:118,(anonymous_7)
FN:119,(anonymous_8)
FN:148,(anonymous_9)
FN:149,(anonymous_10)
FN:161,(anonymous_11)
FN:180,(anonymous_12)
FN:182,(anonymous_13)
FN:191,(anonymous_14)
FN:192,(anonymous_15)
FN:194,(anonymous_16)
FN:208,(anonymous_17)
FN:209,(anonymous_18)
FN:214,(anonymous_19)
FN:215,(anonymous_20)
FN:227,(anonymous_21)
FN:228,(anonymous_22)
FN:245,(anonymous_23)
FN:271,(anonymous_24)
FN:287,(anonymous_25)
FN:295,(anonymous_26)
FN:325,(anonymous_27)
FN:330,(anonymous_28)
FN:349,(anonymous_29)
FN:352,(anonymous_30)
FN:358,(anonymous_31)
FN:370,(anonymous_32)
FN:373,(anonymous_33)
FN:376,(anonymous_34)
FN:387,(anonymous_35)
FN:400,(anonymous_36)
FN:417,(anonymous_37)
FN:433,(anonymous_38)
FN:440,(anonymous_39)
FNF:40
FNH:0
FNDA:0,(anonymous_0)
FNDA:0,(anonymous_1)
FNDA:0,(anonymous_2)
FNDA:0,(anonymous_3)
FNDA:0,(anonymous_4)
FNDA:0,(anonymous_5)
FNDA:0,(anonymous_6)
FNDA:0,(anonymous_7)
FNDA:0,(anonymous_8)
FNDA:0,(anonymous_9)
FNDA:0,(anonymous_10)
FNDA:0,(anonymous_11)
FNDA:0,(anonymous_12)
FNDA:0,(anonymous_13)
FNDA:0,(anonymous_14)
FNDA:0,(anonymous_15)
FNDA:0,(anonymous_16)
FNDA:0,(anonymous_17)
FNDA:0,(anonymous_18)
FNDA:0,(anonymous_19)
FNDA:0,(anonymous_20)
FNDA:0,(anonymous_21)
FNDA:0,(anonymous_22)
FNDA:0,(anonymous_23)
FNDA:0,(anonymous_24)
FNDA:0,(anonymous_25)
FNDA:0,(anonymous_26)
FNDA:0,(anonymous_27)
FNDA:0,(anonymous_28)
FNDA:0,(anonymous_29)
FNDA:0,(anonymous_30)
FNDA:0,(anonymous_31)
FNDA:0,(anonymous_32)
FNDA:0,(anonymous_33)
FNDA:0,(anonymous_34)
FNDA:0,(anonymous_35)
FNDA:0,(anonymous_36)
FNDA:0,(anonymous_37)
FNDA:0,(anonymous_38)
FNDA:0,(anonymous_39)
DA:9,0
DA:25,0
DA:26,0
DA:33,0
DA:35,0
DA:36,0
DA:49,0
DA:50,0
DA:52,0
DA:54,0
DA:57,0
DA:58,0
DA:66,0
DA:67,0
DA:68,0
DA:77,0
DA:78,0
DA:79,0
DA:80,0
DA:82,0
DA:83,0
DA:85,0
DA:86,0
DA:88,0
DA:89,0
DA:94,0
DA:95,0
DA:97,0
DA:101,0
DA:102,0
DA:103,0
DA:107,0
DA:108,0
DA:109,0
DA:119,0
DA:120,0
DA:121,0
DA:123,0
DA:149,0
DA:150,0
DA:152,0
DA:161,0
DA:163,0
DA:164,0
DA:165,0
DA:167,0
DA:168,0
DA:170,0
DA:171,0
DA:172,0
DA:175,0
DA:179,0
DA:180,0
DA:182,0
DA:190,0
DA:191,0
DA:192,0
DA:194,0
DA:201,0
DA:209,0
DA:210,0
DA:211,0
DA:213,0
DA:214,0
DA:215,0
DA:228,0
DA:229,0
DA:231,0
DA:233,0
DA:246,0
DA:249,0
DA:251,0
DA:263,0
DA:264,0
DA:273,0
DA:277,0
DA:278,0
DA:279,0
DA:281,0
DA:288,0
DA:294,0
DA:295,0
DA:296,0
DA:297,0
DA:299,0
DA:300,0
DA:306,0
DA:307,0
DA:314,0
DA:319,0
DA:326,0
DA:327,0
DA:330,0
DA:331,0
DA:340,0
DA:343,0
DA:350,0
DA:352,0
DA:354,0
DA:359,0
DA:371,0
DA:373,0
DA:374,0
DA:376,0
DA:377,0
DA:378,0
DA:387,0
DA:388,0
DA:389,0
DA:399,0
DA:400,0
DA:401,0
DA:411,0
DA:418,0
DA:427,0
DA:434,0
DA:441,0
DA:442,0
DA:446,1
LF:119
LH:1
BRDA:8,0,0,0
BRDA:14,1,0,0
BRDA:14,1,1,0
BRDA:39,2,0,0
BRDA:39,2,1,0
BRDA:41,3,0,0
BRDA:41,3,1,0
BRDA:42,4,0,0
BRDA:42,4,1,0
BRDA:43,5,0,0
BRDA:43,5,1,0
BRDA:79,6,0,0
BRDA:79,6,1,0
BRDA:80,7,0,0
BRDA:80,7,1,0
BRDA:82,8,0,0
BRDA:82,8,1,0
BRDA:85,9,0,0
BRDA:85,9,1,0
BRDA:85,10,0,0
BRDA:85,10,1,0
BRDA:86,11,0,0
BRDA:86,11,1,0
BRDA:88,12,0,0
BRDA:88,12,1,0
BRDA:102,13,0,0
BRDA:102,13,1,0
BRDA:136,14,0,0
BRDA:136,14,1,0
BRDA:137,15,0,0
BRDA:137,15,1,0
BRDA:164,16,0,0
BRDA:164,16,1,0
BRDA:170,17,0,0
BRDA:170,17,1,0
BRDA:229,18,0,0
BRDA:229,18,1,0
BRDA:229,18,2,0
BRDA:231,19,0,0
BRDA:231,19,1,0
BRDA:278,20,0,0
BRDA:278,20,1,0
BRDA:279,21,0,0
BRDA:279,21,1,0
BRDA:294,22,0,0
BRDA:294,22,1,0
BRDA:297,23,0,0
BRDA:297,23,1,0
BRDA:297,24,0,0
BRDA:297,24,1,0
BRDA:299,25,0,0
BRDA:299,25,1,0
BRDA:306,26,0,0
BRDA:306,26,1,0
BRDA:327,27,0,0
BRDA:327,27,1,0
BRDA:331,28,0,0
BRDA:331,28,1,0
BRDA:350,29,0,0
BRDA:350,29,1,0
BRDA:359,30,0,0
BRDA:359,30,1,0
BRDA:374,31,0,0
BRDA:374,31,1,0
BRDA:377,32,0,0
BRDA:377,32,1,0
BRDA:388,33,0,0
BRDA:388,33,1,0
BRDA:399,34,0,0
BRDA:399,34,1,0
BRDA:427,35,0,0
BRDA:427,35,1,0
BRF:72
BRH:0
end_of_record
TN:
SF:src\testing\securityTester.js
FN:8,(anonymous_0)
FN:31,(anonymous_1)
FN:81,(anonymous_2)
FN:96,(anonymous_3)
FN:138,(anonymous_4)
FN:140,(anonymous_5)
FN:146,(anonymous_6)
FN:147,(anonymous_7)
FN:148,(anonymous_8)
FN:172,(anonymous_9)
FN:190,(anonymous_10)
FN:230,(anonymous_11)
FN:246,(anonymous_12)
FN:252,(anonymous_13)
FN:259,(anonymous_14)
FN:271,(anonymous_15)
FN:300,(anonymous_16)
FN:332,(anonymous_17)
FN:350,(anonymous_18)
FN:363,(anonymous_19)
FN:395,(anonymous_20)
FN:415,(anonymous_21)
FN:451,(anonymous_22)
FN:465,(anonymous_23)
FN:479,(anonymous_24)
FN:486,(anonymous_25)
FN:490,(anonymous_26)
FN:529,(anonymous_27)
FN:530,(anonymous_28)
FN:536,(anonymous_29)
FN:548,(anonymous_30)
FN:560,(anonymous_31)
FN:585,(anonymous_32)
FN:586,(anonymous_33)
FN:590,(anonymous_34)
FN:626,(anonymous_35)
FN:644,(anonymous_36)
FN:660,(anonymous_37)
FN:713,(anonymous_38)
FN:735,(anonymous_39)
FN:737,(anonymous_40)
FN:747,(anonymous_41)
FN:749,(anonymous_42)
FN:758,(anonymous_43)
FN:761,(anonymous_44)
FN:780,(anonymous_45)
FN:781,(anonymous_46)
FN:782,(anonymous_47)
FN:783,(anonymous_48)
FN:795,(anonymous_49)
FN:801,(anonymous_50)
FN:811,(anonymous_51)
FN:813,(anonymous_52)
FN:822,(anonymous_53)
FN:826,(anonymous_54)
FN:827,(anonymous_55)
FN:832,(anonymous_56)
FN:845,(anonymous_57)
FN:866,(anonymous_58)
FN:873,(anonymous_59)
FNF:60
FNH:0
FNDA:0,(anonymous_0)
FNDA:0,(anonymous_1)
FNDA:0,(anonymous_2)
FNDA:0,(anonymous_3)
FNDA:0,(anonymous_4)
FNDA:0,(anonymous_5)
FNDA:0,(anonymous_6)
FNDA:0,(anonymous_7)
FNDA:0,(anonymous_8)
FNDA:0,(anonymous_9)
FNDA:0,(anonymous_10)
FNDA:0,(anonymous_11)
FNDA:0,(anonymous_12)
FNDA:0,(anonymous_13)
FNDA:0,(anonymous_14)
FNDA:0,(anonymous_15)
FNDA:0,(anonymous_16)
FNDA:0,(anonymous_17)
FNDA:0,(anonymous_18)
FNDA:0,(anonymous_19)
FNDA:0,(anonymous_20)
FNDA:0,(anonymous_21)
FNDA:0,(anonymous_22)
FNDA:0,(anonymous_23)
FNDA:0,(anonymous_24)
FNDA:0,(anonymous_25)
FNDA:0,(anonymous_26)
FNDA:0,(anonymous_27)
FNDA:0,(anonymous_28)
FNDA:0,(anonymous_29)
FNDA:0,(anonymous_30)
FNDA:0,(anonymous_31)
FNDA:0,(anonymous_32)
FNDA:0,(anonymous_33)
FNDA:0,(anonymous_34)
FNDA:0,(anonymous_35)
FNDA:0,(anonymous_36)
FNDA:0,(anonymous_37)
FNDA:0,(anonymous_38)
FNDA:0,(anonymous_39)
FNDA:0,(anonymous_40)
FNDA:0,(anonymous_41)
FNDA:0,(anonymous_42)
FNDA:0,(anonymous_43)
FNDA:0,(anonymous_44)
FNDA:0,(anonymous_45)
FNDA:0,(anonymous_46)
FNDA:0,(anonymous_47)
FNDA:0,(anonymous_48)
FNDA:0,(anonymous_49)
FNDA:0,(anonymous_50)
FNDA:0,(anonymous_51)
FNDA:0,(anonymous_52)
FNDA:0,(anonymous_53)
FNDA:0,(anonymous_54)
FNDA:0,(anonymous_55)
FNDA:0,(anonymous_56)
FNDA:0,(anonymous_57)
FNDA:0,(anonymous_58)
[...]
DA:64,0
DA:65,0
DA:66,0
DA:68,0
DA:70,0
DA:73,0
DA:74,0
DA:82,0
DA:84,0
DA:85,0
DA:86,0
DA:88,0
DA:89,0
DA:90,0
DA:92,0
DA:93,0
DA:96,0
DA:97,0
DA:98,0
DA:101,0
DA:103,0
DA:105,0
DA:106,0
DA:121,0
DA:128,0
DA:139,0
DA:140,0
DA:142,0
DA:145,0
DA:146,0
DA:147,0
DA:148,0
DA:151,0
DA:152,0
DA:153,0
DA:154,0
DA:160,0
DA:163,0
DA:165,0
DA:173,0
DA:175,0
DA:176,0
DA:178,0
DA:179,0
DA:180,0
DA:181,0
DA:182,0
DA:185,0
DA:186,0
DA:188,0
DA:190,0
DA:191,0
DA:194,0
DA:195,0
DA:197,0
DA:198,0
DA:213,0
DA:220,0
DA:231,0
DA:246,0
DA:253,0
DA:255,0
DA:256,0
DA:258,0
DA:259,0
DA:260,0
DA:261,0
DA:262,0
DA:263,0
DA:264,0
DA:267,0
DA:270,0
DA:271,0
DA:272,0
DA:273,0
DA:283,0
DA:290,0
DA:301,0
DA:308,0
DA:309,0
DA:311,0
DA:312,0
DA:313,0
DA:314,0
DA:315,0
DA:316,0
DA:319,0
DA:322,0
DA:333,0
DA:340,0
DA:341,0
DA:342,0
DA:344,0
DA:345,0
DA:347,0
DA:349,0
DA:350,0
DA:351,0
DA:353,0
DA:354,0
DA:355,0
DA:362,0
DA:363,0
DA:364,0
DA:367,0
DA:368,0
DA:369,0
DA:375,0
DA:378,0
DA:386,0
DA:389,0
DA:396,0
DA:398,0
DA:400,0
DA:402,0
DA:404,0
DA:406,0
DA:408,0
DA:416,0
DA:417,0
DA:418,0
DA:421,0
DA:430,0
DA:431,0
DA:432,0
DA:437,0
DA:438,0
DA:441,0
DA:444,0
DA:452,0
DA:453,0
DA:455,0
DA:463,0
DA:465,0
DA:466,0
DA:467,0
DA:476,0
DA:479,0
DA:487,0
DA:488,0
DA:490,0
DA:491,0
DA:492,0
DA:500,0
DA:501,0
DA:509,0
DA:510,0
DA:519,0
DA:530,0
DA:531,0
DA:532,0
DA:534,0
DA:536,0
DA:537,0
DA:538,0
DA:548,0
DA:549,0
DA:550,0
DA:560,0
DA:561,0
DA:562,0
DA:572,0
DA:575,0
DA:586,0
DA:587,0
DA:588,0
DA:590,0
DA:592,0
DA:593,0
DA:594,0
DA:595,0
DA:596,0
DA:605,0
DA:606,0
DA:614,0
DA:617,0
DA:627,0
DA:645,0
DA:661,0
DA:703,0
DA:704,0
DA:707,0
DA:714,0
DA:736,0
DA:737,0
DA:738,0
DA:739,0
DA:740,0
DA:743,0
DA:748,0
DA:749,0
DA:751,0
DA:759,0
DA:761,0
DA:762,0
DA:763,0
DA:765,0
DA:766,0
DA:774,0
DA:781,0
DA:782,0
DA:783,0
DA:785,0
DA:786,0
DA:787,0
DA:788,0
DA:789,0
DA:796,0
DA:801,0
DA:812,0
DA:813,0
DA:814,0
DA:816,0
DA:823,0
DA:824,0
DA:826,0
DA:827,0
DA:828,0
DA:832,0
DA:833,0
DA:834,0
DA:835,0
DA:839,0
DA:846,0
DA:856,0
DA:867,0
DA:874,0
DA:875,0
DA:876,0
DA:880,1
LF:252
LH:1
BRDA:8,0,0,0
BRDA:14,1,0,0
BRDA:14,1,1,0
BRDA:15,2,0,0
BRDA:15,2,1,0
BRDA:31,3,0,0
BRDA:42,4,0,0
BRDA:42,4,1,0
BRDA:46,5,0,0
BRDA:46,5,1,0
BRDA:50,6,0,0
BRDA:50,6,1,0
BRDA:54,7,0,0
BRDA:54,7,1,0
BRDA:101,8,0,0
BRDA:101,8,1,0
BRDA:105,9,0,0
BRDA:105,9,1,0
BRDA:154,10,0,0
BRDA:154,10,1,0
BRDA:186,11,0,0
BRDA:186,11,1,0
BRDA:197,12,0,0
BRDA:197,12,1,0
BRDA:263,13,0,0
BRDA:263,13,1,0
BRDA:263,14,0,0
BRDA:263,14,1,0
BRDA:263,14,2,0
BRDA:270,15,0,0
BRDA:270,15,1,0
BRDA:272,16,0,0
BRDA:272,16,1,0
BRDA:272,17,0,0
BRDA:272,17,1,0
BRDA:368,18,0,0
BRDA:368,18,1,0
BRDA:396,19,0,0
BRDA:396,19,1,0
BRDA:396,19,2,0
BRDA:396,19,3,0
BRDA:396,19,4,0
BRDA:396,19,5,0
BRDA:400,20,0,0
BRDA:400,20,1,0
BRDA:402,21,0,0
BRDA:402,21,1,0
BRDA:431,22,0,0
BRDA:431,22,1,0
BRDA:437,23,0,0
BRDA:437,23,1,0
BRDA:437,24,0,0
BRDA:437,24,1,0
BRDA:437,24,2,0
BRDA:466,25,0,0
BRDA:466,25,1,0
BRDA:491,26,0,0
BRDA:491,26,1,0
BRDA:500,27,0,0
BRDA:500,27,1,0
BRDA:500,28,0,0
BRDA:500,28,1,0
BRDA:500,28,2,0
BRDA:509,29,0,0
BRDA:509,29,1,0
BRDA:509,30,0,0
BRDA:509,30,1,0
BRDA:534,31,0,0
BRDA:534,31,1,0
BRDA:537,32,0,0
BRDA:537,32,1,0
BRDA:549,33,0,0
BRDA:549,33,1,0
BRDA:561,34,0,0
BRDA:561,34,1,0
BRDA:593,35,0,0
BRDA:593,35,1,0
BRDA:595,36,0,0
BRDA:595,36,1,0
BRDA:595,37,0,0
BRDA:595,37,1,0
BRDA:605,38,0,0
BRDA:605,38,1,0
BRDA:703,39,0,0
BRDA:703,39,1,0
BRDA:738,40,0,0
BRDA:738,40,1,0
BRDA:739,41,0,0
BRDA:739,41,1,0
BRDA:762,42,0,0
BRDA:762,42,1,0
BRDA:762,43,0,0
BRDA:762,43,1,0
BRDA:765,44,0,0
BRDA:765,44,1,0
BRDA:768,45,0,0
BRDA:768,45,1,0
BRDA:785,46,0,0
BRDA:785,46,1,0
BRDA:786,47,0,0
BRDA:786,47,1,0
BRDA:787,48,0,0
BRDA:787,48,1,0
BRDA:787,49,0,0
BRDA:787,49,1,0
BRDA:788,50,0,0
BRDA:788,50,1,0
BRDA:834,51,0,0
BRDA:834,51,1,0
BRDA:856,52,0,0
BRDA:856,52,1,0
BRDA:859,53,0,0
BRDA:859,53,1,0
BRDA:859,54,0,0
BRDA:859,54,1,0
BRDA:859,54,2,0
BRF:116
BRH:0
end_of_record
TN:
SF:src\tools\APITool.js
FN:15,(anonymous_0)
FN:38,(anonymous_1)
FN:86,(anonymous_2)
FN:102,(anonymous_3)
FN:116,(anonymous_4)
FN:117,(anonymous_5)
FN:126,(anonymous_6)
FN:137,(anonymous_7)
FN:148,(anonymous_8)
FN:158,(anonymous_9)
FN:166,(anonymous_10)
FNF:11
FNH:0
FNDA:0,(anonymous_0)
FNDA:0,(anonymous_1)
FNDA:0,(anonymous_2)
FNDA:0,(anonymous_3)
FNDA:0,(anonymous_4)
FNDA:0,(anonymous_5)
FNDA:0,(anonymous_6)
FNDA:0,(anonymous_7)
FNDA:0,(anonymous_8)
FNDA:0,(anonymous_9)
FNDA:0,(anonymous_10)
DA:7,0
DA:8,0
DA:16,0
DA:18,0
DA:25,0
DA:39,0
DA:41,0
DA:51,0
DA:53,0
DA:54,0
DA:56,0
DA:58,0
DA:64,0
DA:71,0
DA:73,0
DA:78,0
DA:87,0
DA:88,0
DA:90,0
DA:91,0
DA:92,0
DA:94,0
DA:103,0
DA:104,0
DA:105,0
DA:106,0
DA:107,0
DA:109,0
DA:117,0
DA:127,0
DA:138,0
DA:149,0
DA:159,0
DA:167,0
DA:176,0
LF:35
LH:0
BRDA:15,0,0,0
BRDA:19,1,0,0
BRDA:19,1,1,0
BRDA:20,2,0,0
BRDA:20,2,1,0
BRDA:21,3,0,0
BRDA:21,3,1,0
BRDA:38,4,0,0
BRDA:43,5,0,0
BRDA:43,5,1,0
BRDA:44,6,0,0
BRDA:44,6,1,0
BRDA:45,7,0,0
BRDA:45,7,1,0
BRDA:46,8,0,0
BRDA:46,8,1,0
BRDA:47,9,0,0
BRDA:47,9,1,0
BRDA:86,10,0,0
BRDA:90,11,0,0
BRDA:90,11,1,0
BRDA:90,12,0,0
BRDA:90,12,1,0
BRDA:103,13,0,0
BRDA:103,13,1,0
BRDA:104,14,0,0
BRDA:104,14,1,0
BRDA:105,15,0,0
BRDA:105,15,1,0
BRDA:107,16,0,0
BRDA:107,16,1,0
BRDA:126,17,0,0
BRDA:137,18,0,0
BRDA:148,19,0,0
BRDA:158,20,0,0
BRDA:169,21,0,0
BRDA:169,21,1,0
BRF:37
BRH:0
end_of_record
TN:
SF:src\tools\DatabaseTool.js
FN:14,(anonymous_0)
FN:31,(anonymous_1)
FN:51,(anonymous_2)
FN:68,(anonymous_3)
FN:94,(anonymous_4)
FN:116,(anonymous_5)
FN:132,(anonymous_6)
FNF:7
FNH:0
FNDA:0,(anonymous_0)
FNDA:0,(anonymous_1)
FNDA:0,(anonymous_2)
FNDA:0,(anonymous_3)
FNDA:0,(anonymous_4)
FNDA:0,(anonymous_5)
FNDA:0,(anonymous_6)
DA:7,0
DA:15,0
DA:17,0
DA:23,0
DA:24,0
DA:32,0
DA:34,0
DA:35,0
DA:39,0
DA:40,0
DA:43,0
DA:52,0
DA:53,0
DA:54,0
DA:55,0
DA:56,0
DA:58,0
DA:69,0
DA:70,0
DA:73,0
DA:75,0
DA:76,0
DA:78,0
DA:83,0
DA:85,0
DA:86,0
DA:95,0
DA:97,0
DA:99,0
DA:100,0
DA:101,0
DA:103,0
DA:104,0
DA:108,0
DA:117,0
DA:118,0
DA:121,0
DA:122,0
DA:123,0
DA:126,0
DA:133,0
DA:134,0
DA:135,0
DA:140,0
LF:44
LH:0
BRDA:14,0,0,0
BRDA:18,1,0,0
BRDA:18,1,1,0
BRDA:19,2,0,0
BRDA:19,2,1,0
BRDA:32,3,0,0
BRDA:32,3,1,0
BRDA:32,3,2,0
BRDA:32,3,3,0
BRDA:54,4,0,0
BRDA:54,4,1,0
BRDA:68,5,0,0
BRDA:69,6,0,0
BRDA:69,6,1,0
BRDA:80,7,0,0
BRDA:80,7,1,0
BRDA:95,8,0,0
BRDA:95,8,1,0
BRDA:99,9,0,0
BRDA:99,9,1,0
BRDA:117,10,0,0
BRDA:117,10,1,0
BRDA:121,11,0,0
BRDA:121,11,1,0
BRDA:133,12,0,0
BRDA:133,12,1,0
BRDA:133,13,0,0
BRDA:133,13,1,0
BRF:28
BRH:0
end_of_record
TN:
SF:src\tools\FileTool.js
FN:16,(anonymous_0)
FN:33,(anonymous_1)
FN:85,(anonymous_2)
FN:96,(anonymous_3)
FN:108,(anonymous_4)
FN:120,(anonymous_5)
FN:132,(anonymous_6)
FN:138,(anonymous_7)
FN:149,(anonymous_8)
FN:164,(anonymous_9)
FN:184,(anonymous_10)
FN:192,(anonymous_11)
FNF:12
FNH:0
FNDA:0,(anonymous_0)
FNDA:0,(anonymous_1)
FNDA:0,(anonymous_2)
FNDA:0,(anonymous_3)
FNDA:0,(anonymous_4)
FNDA:0,(anonymous_5)
FNDA:0,(anonymous_6)
FNDA:0,(anonymous_7)
FNDA:0,(anonymous_8)
FNDA:0,(anonymous_9)
FNDA:0,(anonymous_10)
FNDA:0,(anonymous_11)
DA:7,0
DA:8,0
DA:9,0
DA:17,0
DA:19,0
DA:34,0
DA:36,0
DA:39,0
DA:41,0
DA:42,0
DA:45,0
DA:46,0
DA:49,0
DA:50,0
DA:53,0
DA:54,0
DA:57,0
DA:58,0
DA:61,0
DA:62,0
DA:65,0
DA:66,0
DA:69,0
DA:72,0
DA:74,0
DA:76,0
DA:77,0
DA:86,0
DA:87,0
DA:89,0
DA:97,0
DA:98,0
DA:100,0
DA:101,0
DA:109,0
DA:110,0
DA:112,0
DA:113,0
DA:121,0
DA:122,0
DA:124,0
DA:125,0
DA:133,0
DA:134,0
DA:136,0
DA:138,0
DA:150,0
DA:152,0
DA:153,0
DA:154,0
DA:156,0
DA:165,0
DA:166,0
DA:168,0
DA:170,0
DA:185,0
DA:194,0
DA:195,0
DA:199,0
DA:200,0
DA:201,0
DA:202,0
DA:208,0
LF:63
LH:0
BRDA:16,0,0,0
BRDA:20,1,0,0
BRDA:20,1,1,0
BRDA:21,2,0,0
BRDA:21,2,1,0
BRDA:22,3,0,0
BRDA:22,3,1,0
BRDA:33,4,0,0
BRDA:39,5,0,0
BRDA:39,5,1,0
BRDA:39,5,2,0
BRDA:39,5,3,0
BRDA:39,5,4,0
BRDA:39,5,5,0
BRDA:39,5,6,0
BRDA:39,5,7,0
BRDA:85,6,0,0
BRDA:96,7,0,0
BRDA:108,8,0,0
BRDA:194,9,0,0
BRDA:194,9,1,0
BRDA:199,10,0,0
BRDA:199,10,1,0
BRDA:201,11,0,0
BRDA:201,11,1,0
BRF:25
BRH:0
end_of_record
TN:
SF:src\tools\ScreenshotTool.js
FN:14,(anonymous_0)
FN:31,(anonymous_1)
FN:40,(anonymous_2)
FN:76,(anonymous_3)
FNF:4
FNH:0
FNDA:0,(anonymous_0)
FNDA:0,(anonymous_1)
FNDA:0,(anonymous_2)
FNDA:0,(anonymous_3)
DA:7,0
DA:15,0
DA:17,0
DA:24,0
DA:32,0
DA:41,0
DA:42,0
DA:45,0
DA:53,0
DA:55,0
DA:56,0
DA:58,0
DA:63,0
DA:65,0
DA:66,0
DA:77,0
DA:78,0
DA:81,0
DA:82,0
DA:83,0
DA:86,0
DA:93,0
DA:97,0
LF:23
LH:0
BRDA:14,0,0,0
BRDA:18,1,0,0
BRDA:18,1,1,0
BRDA:19,2,0,0
BRDA:19,2,1,0
BRDA:20,3,0,0
BRDA:20,3,1,0
BRDA:40,4,0,0
BRDA:41,5,0,0
BRDA:41,5,1,0
BRDA:46,6,0,0
BRDA:46,6,1,0
BRDA:47,7,0,0
BRDA:47,7,1,0
BRDA:48,8,0,0
BRDA:48,8,1,0
BRDA:49,9,0,0
BRDA:49,9,1,0
BRDA:76,10,0,0
BRDA:77,11,0,0
BRDA:77,11,1,0
BRDA:82,12,0,0
BRDA:82,12,1,0
BRDA:87,13,0,0
BRDA:87,13,1,0
BRDA:88,14,0,0
BRDA:88,14,1,0
BRDA:89,15,0,0
BRDA:89,15,1,0
BRF:29
BRH:0
end_of_record
TN:
SF:src\tools\ToolRegistry.js
FN:13,(anonymous_0)
FN:35,(anonymous_1)
FN:76,(anonymous_2)
FN:102,(anonymous_3)
FN:154,(anonymous_4)
FN:174,(anonymous_5)
FN:192,(anonymous_6)
FN:205,(anonymous_7)
FN:213,(anonymous_8)
FN:225,(anonymous_9)
FN:239,(anonymous_10)
FN:241,(anonymous_11)
FN:258,(anonymous_12)
FN:276,(anonymous_13)
FN:293,(anonymous_14)
FN:310,(anonymous_15)
FNF:16
FNH:0
FNDA:0,(anonymous_0)
FNDA:0,(anonymous_1)
FNDA:0,(anonymous_2)
FNDA:0,(anonymous_3)
FNDA:0,(anonymous_4)
FNDA:0,(anonymous_5)
FNDA:0,(anonymous_6)
FNDA:0,(anonymous_7)
FNDA:0,(anonymous_8)
FNDA:0,(anonymous_9)
FNDA:0,(anonymous_10)
FNDA:0,(anonymous_11)
FNDA:0,(anonymous_12)
FNDA:0,(anonymous_13)
FNDA:0,(anonymous_14)
FNDA:0,(anonymous_15)
DA:7,3
DA:14,0
DA:16,0
DA:17,0
DA:19,0
DA:26,0
DA:36,0
DA:37,0
DA:40,0
DA:59,0
DA:60,0
DA:63,0
DA:64,0
DA:65,0
DA:67,0
DA:69,0
DA:77,0
DA:78,0
DA:79,0
DA:82,0
DA:83,0
DA:84,0
DA:85,0
DA:86,0
DA:90,0
DA:91,0
DA:93,0
DA:103,0
DA:104,0
DA:105,0
DA:108,0
DA:109,0
DA:110,0
DA:112,0
DA:114,0
DA:117,0
DA:120,0
DA:121,0
DA:122,0
DA:123,0
DA:124,0
DA:126,0
DA:133,0
DA:135,0
DA:136,0
DA:137,0
DA:139,0
DA:146,0
DA:155,0
DA:158,0
DA:159,0
DA:160,0
DA:161,0
DA:175,0
DA:176,0
DA:177,0
DA:180,0
DA:193,0
DA:194,0
DA:195,0
DA:198,0
DA:206,0
DA:214,0
DA:215,0
DA:216,0
DA:218,0
DA:226,0
DA:241,0
DA:242,0
DA:243,0
DA:244,0
DA:258,0
DA:259,0
DA:260,0
DA:261,0
DA:276,0
DA:277,0
DA:278,0
DA:279,0
DA:293,0
DA:294,0
DA:295,0
DA:296,0
DA:310,0
DA:311,0
DA:312,0
DA:313,0
DA:326,3
LF:88
LH:2
BRDA:35,0,0,0
BRDA:36,1,0,0
BRDA:36,1,1,0
BRDA:44,2,0,0
BRDA:44,2,1,0
BRDA:45,3,0,0
BRDA:45,3,1,0
BRDA:46,4,0,0
BRDA:46,4,1,0
BRDA:47,5,0,0
BRDA:47,5,1,0
BRDA:64,6,0,0
BRDA:64,6,1,0
BRDA:78,7,0,0
BRDA:78,7,1,0
BRDA:83,8,0,0
BRDA:83,8,1,0
BRDA:85,9,0,0
BRDA:85,9,1,0
BRDA:102,10,0,0
BRDA:104,11,0,0
BRDA:104,11,1,0
BRDA:158,12,0,0
BRDA:158,12,1,0
BRDA:160,13,0,0
BRDA:160,13,1,0
BRDA:176,14,0,0
BRDA:176,14,1,0
BRDA:192,15,0,0
BRDA:193,16,0,0
BRDA:193,16,1,0
BRDA:195,17,0,0
BRDA:195,17,1,0
BRDA:228,18,0,0
BRDA:228,18,1,0
BRF:35
BRH:0
end_of_record
TN:
SF:src\tools\WebSearchTool.js
FN:15,(anonymous_0)
FN:32,(anonymous_1)
FN:70,(anonymous_2)
FN:117,(anonymous_3)
FN:137,(anonymous_4)
FN:152,(anonymous_5)
FN:169,(anonymous_6)
FNF:7
FNH:0
FNDA:0,(anonymous_0)
FNDA:0,(anonymous_1)
FNDA:0,(anonymous_2)
FNDA:0,(anonymous_3)
FNDA:0,(anonymous_4)
FNDA:0,(anonymous_5)
FNDA:0,(anonymous_6)
DA:7,0
DA:8,0
DA:16,0
DA:18,0
DA:33,0
DA:35,0
DA:37,0
DA:40,0
DA:42,0
DA:43,0
DA:46,0
DA:47,0
DA:50,0
DA:51,0
DA:54,0
DA:57,0
DA:59,0
DA:61,0
DA:62,0
DA:71,0
DA:72,0
DA:81,0
DA:82,0
DA:85,0
DA:86,0
DA:95,0
DA:96,0
DA:97,0
DA:98,0
DA:107,0
DA:109,0
DA:118,0
DA:119,0
DA:122,0
DA:123,0
DA:126,0
DA:127,0
DA:137,0
DA:144,0
DA:153,0
DA:154,0
DA:157,0
DA:158,0
DA:169,0
DA:176,0
DA:181,0
LF:46
LH:0
BRDA:15,0,0,0
BRDA:19,1,0,0
BRDA:19,1,1,0
BRDA:20,2,0,0
BRDA:20,2,1,0
BRDA:21,3,0,0
BRDA:21,3,1,0
BRDA:32,4,0,0
BRDA:33,5,0,0
BRDA:33,5,1,0
BRDA:40,6,0,0
BRDA:40,6,1,0
BRDA:40,6,2,0
BRDA:40,6,3,0
BRDA:78,7,0,0
BRDA:78,7,1,0
BRDA:85,8,0,0
BRDA:85,8,1,0
BRDA:87,9,0,0
BRDA:87,9,1,0
BRDA:95,10,0,0
BRDA:95,10,1,0
BRDA:97,11,0,0
BRDA:97,11,1,0
BRDA:107,12,0,0
BRDA:107,12,1,0
BRDA:118,13,0,0
BRDA:118,13,1,0
BRDA:122,14,0,0
BRDA:122,14,1,0
BRDA:132,15,0,0
BRDA:132,15,1,0
BRDA:134,16,0,0
BRDA:134,16,1,0
BRDA:137,17,0,0
BRDA:137,17,1,0
BRDA:153,18,0,0
BRDA:153,18,1,0
BRDA:161,19,0,0
BRDA:161,19,1,0
BRDA:166,20,0,0
BRDA:166,20,1,0
BRDA:169,21,0,0
BRDA:169,21,1,0
BRF:44
BRH:0
end_of_record
TN:
SF:src\vision\computerVision.js
FN:13,(anonymous_0)
FN:38,(anonymous_1)
FN:80,(anonymous_2)
FN:114,(anonymous_3)
FN:157,(anonymous_4)
FN:196,(anonymous_5)
FN:215,(anonymous_6)
FN:263,(anonymous_7)
FN:309,(anonymous_8)
FN:315,(anonymous_9)
FN:326,(anonymous_10)
FN:344,(anonymous_11)
FN:345,(anonymous_12)
FN:359,(anonymous_13)
FN:371,(anonymous_14)
FN:387,(anonymous_15)
FN:392,(anonymous_16)
FN:394,(anonymous_17)
FN:402,(anonymous_18)
FN:403,(anonymous_19)
FN:408,(anonymous_20)
FN:412,(anonymous_21)
FN:416,(anonymous_22)
FN:417,(anonymous_23)
FNF:24
FNH:10
FNDA:7,(anonymous_0)
FNDA:0,(anonymous_1)
FNDA:0,(anonymous_2)
FNDA:0,(anonymous_3)
FNDA:0,(anonymous_4)
FNDA:0,(anonymous_5)
FNDA:0,(anonymous_6)
FNDA:0,(anonymous_7)
FNDA:0,(anonymous_8)
FNDA:0,(anonymous_9)
FNDA:0,(anonymous_10)
FNDA:0,(anonymous_11)
FNDA:0,(anonymous_12)
FNDA:0,(anonymous_13)
FNDA:1,(anonymous_14)
FNDA:1,(anonymous_15)
FNDA:1,(anonymous_16)
FNDA:3,(anonymous_17)
FNDA:1,(anonymous_18)
FNDA:3,(anonymous_19)
FNDA:0,(anonymous_20)
FNDA:1,(anonymous_21)
FNDA:2,(anonymous_22)
FNDA:2,(anonymous_23)
DA:8,2
DA:9,2
DA:10,2
DA:14,7
DA:23,7
DA:24,6
DA:25,6
DA:28,7
DA:29,7
DA:39,0
DA:41,0
DA:43,0
DA:44,0
DA:47,0
DA:48,0
DA:51,0
DA:60,0
DA:62,0
DA:63,0
DA:66,0
DA:67,0
DA:70,0
DA:71,0
DA:75,0
DA:77,0
DA:80,0
DA:81,0
DA:82,0
DA:83,0
DA:84,0
DA:88,0
DA:89,0
DA:91,0
DA:94,0
DA:97,0
DA:103,0
DA:106,0
DA:107,0
DA:115,0
DA:116,0
DA:117,0
DA:120,0
DA:123,0
DA:124,0
DA:125,0
DA:135,0
DA:136,0
DA:138,0
DA:139,0
DA:140,0
DA:142,0
DA:146,0
DA:149,0
DA:150,0
DA:158,0
DA:159,0
DA:160,0
DA:163,0
DA:164,0
DA:169,0
DA:180,0
DA:190,0
DA:191,0
DA:193,0
DA:194,0
DA:195,0
DA:196,0
DA:202,0
DA:203,0
DA:207,0
DA:208,0
DA:216,0
DA:217,0
DA:220,0
DA:221,0
DA:224,0
DA:225,0
DA:228,0
DA:230,0
DA:231,0
DA:232,0
DA:233,0
DA:234,0
DA:235,0
DA:237,0
DA:252,0
DA:255,0
DA:256,0
DA:264,0
DA:265,0
DA:266,0
DA:269,0
DA:270,0
DA:272,0
DA:282,0
DA:292,0
DA:293,0
DA:295,0
DA:301,0
DA:302,0
DA:310,0
DA:315,0
DA:316,0
DA:320,0
DA:327,0
DA:328,0
DA:329,0
DA:332,0
DA:333,0
DA:336,0
DA:337,0
DA:338,0
DA:341,0
DA:343,0
DA:344,0
DA:346,0
DA:347,0
DA:356,0
DA:359,0
DA:363,0
DA:364,0
DA:372,1
DA:373,1
DA:376,0
DA:377,0
DA:378,0
DA:379,0
DA:381,0
DA:384,0
DA:388,1
DA:389,1
DA:393,1
DA:394,1
DA:395,3
DA:396,3
DA:397,2
DA:398,2
DA:403,1
DA:404,3
DA:409,0
DA:413,1
DA:416,2
DA:417,2
DA:422,2
LF:144
LH:25
BRDA:13,0,0,1
BRDA:15,1,0,7
BRDA:15,1,1,7
BRDA:16,2,0,7
BRDA:16,2,1,7
BRDA:19,3,0,7
BRDA:19,3,1,7
BRDA:23,4,0,6
BRDA:23,4,1,1
BRDA:38,5,0,0
BRDA:47,6,0,0
BRDA:47,6,1,0
BRDA:62,7,0,0
BRDA:62,7,1,0
BRDA:66,8,0,0
BRDA:66,8,1,0
BRDA:70,9,0,0
BRDA:70,9,1,0
BRDA:81,10,0,0
BRDA:81,10,1,0
BRDA:82,11,0,0
BRDA:82,11,1,0
BRDA:83,12,0,0
BRDA:83,12,1,0
BRDA:84,13,0,0
BRDA:84,13,1,0
BRDA:123,14,0,0
BRDA:123,14,1,0
BRDA:157,15,0,0
BRDA:159,16,0,0
BRDA:159,16,1,0
BRDA:164,17,0,0
BRDA:164,17,1,0
BRDA:233,18,0,0
BRDA:233,18,1,0
BRDA:263,19,0,0
BRDA:265,20,0,0
BRDA:265,20,1,0
BRDA:270,21,0,0
BRDA:270,21,1,0
BRDA:316,22,0,0
BRDA:316,22,1,0
BRDA:320,23,0,0
BRDA:320,23,1,0
BRDA:326,24,0,0
BRDA:372,25,0,1
BRDA:372,25,1,0
BRDA:376,26,0,0
BRDA:376,26,1,0
BRDA:377,27,0,0
BRDA:377,27,1,0
BRDA:396,28,0,1
BRDA:396,28,1,2
BRDA:404,29,0,3
BRDA:404,29,1,3
BRDA:416,30,0,1
BRDA:416,30,1,0
BRDA:417,31,0,1
BRDA:417,31,1,0
BRF:59
BRH:16
end_of_record
TN:
SF:src\vision\patternRecognition.js
FN:8,(anonymous_0)
FN:16,(anonymous_1)
FN:24,(anonymous_2)
FN:64,(anonymous_3)
FN:74,(anonymous_4)
FN:81,(anonymous_5)
FN:83,(anonymous_6)
FN:93,(anonymous_7)
FN:101,(anonymous_8)
FN:119,(anonymous_9)
FN:131,(anonymous_10)
FN:145,(anonymous_11)
FN:146,(anonymous_12)
FN:147,(anonymous_13)
FN:153,(anonymous_14)
FN:165,(anonymous_15)
FN:186,(anonymous_16)
FN:200,(anonymous_17)
FN:218,(anonymous_18)
FN:243,(anonymous_19)
FN:250,(anonymous_20)
FN:266,(anonymous_21)
FN:275,(anonymous_22)
FN:279,(anonymous_23)
FN:283,(anonymous_24)
FN:294,(anonymous_25)
FN:297,(anonymous_26)
FN:298,(anonymous_27)
FN:305,(anonymous_28)
FN:314,(anonymous_29)
FN:327,(anonymous_30)
FN:334,(anonymous_31)
FN:342,(anonymous_32)
FN:352,(anonymous_33)
FN:376,(anonymous_34)
FN:381,(anonymous_35)
FNF:36
FNH:0
FNDA:0,(anonymous_0)
FNDA:0,(anonymous_1)
FNDA:0,(anonymous_2)
FNDA:0,(anonymous_3)
FNDA:0,(anonymous_4)
FNDA:0,(anonymous_5)
FNDA:0,(anonymous_6)
FNDA:0,(anonymous_7)
FNDA:0,(anonymous_8)
FNDA:0,(anonymous_9)
FNDA:0,(anonymous_10)
FNDA:0,(anonymous_11)
FNDA:0,(anonymous_12)
FNDA:0,(anonymous_13)
FNDA:0,(anonymous_14)
FNDA:0,(anonymous_15)
FNDA:0,(anonymous_16)
FNDA:0,(anonymous_17)
FNDA:0,(anonymous_18)
FNDA:0,(anonymous_19)
FNDA:0,(anonymous_20)
FNDA:0,(anonymous_21)
FNDA:0,(anonymous_22)
FNDA:0,(anonymous_23)
FNDA:0,(anonymous_24)
FNDA:0,(anonymous_25)
FNDA:0,(anonymous_26)
FNDA:0,(anonymous_27)
FNDA:0,(anonymous_28)
FNDA:0,(anonymous_29)
FNDA:0,(anonymous_30)
FNDA:0,(anonymous_31)
FNDA:0,(anonymous_32)
FNDA:0,(anonymous_33)
FNDA:0,(anonymous_34)
FNDA:0,(anonymous_35)
DA:9,0
DA:10,0
DA:11,0
DA:12,0
DA:13,0
DA:17,0
DA:18,0
DA:25,0
DA:38,0
DA:39,0
DA:40,0
DA:41,0
DA:42,0
DA:44,0
DA:48,0
DA:49,0
DA:53,0
DA:56,0
DA:58,0
DA:65,0
DA:66,0
DA:69,0
DA:70,0
DA:74,0
DA:75,0
DA:77,0
DA:80,0
DA:81,0
DA:82,0
DA:83,0
DA:88,0
DA:93,0
DA:94,0
DA:102,0
DA:105,0
DA:106,0
DA:107,0
DA:109,0
DA:110,0
DA:112,0
DA:116,0
DA:117,0
DA:118,0
DA:119,0
DA:120,0
DA:121,0
DA:122,0
DA:132,0
DA:146,0
DA:147,0
DA:149,0
DA:153,0
DA:166,0
DA:167,0
DA:169,0
DA:170,0
DA:172,0
DA:173,0
DA:175,0
DA:176,0
DA:180,0
DA:187,0
DA:188,0
DA:190,0
DA:191,0
DA:194,0
DA:201,0
DA:204,0
DA:205,0
DA:209,0
DA:212,0
DA:219,0
DA:220,0
DA:222,0
DA:223,0
DA:225,0
DA:226,0
DA:228,0
DA:229,0
DA:231,0
DA:232,0
DA:234,0
DA:235,0
DA:237,0
DA:244,0
DA:245,0
DA:246,0
DA:249,0
DA:250,0
DA:251,0
DA:255,0
DA:256,0
DA:257,0
DA:259,0
DA:267,0
DA:268,0
DA:269,0
DA:271,0
DA:276,0
DA:280,0
DA:284,0
DA:285,0
DA:287,0
DA:288,0
DA:289,0
DA:290,0
DA:291,0
DA:295,0
DA:297,0
DA:298,0
DA:300,0
DA:301,0
DA:302,0
DA:306,0
DA:307,0
DA:309,0
DA:310,0
DA:311,0
DA:316,0
DA:317,0
DA:318,0
DA:319,0
DA:320,0
DA:321,0
DA:322,0
DA:324,0
DA:328,0
DA:335,0
DA:337,0
DA:338,0
DA:339,0
DA:340,0
DA:342,0
DA:343,0
DA:344,0
DA:345,0
DA:348,0
DA:353,0
DA:355,0
DA:356,0
DA:361,0
DA:369,0
DA:377,0
DA:381,0
DA:386,1
LF:145
LH:1
BRDA:30,0,0,0
BRDA:30,0,1,0
BRDA:31,1,0,0
BRDA:31,1,1,0
BRDA:39,2,0,0
BRDA:39,2,1,0
BRDA:48,3,0,0
BRDA:48,3,1,0
BRDA:69,4,0,0
BRDA:69,4,1,0
BRDA:82,5,0,0
BRDA:82,5,1,0
BRDA:94,6,0,0
BRDA:94,6,1,0
BRDA:94,7,0,0
BRDA:94,7,1,0
BRDA:94,8,0,0
BRDA:94,8,1,0
BRDA:94,9,0,0
BRDA:94,9,1,0
BRDA:109,10,0,0
BRDA:109,10,1,0
BRDA:118,11,0,0
BRDA:118,11,1,0
BRDA:120,12,0,0
BRDA:120,12,1,0
BRDA:146,13,0,0
BRDA:146,13,1,0
BRDA:170,14,0,0
BRDA:170,14,1,0
BRDA:175,15,0,0
BRDA:175,15,1,0
BRDA:191,16,0,0
BRDA:191,16,1,0
BRDA:201,17,0,0
BRDA:201,17,1,0
BRDA:204,18,0,0
BRDA:204,18,1,0
BRDA:204,19,0,0
BRDA:204,19,1,0
BRDA:222,20,0,0
BRDA:222,20,1,0
BRDA:225,21,0,0
BRDA:225,21,1,0
BRDA:228,22,0,0
BRDA:228,22,1,0
BRDA:231,23,0,0
BRDA:231,23,1,0
BRDA:234,24,0,0
BRDA:234,24,1,0
BRDA:245,25,0,0
BRDA:245,25,1,0
BRDA:251,26,0,0
BRDA:251,26,1,0
BRDA:255,27,0,0
BRDA:255,27,1,0
BRDA:284,28,0,0
BRDA:284,28,1,0
BRDA:285,29,0,0
BRDA:285,30,0,0
BRDA:287,31,0,0
BRDA:287,31,1,0
BRDA:288,32,0,0
BRDA:288,32,1,0
BRDA:289,33,0,0
BRDA:289,33,1,0
BRDA:290,34,0,0
BRDA:290,34,1,0
BRDA:295,35,0,0
BRDA:295,35,1,0
BRDA:295,36,0,0
BRDA:295,36,1,0
BRDA:300,37,0,0
BRDA:300,37,1,0
BRDA:300,38,0,0
BRDA:300,38,1,0
BRDA:301,39,0,0
BRDA:301,39,1,0
BRDA:301,40,0,0
BRDA:301,40,1,0
BRDA:306,41,0,0
BRDA:306,41,1,0
BRDA:307,42,0,0
BRDA:307,42,1,0
BRDA:307,43,0,0
BRDA:307,43,1,0
BRDA:309,44,0,0
BRDA:309,44,1,0
BRDA:310,45,0,0
BRDA:310,45,1,0
BRDA:316,46,0,0
BRDA:316,46,1,0
BRDA:335,47,0,0
BRDA:335,47,1,0
BRDA:353,48,0,0
BRDA:353,48,1,0
BRDA:381,49,0,0
BRDA:381,49,1,0
BRDA:381,50,0,0
BRDA:381,50,1,0
BRF:100
BRH:0
end_of_record
